Analysis & Synthesis report for lcd_12864b_top
Tue Nov 16 18:15:06 2021
Quartus Prime Version 18.0.0 Build 614 04/24/2018 SJ Lite Edition


---------------------
; Table of Contents ;
---------------------
  1. Legal Notice
  2. Analysis & Synthesis Summary
  3. Analysis & Synthesis Settings
  4. Parallel Compilation
  5. Analysis & Synthesis Source Files Read
  6. Analysis & Synthesis Resource Usage Summary
  7. Analysis & Synthesis Resource Utilization by Entity
  8. Analysis & Synthesis IP Cores Summary
  9. Registers Removed During Synthesis
 10. Removed Registers Triggering Further Register Optimizations
 11. General Register Statistics
 12. Inverted Register Statistics
 13. Multiplexer Restructuring Statistics (Restructuring Performed)
 14. Parameter Settings for User Entity Instance: pll_osc:pll_inst|altpll:altpll_component
 15. Parameter Settings for User Entity Instance: counter:counter_inst|lpm_counter:LPM_COUNTER_component
 16. Parameter Settings for User Entity Instance: lcd_12864b:lcd_12864b_inst
 17. Parameter Settings for User Entity Instance: lcd_12864b:lcd_12864b_inst|queue:queue_inst
 18. altpll Parameter Settings by Entity Instance
 19. Port Connectivity Checks: "counter:counter_inst"
 20. Post-Synthesis Netlist Statistics for Top Partition
 21. Elapsed Time Per Partition
 22. Analysis & Synthesis Messages
 23. Analysis & Synthesis Suppressed Messages



----------------
; Legal Notice ;
----------------
Copyright (C) 2018  Intel Corporation. All rights reserved.
Your use of Intel Corporation's design tools, logic functions 
and other software and tools, and its AMPP partner logic 
functions, and any output files from any of the foregoing 
(including device programming or simulation files), and any 
associated documentation or information are expressly subject 
to the terms and conditions of the Intel Program License 
Subscription Agreement, the Intel Quartus Prime License Agreement,
the Intel FPGA IP License Agreement, or other applicable license
agreement, including, without limitation, that your use is for
the sole purpose of programming logic devices manufactured by
Intel and sold by Intel or its authorized distributors.  Please
refer to the applicable agreement for further details.



+----------------------------------------------------------------------------------+
; Analysis & Synthesis Summary                                                     ;
+------------------------------------+---------------------------------------------+
; Analysis & Synthesis Status        ; Successful - Tue Nov 16 18:15:06 2021       ;
; Quartus Prime Version              ; 18.0.0 Build 614 04/24/2018 SJ Lite Edition ;
; Revision Name                      ; lcd_12864b_top                              ;
; Top-level Entity Name              ; lcd_12864b_top                              ;
; Family                             ; Cyclone IV E                                ;
; Total logic elements               ; 427                                         ;
;     Total combinational functions  ; 354                                         ;
;     Dedicated logic registers      ; 260                                         ;
; Total registers                    ; 260                                         ;
; Total pins                         ; 12                                          ;
; Total virtual pins                 ; 0                                           ;
; Total memory bits                  ; 0                                           ;
; Embedded Multiplier 9-bit elements ; 0                                           ;
; Total PLLs                         ; 1                                           ;
+------------------------------------+---------------------------------------------+


+------------------------------------------------------------------------------------------------------------+
; Analysis & Synthesis Settings                                                                              ;
+------------------------------------------------------------------+--------------------+--------------------+
; Option                                                           ; Setting            ; Default Value      ;
+------------------------------------------------------------------+--------------------+--------------------+
; Device                                                           ; EP4CE6E22C8        ;                    ;
; Top-level entity name                                            ; lcd_12864b_top     ; lcd_12864b_top     ;
; Family name                                                      ; Cyclone IV E       ; Cyclone V          ;
; Maximum processors allowed for parallel compilation              ; All                ;                    ;
; Use smart compilation                                            ; Off                ; Off                ;
; Enable parallel Assembler and Timing Analyzer during compilation ; On                 ; On                 ;
; Enable compact report table                                      ; Off                ; Off                ;
; Restructure Multiplexers                                         ; Auto               ; Auto               ;
; Create Debugging Nodes for IP Cores                              ; Off                ; Off                ;
; Preserve fewer node names                                        ; On                 ; On                 ;
; Intel FPGA IP Evaluation Mode                                    ; Enable             ; Enable             ;
; Verilog Version                                                  ; Verilog_2001       ; Verilog_2001       ;
; VHDL Version                                                     ; VHDL_1993          ; VHDL_1993          ;
; State Machine Processing                                         ; Auto               ; Auto               ;
; Safe State Machine                                               ; Off                ; Off                ;
; Extract Verilog State Machines                                   ; On                 ; On                 ;
; Extract VHDL State Machines                                      ; On                 ; On                 ;
; Ignore Verilog initial constructs                                ; Off                ; Off                ;
; Iteration limit for constant Verilog loops                       ; 5000               ; 5000               ;
; Iteration limit for non-constant Verilog loops                   ; 250                ; 250                ;
; Add Pass-Through Logic to Inferred RAMs                          ; On                 ; On                 ;
; Infer RAMs from Raw Logic                                        ; On                 ; On                 ;
; Parallel Synthesis                                               ; On                 ; On                 ;
; DSP Block Balancing                                              ; Auto               ; Auto               ;
; NOT Gate Push-Back                                               ; On                 ; On                 ;
; Power-Up Don't Care                                              ; On                 ; On                 ;
; Remove Redundant Logic Cells                                     ; Off                ; Off                ;
; Remove Duplicate Registers                                       ; On                 ; On                 ;
; Ignore CARRY Buffers                                             ; Off                ; Off                ;
; Ignore CASCADE Buffers                                           ; Off                ; Off                ;
; Ignore GLOBAL Buffers                                            ; Off                ; Off                ;
; Ignore ROW GLOBAL Buffers                                        ; Off                ; Off                ;
; Ignore LCELL Buffers                                             ; Off                ; Off                ;
; Ignore SOFT Buffers                                              ; On                 ; On                 ;
; Limit AHDL Integers to 32 Bits                                   ; Off                ; Off                ;
; Optimization Technique                                           ; Balanced           ; Balanced           ;
; Carry Chain Length                                               ; 70                 ; 70                 ;
; Auto Carry Chains                                                ; On                 ; On                 ;
; Auto Open-Drain Pins                                             ; On                 ; On                 ;
; Perform WYSIWYG Primitive Resynthesis                            ; Off                ; Off                ;
; Auto ROM Replacement                                             ; On                 ; On                 ;
; Auto RAM Replacement                                             ; On                 ; On                 ;
; Auto DSP Block Replacement                                       ; On                 ; On                 ;
; Auto Shift Register Replacement                                  ; Auto               ; Auto               ;
; Allow Shift Register Merging across Hierarchies                  ; Auto               ; Auto               ;
; Auto Clock Enable Replacement                                    ; On                 ; On                 ;
; Strict RAM Replacement                                           ; Off                ; Off                ;
; Allow Synchronous Control Signals                                ; On                 ; On                 ;
; Force Use of Synchronous Clear Signals                           ; Off                ; Off                ;
; Auto RAM Block Balancing                                         ; On                 ; On                 ;
; Auto RAM to Logic Cell Conversion                                ; Off                ; Off                ;
; Auto Resource Sharing                                            ; Off                ; Off                ;
; Allow Any RAM Size For Recognition                               ; Off                ; Off                ;
; Allow Any ROM Size For Recognition                               ; Off                ; Off                ;
; Allow Any Shift Register Size For Recognition                    ; Off                ; Off                ;
; Use LogicLock Constraints during Resource Balancing              ; On                 ; On                 ;
; Ignore translate_off and synthesis_off directives                ; Off                ; Off                ;
; Timing-Driven Synthesis                                          ; On                 ; On                 ;
; Report Parameter Settings                                        ; On                 ; On                 ;
; Report Source Assignments                                        ; On                 ; On                 ;
; Report Connectivity Checks                                       ; On                 ; On                 ;
; Ignore Maximum Fan-Out Assignments                               ; Off                ; Off                ;
; Synchronization Register Chain Length                            ; 2                  ; 2                  ;
; Power Optimization During Synthesis                              ; Normal compilation ; Normal compilation ;
; HDL message level                                                ; Level2             ; Level2             ;
; Suppress Register Optimization Related Messages                  ; Off                ; Off                ;
; Number of Removed Registers Reported in Synthesis Report         ; 5000               ; 5000               ;
; Number of Swept Nodes Reported in Synthesis Report               ; 5000               ; 5000               ;
; Number of Inverted Registers Reported in Synthesis Report        ; 100                ; 100                ;
; Clock MUX Protection                                             ; On                 ; On                 ;
; Auto Gated Clock Conversion                                      ; Off                ; Off                ;
; Block Design Naming                                              ; Auto               ; Auto               ;
; SDC constraint protection                                        ; Off                ; Off                ;
; Synthesis Effort                                                 ; Auto               ; Auto               ;
; Shift Register Replacement - Allow Asynchronous Clear Signal     ; On                 ; On                 ;
; Pre-Mapping Resynthesis Optimization                             ; Off                ; Off                ;
; Analysis & Synthesis Message Level                               ; Medium             ; Medium             ;
; Disable Register Merging Across Hierarchies                      ; Auto               ; Auto               ;
; Resource Aware Inference For Block RAM                           ; On                 ; On                 ;
+------------------------------------------------------------------+--------------------+--------------------+


+------------------------------------------+
; Parallel Compilation                     ;
+----------------------------+-------------+
; Processors                 ; Number      ;
+----------------------------+-------------+
; Number detected on machine ; 4           ;
; Maximum allowed            ; 4           ;
;                            ;             ;
; Average used               ; 1.00        ;
; Maximum used               ; 4           ;
;                            ;             ;
; Usage by Processor         ; % Time Used ;
;     Processor 1            ; 100.0%      ;
;     Processor 2            ;   0.0%      ;
;     Processors 3-4         ;   0.0%      ;
+----------------------------+-------------+


+------------------------------------------------------------------------------------------------------------------------------------------------------------------------------+
; Analysis & Synthesis Source Files Read                                                                                                                                       ;
+----------------------------------+-----------------+------------------------------+--------------------------------------------------------------------------------+---------+
; File Name with User-Entered Path ; Used in Netlist ; File Type                    ; File Name with Absolute Path                                                   ; Library ;
+----------------------------------+-----------------+------------------------------+--------------------------------------------------------------------------------+---------+
; lcd_12864b_top.sv                ; yes             ; User SystemVerilog HDL File  ; C:/Projects/lcd_12864b/lcd_12864b_top.sv                                       ;         ;
; lcd_12864b.sv                    ; yes             ; User SystemVerilog HDL File  ; C:/Projects/lcd_12864b/lcd_12864b.sv                                           ;         ;
; type.h                           ; yes             ; User File                    ; C:/Projects/lcd_12864b/type.h                                                  ;         ;
; queue.sv                         ; yes             ; User SystemVerilog HDL File  ; C:/Projects/lcd_12864b/queue.sv                                                ;         ;
; pll_osc.v                        ; yes             ; User Wizard-Generated File   ; C:/Projects/lcd_12864b/pll_osc.v                                               ;         ;
; counter.v                        ; yes             ; User Wizard-Generated File   ; C:/Projects/lcd_12864b/counter.v                                               ;         ;
; altpll.tdf                       ; yes             ; Megafunction                 ; c:/intelfpga_lite/18.0/quartus/libraries/megafunctions/altpll.tdf              ;         ;
; aglobal180.inc                   ; yes             ; Megafunction                 ; c:/intelfpga_lite/18.0/quartus/libraries/megafunctions/aglobal180.inc          ;         ;
; stratix_pll.inc                  ; yes             ; Megafunction                 ; c:/intelfpga_lite/18.0/quartus/libraries/megafunctions/stratix_pll.inc         ;         ;
; stratixii_pll.inc                ; yes             ; Megafunction                 ; c:/intelfpga_lite/18.0/quartus/libraries/megafunctions/stratixii_pll.inc       ;         ;
; cycloneii_pll.inc                ; yes             ; Megafunction                 ; c:/intelfpga_lite/18.0/quartus/libraries/megafunctions/cycloneii_pll.inc       ;         ;
; db/pll_osc_altpll.v              ; yes             ; Auto-Generated Megafunction  ; C:/Projects/lcd_12864b/db/pll_osc_altpll.v                                     ;         ;
; lpm_counter.tdf                  ; yes             ; Megafunction                 ; c:/intelfpga_lite/18.0/quartus/libraries/megafunctions/lpm_counter.tdf         ;         ;
; lpm_constant.inc                 ; yes             ; Megafunction                 ; c:/intelfpga_lite/18.0/quartus/libraries/megafunctions/lpm_constant.inc        ;         ;
; lpm_decode.inc                   ; yes             ; Megafunction                 ; c:/intelfpga_lite/18.0/quartus/libraries/megafunctions/lpm_decode.inc          ;         ;
; lpm_add_sub.inc                  ; yes             ; Megafunction                 ; c:/intelfpga_lite/18.0/quartus/libraries/megafunctions/lpm_add_sub.inc         ;         ;
; cmpconst.inc                     ; yes             ; Megafunction                 ; c:/intelfpga_lite/18.0/quartus/libraries/megafunctions/cmpconst.inc            ;         ;
; lpm_compare.inc                  ; yes             ; Megafunction                 ; c:/intelfpga_lite/18.0/quartus/libraries/megafunctions/lpm_compare.inc         ;         ;
; lpm_counter.inc                  ; yes             ; Megafunction                 ; c:/intelfpga_lite/18.0/quartus/libraries/megafunctions/lpm_counter.inc         ;         ;
; dffeea.inc                       ; yes             ; Megafunction                 ; c:/intelfpga_lite/18.0/quartus/libraries/megafunctions/dffeea.inc              ;         ;
; alt_counter_stratix.inc          ; yes             ; Megafunction                 ; c:/intelfpga_lite/18.0/quartus/libraries/megafunctions/alt_counter_stratix.inc ;         ;
; db/cntr_9ph.tdf                  ; yes             ; Auto-Generated Megafunction  ; C:/Projects/lcd_12864b/db/cntr_9ph.tdf                                         ;         ;
+----------------------------------+-----------------+------------------------------+--------------------------------------------------------------------------------+---------+


+-------------------------------------------------------------------------------------------------------------------------------------------------+
; Analysis & Synthesis Resource Usage Summary                                                                                                     ;
+---------------------------------------------+---------------------------------------------------------------------------------------------------+
; Resource                                    ; Usage                                                                                             ;
+---------------------------------------------+---------------------------------------------------------------------------------------------------+
; Estimated Total logic elements              ; 427                                                                                               ;
;                                             ;                                                                                                   ;
; Total combinational functions               ; 354                                                                                               ;
; Logic element usage by number of LUT inputs ;                                                                                                   ;
;     -- 4 input functions                    ; 157                                                                                               ;
;     -- 3 input functions                    ; 44                                                                                                ;
;     -- <=2 input functions                  ; 153                                                                                               ;
;                                             ;                                                                                                   ;
; Logic elements by mode                      ;                                                                                                   ;
;     -- normal mode                          ; 214                                                                                               ;
;     -- arithmetic mode                      ; 140                                                                                               ;
;                                             ;                                                                                                   ;
; Total registers                             ; 260                                                                                               ;
;     -- Dedicated logic registers            ; 260                                                                                               ;
;     -- I/O registers                        ; 0                                                                                                 ;
;                                             ;                                                                                                   ;
; I/O pins                                    ; 12                                                                                                ;
;                                             ;                                                                                                   ;
; Embedded Multiplier 9-bit elements          ; 0                                                                                                 ;
;                                             ;                                                                                                   ;
; Total PLLs                                  ; 1                                                                                                 ;
;     -- PLLs                                 ; 1                                                                                                 ;
;                                             ;                                                                                                   ;
; Maximum fan-out node                        ; counter:counter_inst|lpm_counter:LPM_COUNTER_component|cntr_9ph:auto_generated|counter_reg_bit[2] ;
; Maximum fan-out                             ; 258                                                                                               ;
; Total fan-out                               ; 1907                                                                                              ;
; Average fan-out                             ; 2.98                                                                                              ;
+---------------------------------------------+---------------------------------------------------------------------------------------------------+


+-------------------------------------------------------------------------------------------------------------------------------------------------------------------------------------------------------------------------------------------------------------------------------------------------------+
; Analysis & Synthesis Resource Utilization by Entity                                                                                                                                                                                                                                                   ;
+-------------------------------------------+---------------------+---------------------------+-------------+--------------+---------+-----------+------+--------------+------------------------------------------------------------------------------------------------+----------------+--------------+
; Compilation Hierarchy Node                ; Combinational ALUTs ; Dedicated Logic Registers ; Memory Bits ; DSP Elements ; DSP 9x9 ; DSP 18x18 ; Pins ; Virtual Pins ; Full Hierarchy Name                                                                            ; Entity Name    ; Library Name ;
+-------------------------------------------+---------------------+---------------------------+-------------+--------------+---------+-----------+------+--------------+------------------------------------------------------------------------------------------------+----------------+--------------+
; |lcd_12864b_top                           ; 354 (187)           ; 260 (131)                 ; 0           ; 0            ; 0       ; 0         ; 12   ; 0            ; |lcd_12864b_top                                                                                ; lcd_12864b_top ; work         ;
;    |counter:counter_inst|                 ; 3 (0)               ; 3 (0)                     ; 0           ; 0            ; 0       ; 0         ; 0    ; 0            ; |lcd_12864b_top|counter:counter_inst                                                           ; counter        ; work         ;
;       |lpm_counter:LPM_COUNTER_component| ; 3 (0)               ; 3 (0)                     ; 0           ; 0            ; 0       ; 0         ; 0    ; 0            ; |lcd_12864b_top|counter:counter_inst|lpm_counter:LPM_COUNTER_component                         ; lpm_counter    ; work         ;
;          |cntr_9ph:auto_generated|        ; 3 (3)               ; 3 (3)                     ; 0           ; 0            ; 0       ; 0         ; 0    ; 0            ; |lcd_12864b_top|counter:counter_inst|lpm_counter:LPM_COUNTER_component|cntr_9ph:auto_generated ; cntr_9ph       ; work         ;
;    |lcd_12864b:lcd_12864b_inst|           ; 164 (89)            ; 126 (39)                  ; 0           ; 0            ; 0       ; 0         ; 0    ; 0            ; |lcd_12864b_top|lcd_12864b:lcd_12864b_inst                                                     ; lcd_12864b     ; work         ;
;       |queue:queue_inst|                  ; 75 (75)             ; 87 (87)                   ; 0           ; 0            ; 0       ; 0         ; 0    ; 0            ; |lcd_12864b_top|lcd_12864b:lcd_12864b_inst|queue:queue_inst                                    ; queue          ; work         ;
;    |pll_osc:pll_inst|                     ; 0 (0)               ; 0 (0)                     ; 0           ; 0            ; 0       ; 0         ; 0    ; 0            ; |lcd_12864b_top|pll_osc:pll_inst                                                               ; pll_osc        ; work         ;
;       |altpll:altpll_component|           ; 0 (0)               ; 0 (0)                     ; 0           ; 0            ; 0       ; 0         ; 0    ; 0            ; |lcd_12864b_top|pll_osc:pll_inst|altpll:altpll_component                                       ; altpll         ; work         ;
;          |pll_osc_altpll:auto_generated|  ; 0 (0)               ; 0 (0)                     ; 0           ; 0            ; 0       ; 0         ; 0    ; 0            ; |lcd_12864b_top|pll_osc:pll_inst|altpll:altpll_component|pll_osc_altpll:auto_generated         ; pll_osc_altpll ; work         ;
+-------------------------------------------+---------------------+---------------------------+-------------+--------------+---------+-----------+------+--------------+------------------------------------------------------------------------------------------------+----------------+--------------+
Note: For table entries with two numbers listed, the numbers in parentheses indicate the number of resources of the given type used by the specific entity alone. The numbers listed outside of parentheses indicate the total resources of the given type used by the specific entity and all of its sub-entities in the hierarchy.


+------------------------------------------------------------------------------------------------------------------------+
; Analysis & Synthesis IP Cores Summary                                                                                  ;
+--------+--------------+---------+--------------+--------------+--------------------------------------+-----------------+
; Vendor ; IP Core Name ; Version ; Release Date ; License Type ; Entity Instance                      ; IP Include File ;
+--------+--------------+---------+--------------+--------------+--------------------------------------+-----------------+
; Altera ; LPM_COUNTER  ; 18.0    ; N/A          ; N/A          ; |lcd_12864b_top|counter:counter_inst ; counter.v       ;
; Altera ; ALTPLL       ; 18.0    ; N/A          ; N/A          ; |lcd_12864b_top|pll_osc:pll_inst     ; pll_osc.v       ;
+--------+--------------+---------+--------------+--------------+--------------------------------------+-----------------+


+-------------------------------------------------------------------------------------------+
; Registers Removed During Synthesis                                                        ;
+-----------------------------------------+-------------------------------------------------+
; Register name                           ; Reason for Removal                              ;
+-----------------------------------------+-------------------------------------------------+
; lcd_data[4][7]                          ; Stuck at GND due to stuck port data_in          ;
; lcd_data[3][7]                          ; Stuck at GND due to stuck port data_in          ;
; lcd_data[2][7]                          ; Stuck at GND due to stuck port data_in          ;
; lcd_data[1][7]                          ; Stuck at GND due to stuck port data_in          ;
; state_lcd[2..31]                        ; Merged with state_lcd[1]                        ;
; lcd_12864b:lcd_12864b_inst|state[4..31] ; Merged with lcd_12864b:lcd_12864b_inst|state[3] ;
; n[4]                                    ; Merged with cmd                                 ;
; n[1,3,5..9,11..31]                      ; Merged with n[10]                               ;
; state_data[2..31]                       ; Merged with n[10]                               ;
; lcd_data[11][7]                         ; Merged with lcd_data[10][7]                     ;
; lcd_data[12][7]                         ; Merged with lcd_data[10][7]                     ;
; lcd_data[13][7]                         ; Merged with lcd_data[10][7]                     ;
; lcd_data[14][7]                         ; Merged with lcd_data[10][7]                     ;
; lcd_data[15][7]                         ; Merged with lcd_data[10][7]                     ;
; lcd_data[5][7]                          ; Merged with lcd_data[10][7]                     ;
; lcd_data[6][7]                          ; Merged with lcd_data[10][7]                     ;
; lcd_data[7][7]                          ; Merged with lcd_data[10][7]                     ;
; lcd_data[8][7]                          ; Merged with lcd_data[10][7]                     ;
; lcd_data[9][7]                          ; Merged with lcd_data[10][7]                     ;
; lcd_12864b:lcd_12864b_inst|state[3]     ; Stuck at GND due to stuck port data_in          ;
; ascii[0]                                ; Stuck at GND due to stuck port data_in          ;
; lcd_data[15][0]                         ; Stuck at VCC due to stuck port data_in          ;
; lcd_data[13][0]                         ; Stuck at VCC due to stuck port data_in          ;
; lcd_data[11][0]                         ; Stuck at VCC due to stuck port data_in          ;
; lcd_data[9][0]                          ; Stuck at VCC due to stuck port data_in          ;
; lcd_data[7][0]                          ; Stuck at VCC due to stuck port data_in          ;
; lcd_data[5][0]                          ; Stuck at VCC due to stuck port data_in          ;
; lcd_data[4][0]                          ; Stuck at GND due to stuck port data_in          ;
; lcd_data[3][0]                          ; Stuck at VCC due to stuck port data_in          ;
; lcd_data[2][0]                          ; Stuck at GND due to stuck port data_in          ;
; ascii[1]                                ; Stuck at GND due to stuck port data_in          ;
; lcd_data[15][1]                         ; Stuck at VCC due to stuck port data_in          ;
; lcd_data[14][1]                         ; Stuck at VCC due to stuck port data_in          ;
; lcd_data[11][1]                         ; Stuck at VCC due to stuck port data_in          ;
; lcd_data[10][1]                         ; Stuck at VCC due to stuck port data_in          ;
; lcd_data[7][1]                          ; Stuck at VCC due to stuck port data_in          ;
; lcd_data[6][1]                          ; Stuck at VCC due to stuck port data_in          ;
; lcd_data[1][1]                          ; Stuck at GND due to stuck port data_in          ;
; ascii[2]                                ; Stuck at GND due to stuck port data_in          ;
; lcd_data[15][2]                         ; Stuck at VCC due to stuck port data_in          ;
; lcd_data[14][2]                         ; Stuck at VCC due to stuck port data_in          ;
; lcd_data[13][2]                         ; Stuck at VCC due to stuck port data_in          ;
; lcd_data[12][2]                         ; Stuck at VCC due to stuck port data_in          ;
; lcd_data[7][2]                          ; Stuck at VCC due to stuck port data_in          ;
; lcd_data[6][2]                          ; Stuck at VCC due to stuck port data_in          ;
; lcd_data[5][2]                          ; Stuck at VCC due to stuck port data_in          ;
; lcd_data[4][2]                          ; Stuck at VCC due to stuck port data_in          ;
; lcd_data[3][2]                          ; Stuck at GND due to stuck port data_in          ;
; lcd_data[2][2]                          ; Stuck at GND due to stuck port data_in          ;
; ascii[3]                                ; Stuck at GND due to stuck port data_in          ;
; lcd_data[15][3]                         ; Stuck at VCC due to stuck port data_in          ;
; lcd_data[14][3]                         ; Stuck at VCC due to stuck port data_in          ;
; lcd_data[13][3]                         ; Stuck at VCC due to stuck port data_in          ;
; lcd_data[12][3]                         ; Stuck at VCC due to stuck port data_in          ;
; lcd_data[11][3]                         ; Stuck at VCC due to stuck port data_in          ;
; lcd_data[10][3]                         ; Stuck at VCC due to stuck port data_in          ;
; lcd_data[9][3]                          ; Stuck at VCC due to stuck port data_in          ;
; lcd_data[8][3]                          ; Stuck at VCC due to stuck port data_in          ;
; lcd_data[4][3]                          ; Stuck at GND due to stuck port data_in          ;
; lcd_data[3][3]                          ; Stuck at GND due to stuck port data_in          ;
; lcd_data[2][3]                          ; Stuck at GND due to stuck port data_in          ;
; lcd_data[1][3]                          ; Merged with lcd_data[1][2]                      ;
; lcd_data[1][2]                          ; Merged with lcd_data[4][1]                      ;
; lcd_data[4][1]                          ; Merged with lcd_data[5][3]                      ;
; lcd_data[5][3]                          ; Merged with lcd_data[5][1]                      ;
; lcd_data[5][1]                          ; Merged with lcd_data[6][3]                      ;
; lcd_data[6][3]                          ; Merged with lcd_data[6][0]                      ;
; lcd_data[6][0]                          ; Merged with lcd_data[7][3]                      ;
; lcd_data[7][3]                          ; Merged with lcd_data[8][2]                      ;
; lcd_data[8][2]                          ; Merged with lcd_data[8][1]                      ;
; lcd_data[8][1]                          ; Merged with lcd_data[8][0]                      ;
; lcd_data[8][0]                          ; Merged with lcd_data[9][2]                      ;
; lcd_data[9][2]                          ; Merged with lcd_data[9][1]                      ;
; lcd_data[9][1]                          ; Merged with lcd_data[10][7]                     ;
; lcd_data[10][7]                         ; Merged with lcd_data[10][2]                     ;
; lcd_data[10][2]                         ; Merged with lcd_data[10][0]                     ;
; lcd_data[10][0]                         ; Merged with lcd_data[11][2]                     ;
; lcd_data[11][2]                         ; Merged with lcd_data[12][1]                     ;
; lcd_data[12][1]                         ; Merged with lcd_data[12][0]                     ;
; lcd_data[12][0]                         ; Merged with lcd_data[13][1]                     ;
; lcd_data[13][1]                         ; Merged with lcd_data[14][0]                     ;
; lcd_data[1][0]                          ; Merged with lcd_data[2][1]                      ;
; lcd_data[2][1]                          ; Merged with lcd_data[3][1]                      ;
; lcd_data[2][4]                          ; Merged with ascii[4]                            ;
; lcd_data[5][4]                          ; Merged with ascii[4]                            ;
; lcd_data[6][4]                          ; Merged with ascii[4]                            ;
; lcd_data[7][4]                          ; Merged with ascii[4]                            ;
; lcd_data[8][4]                          ; Merged with ascii[4]                            ;
; lcd_data[9][4]                          ; Merged with ascii[4]                            ;
; lcd_data[10][4]                         ; Merged with ascii[4]                            ;
; lcd_data[11][4]                         ; Merged with ascii[4]                            ;
; lcd_data[12][4]                         ; Merged with ascii[4]                            ;
; lcd_data[13][4]                         ; Merged with ascii[4]                            ;
; lcd_data[14][4]                         ; Merged with ascii[4]                            ;
; lcd_data[15][4]                         ; Merged with ascii[4]                            ;
; str[0]                                  ; Merged with ascii[4]                            ;
; lcd_data[2][5]                          ; Merged with lcd_data[15][5]                     ;
; lcd_data[5][5]                          ; Merged with lcd_data[15][5]                     ;
; lcd_data[6][5]                          ; Merged with lcd_data[15][5]                     ;
; lcd_data[7][5]                          ; Merged with lcd_data[15][5]                     ;
; lcd_data[8][5]                          ; Merged with lcd_data[15][5]                     ;
; lcd_data[9][5]                          ; Merged with lcd_data[15][5]                     ;
; lcd_data[10][5]                         ; Merged with lcd_data[15][5]                     ;
; lcd_data[11][5]                         ; Merged with lcd_data[15][5]                     ;
; lcd_data[12][5]                         ; Merged with lcd_data[15][5]                     ;
; lcd_data[13][5]                         ; Merged with lcd_data[15][5]                     ;
; lcd_data[14][5]                         ; Merged with lcd_data[15][5]                     ;
; lcd_data[5][6]                          ; Merged with lcd_data[15][6]                     ;
; lcd_data[6][6]                          ; Merged with lcd_data[15][6]                     ;
; lcd_data[7][6]                          ; Merged with lcd_data[15][6]                     ;
; lcd_data[8][6]                          ; Merged with lcd_data[15][6]                     ;
; lcd_data[9][6]                          ; Merged with lcd_data[15][6]                     ;
; lcd_data[10][6]                         ; Merged with lcd_data[15][6]                     ;
; lcd_data[11][6]                         ; Merged with lcd_data[15][6]                     ;
; lcd_data[12][6]                         ; Merged with lcd_data[15][6]                     ;
; lcd_data[13][6]                         ; Merged with lcd_data[15][6]                     ;
; lcd_data[14][6]                         ; Merged with lcd_data[15][6]                     ;
; lcd_data[3][1]                          ; Merged with lcd_data[14][0]                     ;
; lcd_data[1][4]                          ; Merged with lcd_data[4][4]                      ;
; lcd_data[3][4]                          ; Merged with lcd_data[4][4]                      ;
; lcd_data[1][5]                          ; Merged with lcd_data[4][5]                      ;
; lcd_data[3][5]                          ; Merged with lcd_data[4][5]                      ;
; lcd_data[1][6]                          ; Merged with lcd_data[4][6]                      ;
; lcd_data[2][6]                          ; Merged with lcd_data[4][6]                      ;
; lcd_data[3][6]                          ; Merged with lcd_data[4][6]                      ;
; p[0]                                    ; Merged with pWR[0]                              ;
; str[1]                                  ; Merged with ascii[5]                            ;
; state_lcd[1]                            ; Stuck at GND due to stuck port data_in          ;
; lcd_data[0][1]                          ; Stuck at GND due to stuck port data_in          ;
; lcd_data[0][2]                          ; Stuck at GND due to stuck port data_in          ;
; n[10]                                   ; Stuck at GND due to stuck port data_in          ;
; Total Number of Removed Registers = 243 ;                                                 ;
+-----------------------------------------+-------------------------------------------------+


+-----------------------------------------------------------------------------------------------------------------------------------------+
; Removed Registers Triggering Further Register Optimizations                                                                             ;
+---------------+---------------------------+---------------------------------------------------------------------------------------------+
; Register name ; Reason for Removal        ; Registers Removed due to This Register                                                      ;
+---------------+---------------------------+---------------------------------------------------------------------------------------------+
; ascii[1]      ; Stuck at GND              ; lcd_data[10][1], ascii[2], lcd_data[15][2], lcd_data[14][2], lcd_data[13][2],               ;
;               ; due to stuck port data_in ; lcd_data[12][2], lcd_data[7][2], lcd_data[6][2], lcd_data[5][2], lcd_data[4][2],            ;
;               ;                           ; lcd_data[3][2], lcd_data[2][2], lcd_data[15][3], lcd_data[14][3], lcd_data[13][3],          ;
;               ;                           ; lcd_data[12][3], lcd_data[11][3], lcd_data[10][3], lcd_data[9][3], lcd_data[8][3],          ;
;               ;                           ; lcd_data[4][3], lcd_data[0][1], lcd_data[0][2]                                              ;
; ascii[0]      ; Stuck at GND              ; lcd_data[15][0], lcd_data[13][0], lcd_data[11][0], lcd_data[9][0], lcd_data[7][0],          ;
;               ; due to stuck port data_in ; lcd_data[5][0], lcd_data[4][0], lcd_data[3][0], lcd_data[2][0], lcd_data[15][1],            ;
;               ;                           ; lcd_data[14][1], lcd_data[11][1], lcd_data[7][1], lcd_data[6][1], lcd_data[1][1], ascii[3], ;
;               ;                           ; lcd_data[3][3], lcd_data[2][3]                                                              ;
+---------------+---------------------------+---------------------------------------------------------------------------------------------+


+------------------------------------------------------+
; General Register Statistics                          ;
+----------------------------------------------+-------+
; Statistic                                    ; Value ;
+----------------------------------------------+-------+
; Total registers                              ; 260   ;
; Number of registers using Synchronous Clear  ; 99    ;
; Number of registers using Synchronous Load   ; 33    ;
; Number of registers using Asynchronous Clear ; 0     ;
; Number of registers using Asynchronous Load  ; 0     ;
; Number of registers using Clock Enable       ; 145   ;
; Number of registers using Preset             ; 0     ;
+----------------------------------------------+-------+


+--------------------------------------------------------------+
; Inverted Register Statistics                                 ;
+----------------------------------------------------+---------+
; Inverted Register                                  ; Fan out ;
+----------------------------------------------------+---------+
; lcd_12864b:lcd_12864b_inst|state[0]                ; 8       ;
; lcd_12864b:lcd_12864b_inst|state[1]                ; 8       ;
; lcd_12864b:lcd_12864b_inst|queue:queue_inst|pRD[0] ; 26      ;
; lcd_12864b:lcd_12864b_inst|queue:queue_inst|pRD[1] ; 19      ;
; lcd_12864b:lcd_12864b_inst|queue:queue_inst|pRD[2] ; 2       ;
; pWR[0]                                             ; 15      ;
; lcd_12864b:lcd_12864b_inst|queue:queue_inst|prv[0] ; 1       ;
; n[2]                                               ; 4       ;
; n[0]                                               ; 3       ;
; lcd_data[14][0]                                    ; 7       ;
; lcd_data[0][4]                                     ; 2       ;
; lcd_data[0][5]                                     ; 2       ;
; lcd_data[15][5]                                    ; 1       ;
; lcd_data[15][6]                                    ; 1       ;
; Total number of inverted registers = 14            ;         ;
+----------------------------------------------------+---------+


+-------------------------------------------------------------------------------------------------------------------------------------------------------------------+
; Multiplexer Restructuring Statistics (Restructuring Performed)                                                                                                    ;
+--------------------+-----------+---------------+----------------------+------------------------+------------+-----------------------------------------------------+
; Multiplexer Inputs ; Bus Width ; Baseline Area ; Area if Restructured ; Saving if Restructured ; Registered ; Example Multiplexer Output                          ;
+--------------------+-----------+---------------+----------------------+------------------------+------------+-----------------------------------------------------+
; 3:1                ; 32 bits   ; 64 LEs        ; 32 LEs               ; 32 LEs                 ; Yes        ; |lcd_12864b_top|lcd_12864b:lcd_12864b_inst|delay[9] ;
; 32:1               ; 2 bits    ; 42 LEs        ; 4 LEs                ; 38 LEs                 ; Yes        ; |lcd_12864b_top|buff[5]                             ;
; 5:1                ; 5 bits    ; 15 LEs        ; 10 LEs               ; 5 LEs                  ; Yes        ; |lcd_12864b_top|lcd_data[0][1]                      ;
; 5:1                ; 3 bits    ; 9 LEs         ; 6 LEs                ; 3 LEs                  ; Yes        ; |lcd_12864b_top|state_data[1]                       ;
; 5:1                ; 32 bits   ; 96 LEs        ; 32 LEs               ; 64 LEs                 ; Yes        ; |lcd_12864b_top|delay[20]                           ;
+--------------------+-----------+---------------+----------------------+------------------------+------------+-----------------------------------------------------+


+---------------------------------------------------------------------------------------+
; Parameter Settings for User Entity Instance: pll_osc:pll_inst|altpll:altpll_component ;
+-------------------------------+---------------------------+---------------------------+
; Parameter Name                ; Value                     ; Type                      ;
+-------------------------------+---------------------------+---------------------------+
; OPERATION_MODE                ; NORMAL                    ; Untyped                   ;
; PLL_TYPE                      ; AUTO                      ; Untyped                   ;
; LPM_HINT                      ; CBX_MODULE_PREFIX=pll_osc ; Untyped                   ;
; QUALIFY_CONF_DONE             ; OFF                       ; Untyped                   ;
; COMPENSATE_CLOCK              ; CLK0                      ; Untyped                   ;
; SCAN_CHAIN                    ; LONG                      ; Untyped                   ;
; PRIMARY_CLOCK                 ; INCLK0                    ; Untyped                   ;
; INCLK0_INPUT_FREQUENCY        ; 20000                     ; Signed Integer            ;
; INCLK1_INPUT_FREQUENCY        ; 0                         ; Untyped                   ;
; GATE_LOCK_SIGNAL              ; NO                        ; Untyped                   ;
; GATE_LOCK_COUNTER             ; 0                         ; Untyped                   ;
; LOCK_HIGH                     ; 1                         ; Untyped                   ;
; LOCK_LOW                      ; 1                         ; Untyped                   ;
; VALID_LOCK_MULTIPLIER         ; 1                         ; Untyped                   ;
; INVALID_LOCK_MULTIPLIER       ; 5                         ; Untyped                   ;
; SWITCH_OVER_ON_LOSSCLK        ; OFF                       ; Untyped                   ;
; SWITCH_OVER_ON_GATED_LOCK     ; OFF                       ; Untyped                   ;
; ENABLE_SWITCH_OVER_COUNTER    ; OFF                       ; Untyped                   ;
; SKIP_VCO                      ; OFF                       ; Untyped                   ;
; SWITCH_OVER_COUNTER           ; 0                         ; Untyped                   ;
; SWITCH_OVER_TYPE              ; AUTO                      ; Untyped                   ;
; FEEDBACK_SOURCE               ; EXTCLK0                   ; Untyped                   ;
; BANDWIDTH                     ; 0                         ; Untyped                   ;
; BANDWIDTH_TYPE                ; AUTO                      ; Untyped                   ;
; SPREAD_FREQUENCY              ; 0                         ; Untyped                   ;
; DOWN_SPREAD                   ; 0                         ; Untyped                   ;
; SELF_RESET_ON_GATED_LOSS_LOCK ; OFF                       ; Untyped                   ;
; SELF_RESET_ON_LOSS_LOCK       ; OFF                       ; Untyped                   ;
; CLK9_MULTIPLY_BY              ; 0                         ; Untyped                   ;
; CLK8_MULTIPLY_BY              ; 0                         ; Untyped                   ;
; CLK7_MULTIPLY_BY              ; 0                         ; Untyped                   ;
; CLK6_MULTIPLY_BY              ; 0                         ; Untyped                   ;
; CLK5_MULTIPLY_BY              ; 1                         ; Untyped                   ;
; CLK4_MULTIPLY_BY              ; 1                         ; Untyped                   ;
; CLK3_MULTIPLY_BY              ; 1                         ; Untyped                   ;
; CLK2_MULTIPLY_BY              ; 1                         ; Untyped                   ;
; CLK1_MULTIPLY_BY              ; 1                         ; Untyped                   ;
; CLK0_MULTIPLY_BY              ; 1                         ; Signed Integer            ;
; CLK9_DIVIDE_BY                ; 0                         ; Untyped                   ;
; CLK8_DIVIDE_BY                ; 0                         ; Untyped                   ;
; CLK7_DIVIDE_BY                ; 0                         ; Untyped                   ;
; CLK6_DIVIDE_BY                ; 0                         ; Untyped                   ;
; CLK5_DIVIDE_BY                ; 1                         ; Untyped                   ;
; CLK4_DIVIDE_BY                ; 1                         ; Untyped                   ;
; CLK3_DIVIDE_BY                ; 1                         ; Untyped                   ;
; CLK2_DIVIDE_BY                ; 1                         ; Untyped                   ;
; CLK1_DIVIDE_BY                ; 1                         ; Untyped                   ;
; CLK0_DIVIDE_BY                ; 50                        ; Signed Integer            ;
; CLK9_PHASE_SHIFT              ; 0                         ; Untyped                   ;
; CLK8_PHASE_SHIFT              ; 0                         ; Untyped                   ;
; CLK7_PHASE_SHIFT              ; 0                         ; Untyped                   ;
; CLK6_PHASE_SHIFT              ; 0                         ; Untyped                   ;
; CLK5_PHASE_SHIFT              ; 0                         ; Untyped                   ;
; CLK4_PHASE_SHIFT              ; 0                         ; Untyped                   ;
; CLK3_PHASE_SHIFT              ; 0                         ; Untyped                   ;
; CLK2_PHASE_SHIFT              ; 0                         ; Untyped                   ;
; CLK1_PHASE_SHIFT              ; 0                         ; Untyped                   ;
; CLK0_PHASE_SHIFT              ; 0                         ; Untyped                   ;
; CLK5_TIME_DELAY               ; 0                         ; Untyped                   ;
; CLK4_TIME_DELAY               ; 0                         ; Untyped                   ;
; CLK3_TIME_DELAY               ; 0                         ; Untyped                   ;
; CLK2_TIME_DELAY               ; 0                         ; Untyped                   ;
; CLK1_TIME_DELAY               ; 0                         ; Untyped                   ;
; CLK0_TIME_DELAY               ; 0                         ; Untyped                   ;
; CLK9_DUTY_CYCLE               ; 50                        ; Untyped                   ;
; CLK8_DUTY_CYCLE               ; 50                        ; Untyped                   ;
; CLK7_DUTY_CYCLE               ; 50                        ; Untyped                   ;
; CLK6_DUTY_CYCLE               ; 50                        ; Untyped                   ;
; CLK5_DUTY_CYCLE               ; 50                        ; Untyped                   ;
; CLK4_DUTY_CYCLE               ; 50                        ; Untyped                   ;
; CLK3_DUTY_CYCLE               ; 50                        ; Untyped                   ;
; CLK2_DUTY_CYCLE               ; 50                        ; Untyped                   ;
; CLK1_DUTY_CYCLE               ; 50                        ; Untyped                   ;
; CLK0_DUTY_CYCLE               ; 50                        ; Signed Integer            ;
; CLK9_USE_EVEN_COUNTER_MODE    ; OFF                       ; Untyped                   ;
; CLK8_USE_EVEN_COUNTER_MODE    ; OFF                       ; Untyped                   ;
; CLK7_USE_EVEN_COUNTER_MODE    ; OFF                       ; Untyped                   ;
; CLK6_USE_EVEN_COUNTER_MODE    ; OFF                       ; Untyped                   ;
; CLK5_USE_EVEN_COUNTER_MODE    ; OFF                       ; Untyped                   ;
; CLK4_USE_EVEN_COUNTER_MODE    ; OFF                       ; Untyped                   ;
; CLK3_USE_EVEN_COUNTER_MODE    ; OFF                       ; Untyped                   ;
; CLK2_USE_EVEN_COUNTER_MODE    ; OFF                       ; Untyped                   ;
; CLK1_USE_EVEN_COUNTER_MODE    ; OFF                       ; Untyped                   ;
; CLK0_USE_EVEN_COUNTER_MODE    ; OFF                       ; Untyped                   ;
; CLK9_USE_EVEN_COUNTER_VALUE   ; OFF                       ; Untyped                   ;
; CLK8_USE_EVEN_COUNTER_VALUE   ; OFF                       ; Untyped                   ;
; CLK7_USE_EVEN_COUNTER_VALUE   ; OFF                       ; Untyped                   ;
; CLK6_USE_EVEN_COUNTER_VALUE   ; OFF                       ; Untyped                   ;
; CLK5_USE_EVEN_COUNTER_VALUE   ; OFF                       ; Untyped                   ;
; CLK4_USE_EVEN_COUNTER_VALUE   ; OFF                       ; Untyped                   ;
; CLK3_USE_EVEN_COUNTER_VALUE   ; OFF                       ; Untyped                   ;
; CLK2_USE_EVEN_COUNTER_VALUE   ; OFF                       ; Untyped                   ;
; CLK1_USE_EVEN_COUNTER_VALUE   ; OFF                       ; Untyped                   ;
; CLK0_USE_EVEN_COUNTER_VALUE   ; OFF                       ; Untyped                   ;
; LOCK_WINDOW_UI                ;  0.05                     ; Untyped                   ;
; LOCK_WINDOW_UI_BITS           ; UNUSED                    ; Untyped                   ;
; VCO_RANGE_DETECTOR_LOW_BITS   ; UNUSED                    ; Untyped                   ;
; VCO_RANGE_DETECTOR_HIGH_BITS  ; UNUSED                    ; Untyped                   ;
; DPA_MULTIPLY_BY               ; 0                         ; Untyped                   ;
; DPA_DIVIDE_BY                 ; 1                         ; Untyped                   ;
; DPA_DIVIDER                   ; 0                         ; Untyped                   ;
; EXTCLK3_MULTIPLY_BY           ; 1                         ; Untyped                   ;
; EXTCLK2_MULTIPLY_BY           ; 1                         ; Untyped                   ;
; EXTCLK1_MULTIPLY_BY           ; 1                         ; Untyped                   ;
; EXTCLK0_MULTIPLY_BY           ; 1                         ; Untyped                   ;
; EXTCLK3_DIVIDE_BY             ; 1                         ; Untyped                   ;
; EXTCLK2_DIVIDE_BY             ; 1                         ; Untyped                   ;
; EXTCLK1_DIVIDE_BY             ; 1                         ; Untyped                   ;
; EXTCLK0_DIVIDE_BY             ; 1                         ; Untyped                   ;
; EXTCLK3_PHASE_SHIFT           ; 0                         ; Untyped                   ;
; EXTCLK2_PHASE_SHIFT           ; 0                         ; Untyped                   ;
; EXTCLK1_PHASE_SHIFT           ; 0                         ; Untyped                   ;
; EXTCLK0_PHASE_SHIFT           ; 0                         ; Untyped                   ;
; EXTCLK3_TIME_DELAY            ; 0                         ; Untyped                   ;
; EXTCLK2_TIME_DELAY            ; 0                         ; Untyped                   ;
; EXTCLK1_TIME_DELAY            ; 0                         ; Untyped                   ;
; EXTCLK0_TIME_DELAY            ; 0                         ; Untyped                   ;
; EXTCLK3_DUTY_CYCLE            ; 50                        ; Untyped                   ;
; EXTCLK2_DUTY_CYCLE            ; 50                        ; Untyped                   ;
; EXTCLK1_DUTY_CYCLE            ; 50                        ; Untyped                   ;
; EXTCLK0_DUTY_CYCLE            ; 50                        ; Untyped                   ;
; VCO_MULTIPLY_BY               ; 0                         ; Untyped                   ;
; VCO_DIVIDE_BY                 ; 0                         ; Untyped                   ;
; SCLKOUT0_PHASE_SHIFT          ; 0                         ; Untyped                   ;
; SCLKOUT1_PHASE_SHIFT          ; 0                         ; Untyped                   ;
; VCO_MIN                       ; 0                         ; Untyped                   ;
; VCO_MAX                       ; 0                         ; Untyped                   ;
; VCO_CENTER                    ; 0                         ; Untyped                   ;
; PFD_MIN                       ; 0                         ; Untyped                   ;
; PFD_MAX                       ; 0                         ; Untyped                   ;
; M_INITIAL                     ; 0                         ; Untyped                   ;
; M                             ; 0                         ; Untyped                   ;
; N                             ; 1                         ; Untyped                   ;
; M2                            ; 1                         ; Untyped                   ;
; N2                            ; 1                         ; Untyped                   ;
; SS                            ; 1                         ; Untyped                   ;
; C0_HIGH                       ; 0                         ; Untyped                   ;
; C1_HIGH                       ; 0                         ; Untyped                   ;
; C2_HIGH                       ; 0                         ; Untyped                   ;
; C3_HIGH                       ; 0                         ; Untyped                   ;
; C4_HIGH                       ; 0                         ; Untyped                   ;
; C5_HIGH                       ; 0                         ; Untyped                   ;
; C6_HIGH                       ; 0                         ; Untyped                   ;
; C7_HIGH                       ; 0                         ; Untyped                   ;
; C8_HIGH                       ; 0                         ; Untyped                   ;
; C9_HIGH                       ; 0                         ; Untyped                   ;
; C0_LOW                        ; 0                         ; Untyped                   ;
; C1_LOW                        ; 0                         ; Untyped                   ;
; C2_LOW                        ; 0                         ; Untyped                   ;
; C3_LOW                        ; 0                         ; Untyped                   ;
; C4_LOW                        ; 0                         ; Untyped                   ;
; C5_LOW                        ; 0                         ; Untyped                   ;
; C6_LOW                        ; 0                         ; Untyped                   ;
; C7_LOW                        ; 0                         ; Untyped                   ;
; C8_LOW                        ; 0                         ; Untyped                   ;
; C9_LOW                        ; 0                         ; Untyped                   ;
; C0_INITIAL                    ; 0                         ; Untyped                   ;
; C1_INITIAL                    ; 0                         ; Untyped                   ;
; C2_INITIAL                    ; 0                         ; Untyped                   ;
; C3_INITIAL                    ; 0                         ; Untyped                   ;
; C4_INITIAL                    ; 0                         ; Untyped                   ;
; C5_INITIAL                    ; 0                         ; Untyped                   ;
; C6_INITIAL                    ; 0                         ; Untyped                   ;
; C7_INITIAL                    ; 0                         ; Untyped                   ;
; C8_INITIAL                    ; 0                         ; Untyped                   ;
; C9_INITIAL                    ; 0                         ; Untyped                   ;
; C0_MODE                       ; BYPASS                    ; Untyped                   ;
; C1_MODE                       ; BYPASS                    ; Untyped                   ;
; C2_MODE                       ; BYPASS                    ; Untyped                   ;
; C3_MODE                       ; BYPASS                    ; Untyped                   ;
; C4_MODE                       ; BYPASS                    ; Untyped                   ;
; C5_MODE                       ; BYPASS                    ; Untyped                   ;
; C6_MODE                       ; BYPASS                    ; Untyped                   ;
; C7_MODE                       ; BYPASS                    ; Untyped                   ;
; C8_MODE                       ; BYPASS                    ; Untyped                   ;
; C9_MODE                       ; BYPASS                    ; Untyped                   ;
; C0_PH                         ; 0                         ; Untyped                   ;
; C1_PH                         ; 0                         ; Untyped                   ;
; C2_PH                         ; 0                         ; Untyped                   ;
; C3_PH                         ; 0                         ; Untyped                   ;
; C4_PH                         ; 0                         ; Untyped                   ;
; C5_PH                         ; 0                         ; Untyped                   ;
; C6_PH                         ; 0                         ; Untyped                   ;
; C7_PH                         ; 0                         ; Untyped                   ;
; C8_PH                         ; 0                         ; Untyped                   ;
; C9_PH                         ; 0                         ; Untyped                   ;
; L0_HIGH                       ; 1                         ; Untyped                   ;
; L1_HIGH                       ; 1                         ; Untyped                   ;
; G0_HIGH                       ; 1                         ; Untyped                   ;
; G1_HIGH                       ; 1                         ; Untyped                   ;
; G2_HIGH                       ; 1                         ; Untyped                   ;
; G3_HIGH                       ; 1                         ; Untyped                   ;
; E0_HIGH                       ; 1                         ; Untyped                   ;
; E1_HIGH                       ; 1                         ; Untyped                   ;
; E2_HIGH                       ; 1                         ; Untyped                   ;
; E3_HIGH                       ; 1                         ; Untyped                   ;
; L0_LOW                        ; 1                         ; Untyped                   ;
; L1_LOW                        ; 1                         ; Untyped                   ;
; G0_LOW                        ; 1                         ; Untyped                   ;
; G1_LOW                        ; 1                         ; Untyped                   ;
; G2_LOW                        ; 1                         ; Untyped                   ;
; G3_LOW                        ; 1                         ; Untyped                   ;
; E0_LOW                        ; 1                         ; Untyped                   ;
; E1_LOW                        ; 1                         ; Untyped                   ;
; E2_LOW                        ; 1                         ; Untyped                   ;
; E3_LOW                        ; 1                         ; Untyped                   ;
; L0_INITIAL                    ; 1                         ; Untyped                   ;
; L1_INITIAL                    ; 1                         ; Untyped                   ;
; G0_INITIAL                    ; 1                         ; Untyped                   ;
; G1_INITIAL                    ; 1                         ; Untyped                   ;
; G2_INITIAL                    ; 1                         ; Untyped                   ;
; G3_INITIAL                    ; 1                         ; Untyped                   ;
; E0_INITIAL                    ; 1                         ; Untyped                   ;
; E1_INITIAL                    ; 1                         ; Untyped                   ;
; E2_INITIAL                    ; 1                         ; Untyped                   ;
; E3_INITIAL                    ; 1                         ; Untyped                   ;
; L0_MODE                       ; BYPASS                    ; Untyped                   ;
; L1_MODE                       ; BYPASS                    ; Untyped                   ;
; G0_MODE                       ; BYPASS                    ; Untyped                   ;
; G1_MODE                       ; BYPASS                    ; Untyped                   ;
; G2_MODE                       ; BYPASS                    ; Untyped                   ;
; G3_MODE                       ; BYPASS                    ; Untyped                   ;
; E0_MODE                       ; BYPASS                    ; Untyped                   ;
; E1_MODE                       ; BYPASS                    ; Untyped                   ;
; E2_MODE                       ; BYPASS                    ; Untyped                   ;
; E3_MODE                       ; BYPASS                    ; Untyped                   ;
; L0_PH                         ; 0                         ; Untyped                   ;
; L1_PH                         ; 0                         ; Untyped                   ;
; G0_PH                         ; 0                         ; Untyped                   ;
; G1_PH                         ; 0                         ; Untyped                   ;
; G2_PH                         ; 0                         ; Untyped                   ;
; G3_PH                         ; 0                         ; Untyped                   ;
; E0_PH                         ; 0                         ; Untyped                   ;
; E1_PH                         ; 0                         ; Untyped                   ;
; E2_PH                         ; 0                         ; Untyped                   ;
; E3_PH                         ; 0                         ; Untyped                   ;
; M_PH                          ; 0                         ; Untyped                   ;
; C1_USE_CASC_IN                ; OFF                       ; Untyped                   ;
; C2_USE_CASC_IN                ; OFF                       ; Untyped                   ;
; C3_USE_CASC_IN                ; OFF                       ; Untyped                   ;
; C4_USE_CASC_IN                ; OFF                       ; Untyped                   ;
; C5_USE_CASC_IN                ; OFF                       ; Untyped                   ;
; C6_USE_CASC_IN                ; OFF                       ; Untyped                   ;
; C7_USE_CASC_IN                ; OFF                       ; Untyped                   ;
; C8_USE_CASC_IN                ; OFF                       ; Untyped                   ;
; C9_USE_CASC_IN                ; OFF                       ; Untyped                   ;
; CLK0_COUNTER                  ; G0                        ; Untyped                   ;
; CLK1_COUNTER                  ; G0                        ; Untyped                   ;
; CLK2_COUNTER                  ; G0                        ; Untyped                   ;
; CLK3_COUNTER                  ; G0                        ; Untyped                   ;
; CLK4_COUNTER                  ; G0                        ; Untyped                   ;
; CLK5_COUNTER                  ; G0                        ; Untyped                   ;
; CLK6_COUNTER                  ; E0                        ; Untyped                   ;
; CLK7_COUNTER                  ; E1                        ; Untyped                   ;
; CLK8_COUNTER                  ; E2                        ; Untyped                   ;
; CLK9_COUNTER                  ; E3                        ; Untyped                   ;
; L0_TIME_DELAY                 ; 0                         ; Untyped                   ;
; L1_TIME_DELAY                 ; 0                         ; Untyped                   ;
; G0_TIME_DELAY                 ; 0                         ; Untyped                   ;
; G1_TIME_DELAY                 ; 0                         ; Untyped                   ;
; G2_TIME_DELAY                 ; 0                         ; Untyped                   ;
; G3_TIME_DELAY                 ; 0                         ; Untyped                   ;
; E0_TIME_DELAY                 ; 0                         ; Untyped                   ;
; E1_TIME_DELAY                 ; 0                         ; Untyped                   ;
; E2_TIME_DELAY                 ; 0                         ; Untyped                   ;
; E3_TIME_DELAY                 ; 0                         ; Untyped                   ;
; M_TIME_DELAY                  ; 0                         ; Untyped                   ;
; N_TIME_DELAY                  ; 0                         ; Untyped                   ;
; EXTCLK3_COUNTER               ; E3                        ; Untyped                   ;
; EXTCLK2_COUNTER               ; E2                        ; Untyped                   ;
; EXTCLK1_COUNTER               ; E1                        ; Untyped                   ;
; EXTCLK0_COUNTER               ; E0                        ; Untyped                   ;
; ENABLE0_COUNTER               ; L0                        ; Untyped                   ;
; ENABLE1_COUNTER               ; L0                        ; Untyped                   ;
; CHARGE_PUMP_CURRENT           ; 2                         ; Untyped                   ;
; LOOP_FILTER_R                 ;  1.000000                 ; Untyped                   ;
; LOOP_FILTER_C                 ; 5                         ; Untyped                   ;
; CHARGE_PUMP_CURRENT_BITS      ; 9999                      ; Untyped                   ;
; LOOP_FILTER_R_BITS            ; 9999                      ; Untyped                   ;
; LOOP_FILTER_C_BITS            ; 9999                      ; Untyped                   ;
; VCO_POST_SCALE                ; 0                         ; Untyped                   ;
; CLK2_OUTPUT_FREQUENCY         ; 0                         ; Untyped                   ;
; CLK1_OUTPUT_FREQUENCY         ; 0                         ; Untyped                   ;
; CLK0_OUTPUT_FREQUENCY         ; 0                         ; Untyped                   ;
; INTENDED_DEVICE_FAMILY        ; Cyclone IV E              ; Untyped                   ;
; PORT_CLKENA0                  ; PORT_UNUSED               ; Untyped                   ;
; PORT_CLKENA1                  ; PORT_UNUSED               ; Untyped                   ;
; PORT_CLKENA2                  ; PORT_UNUSED               ; Untyped                   ;
; PORT_CLKENA3                  ; PORT_UNUSED               ; Untyped                   ;
; PORT_CLKENA4                  ; PORT_UNUSED               ; Untyped                   ;
; PORT_CLKENA5                  ; PORT_UNUSED               ; Untyped                   ;
; PORT_EXTCLKENA0               ; PORT_CONNECTIVITY         ; Untyped                   ;
; PORT_EXTCLKENA1               ; PORT_CONNECTIVITY         ; Untyped                   ;
; PORT_EXTCLKENA2               ; PORT_CONNECTIVITY         ; Untyped                   ;
; PORT_EXTCLKENA3               ; PORT_CONNECTIVITY         ; Untyped                   ;
; PORT_EXTCLK0                  ; PORT_UNUSED               ; Untyped                   ;
; PORT_EXTCLK1                  ; PORT_UNUSED               ; Untyped                   ;
; PORT_EXTCLK2                  ; PORT_UNUSED               ; Untyped                   ;
; PORT_EXTCLK3                  ; PORT_UNUSED               ; Untyped                   ;
; PORT_CLKBAD0                  ; PORT_UNUSED               ; Untyped                   ;
; PORT_CLKBAD1                  ; PORT_UNUSED               ; Untyped                   ;
; PORT_CLK0                     ; PORT_USED                 ; Untyped                   ;
; PORT_CLK1                     ; PORT_UNUSED               ; Untyped                   ;
; PORT_CLK2                     ; PORT_UNUSED               ; Untyped                   ;
; PORT_CLK3                     ; PORT_UNUSED               ; Untyped                   ;
; PORT_CLK4                     ; PORT_UNUSED               ; Untyped                   ;
; PORT_CLK5                     ; PORT_UNUSED               ; Untyped                   ;
; PORT_CLK6                     ; PORT_UNUSED               ; Untyped                   ;
; PORT_CLK7                     ; PORT_UNUSED               ; Untyped                   ;
; PORT_CLK8                     ; PORT_UNUSED               ; Untyped                   ;
; PORT_CLK9                     ; PORT_UNUSED               ; Untyped                   ;
; PORT_SCANDATA                 ; PORT_UNUSED               ; Untyped                   ;
; PORT_SCANDATAOUT              ; PORT_UNUSED               ; Untyped                   ;
; PORT_SCANDONE                 ; PORT_UNUSED               ; Untyped                   ;
; PORT_SCLKOUT1                 ; PORT_CONNECTIVITY         ; Untyped                   ;
; PORT_SCLKOUT0                 ; PORT_CONNECTIVITY         ; Untyped                   ;
; PORT_ACTIVECLOCK              ; PORT_UNUSED               ; Untyped                   ;
; PORT_CLKLOSS                  ; PORT_UNUSED               ; Untyped                   ;
; PORT_INCLK1                   ; PORT_UNUSED               ; Untyped                   ;
; PORT_INCLK0                   ; PORT_USED                 ; Untyped                   ;
; PORT_FBIN                     ; PORT_UNUSED               ; Untyped                   ;
; PORT_PLLENA                   ; PORT_UNUSED               ; Untyped                   ;
; PORT_CLKSWITCH                ; PORT_UNUSED               ; Untyped                   ;
; PORT_ARESET                   ; PORT_UNUSED               ; Untyped                   ;
; PORT_PFDENA                   ; PORT_UNUSED               ; Untyped                   ;
; PORT_SCANCLK                  ; PORT_UNUSED               ; Untyped                   ;
; PORT_SCANACLR                 ; PORT_UNUSED               ; Untyped                   ;
; PORT_SCANREAD                 ; PORT_UNUSED               ; Untyped                   ;
; PORT_SCANWRITE                ; PORT_UNUSED               ; Untyped                   ;
; PORT_ENABLE0                  ; PORT_CONNECTIVITY         ; Untyped                   ;
; PORT_ENABLE1                  ; PORT_CONNECTIVITY         ; Untyped                   ;
; PORT_LOCKED                   ; PORT_UNUSED               ; Untyped                   ;
; PORT_CONFIGUPDATE             ; PORT_UNUSED               ; Untyped                   ;
; PORT_FBOUT                    ; PORT_CONNECTIVITY         ; Untyped                   ;
; PORT_PHASEDONE                ; PORT_UNUSED               ; Untyped                   ;
; PORT_PHASESTEP                ; PORT_UNUSED               ; Untyped                   ;
; PORT_PHASEUPDOWN              ; PORT_UNUSED               ; Untyped                   ;
; PORT_SCANCLKENA               ; PORT_UNUSED               ; Untyped                   ;
; PORT_PHASECOUNTERSELECT       ; PORT_UNUSED               ; Untyped                   ;
; PORT_VCOOVERRANGE             ; PORT_CONNECTIVITY         ; Untyped                   ;
; PORT_VCOUNDERRANGE            ; PORT_CONNECTIVITY         ; Untyped                   ;
; M_TEST_SOURCE                 ; 5                         ; Untyped                   ;
; C0_TEST_SOURCE                ; 5                         ; Untyped                   ;
; C1_TEST_SOURCE                ; 5                         ; Untyped                   ;
; C2_TEST_SOURCE                ; 5                         ; Untyped                   ;
; C3_TEST_SOURCE                ; 5                         ; Untyped                   ;
; C4_TEST_SOURCE                ; 5                         ; Untyped                   ;
; C5_TEST_SOURCE                ; 5                         ; Untyped                   ;
; C6_TEST_SOURCE                ; 5                         ; Untyped                   ;
; C7_TEST_SOURCE                ; 5                         ; Untyped                   ;
; C8_TEST_SOURCE                ; 5                         ; Untyped                   ;
; C9_TEST_SOURCE                ; 5                         ; Untyped                   ;
; CBXI_PARAMETER                ; pll_osc_altpll            ; Untyped                   ;
; VCO_FREQUENCY_CONTROL         ; AUTO                      ; Untyped                   ;
; VCO_PHASE_SHIFT_STEP          ; 0                         ; Untyped                   ;
; WIDTH_CLOCK                   ; 5                         ; Signed Integer            ;
; WIDTH_PHASECOUNTERSELECT      ; 4                         ; Untyped                   ;
; USING_FBMIMICBIDIR_PORT       ; OFF                       ; Untyped                   ;
; DEVICE_FAMILY                 ; Cyclone IV E              ; Untyped                   ;
; SCAN_CHAIN_MIF_FILE           ; UNUSED                    ; Untyped                   ;
; SIM_GATE_LOCK_DEVICE_BEHAVIOR ; OFF                       ; Untyped                   ;
; AUTO_CARRY_CHAINS             ; ON                        ; AUTO_CARRY                ;
; IGNORE_CARRY_BUFFERS          ; OFF                       ; IGNORE_CARRY              ;
; AUTO_CASCADE_CHAINS           ; ON                        ; AUTO_CASCADE              ;
; IGNORE_CASCADE_BUFFERS        ; OFF                       ; IGNORE_CASCADE            ;
+-------------------------------+---------------------------+---------------------------+
Note: In order to hide this table in the UI and the text report file, please set the "Show Parameter Settings in Synthesis Report" option in "Analysis and Synthesis Settings -> More Settings" to "Off".


+-----------------------------------------------------------------------------------------------------+
; Parameter Settings for User Entity Instance: counter:counter_inst|lpm_counter:LPM_COUNTER_component ;
+------------------------+--------------+-------------------------------------------------------------+
; Parameter Name         ; Value        ; Type                                                        ;
+------------------------+--------------+-------------------------------------------------------------+
; AUTO_CARRY_CHAINS      ; ON           ; AUTO_CARRY                                                  ;
; IGNORE_CARRY_BUFFERS   ; OFF          ; IGNORE_CARRY                                                ;
; AUTO_CASCADE_CHAINS    ; ON           ; AUTO_CASCADE                                                ;
; IGNORE_CASCADE_BUFFERS ; OFF          ; IGNORE_CASCADE                                              ;
; LPM_WIDTH              ; 3            ; Signed Integer                                              ;
; LPM_DIRECTION          ; UP           ; Untyped                                                     ;
; LPM_MODULUS            ; 0            ; Untyped                                                     ;
; LPM_AVALUE             ; UNUSED       ; Untyped                                                     ;
; LPM_SVALUE             ; UNUSED       ; Untyped                                                     ;
; LPM_PORT_UPDOWN        ; PORT_UNUSED  ; Untyped                                                     ;
; DEVICE_FAMILY          ; Cyclone IV E ; Untyped                                                     ;
; CARRY_CHAIN            ; MANUAL       ; Untyped                                                     ;
; CARRY_CHAIN_LENGTH     ; 48           ; CARRY_CHAIN_LENGTH                                          ;
; NOT_GATE_PUSH_BACK     ; ON           ; NOT_GATE_PUSH_BACK                                          ;
; CARRY_CNT_EN           ; SMART        ; Untyped                                                     ;
; LABWIDE_SCLR           ; ON           ; Untyped                                                     ;
; USE_NEW_VERSION        ; TRUE         ; Untyped                                                     ;
; CBXI_PARAMETER         ; cntr_9ph     ; Untyped                                                     ;
+------------------------+--------------+-------------------------------------------------------------+
Note: In order to hide this table in the UI and the text report file, please set the "Show Parameter Settings in Synthesis Report" option in "Analysis and Synthesis Settings -> More Settings" to "Off".


+-------------------------------------------------------------------------+
; Parameter Settings for User Entity Instance: lcd_12864b:lcd_12864b_inst ;
+----------------+-------+------------------------------------------------+
; Parameter Name ; Value ; Type                                           ;
+----------------+-------+------------------------------------------------+
; N              ; 8     ; Signed Integer                                 ;
+----------------+-------+------------------------------------------------+
Note: In order to hide this table in the UI and the text report file, please set the "Show Parameter Settings in Synthesis Report" option in "Analysis and Synthesis Settings -> More Settings" to "Off".


+------------------------------------------------------------------------------------------+
; Parameter Settings for User Entity Instance: lcd_12864b:lcd_12864b_inst|queue:queue_inst ;
+----------------+-------+-----------------------------------------------------------------+
; Parameter Name ; Value ; Type                                                            ;
+----------------+-------+-----------------------------------------------------------------+
; N              ; 8     ; Signed Integer                                                  ;
+----------------+-------+-----------------------------------------------------------------+
Note: In order to hide this table in the UI and the text report file, please set the "Show Parameter Settings in Synthesis Report" option in "Analysis and Synthesis Settings -> More Settings" to "Off".


+--------------------------------------------------------------------------+
; altpll Parameter Settings by Entity Instance                             ;
+-------------------------------+------------------------------------------+
; Name                          ; Value                                    ;
+-------------------------------+------------------------------------------+
; Number of entity instances    ; 1                                        ;
; Entity Instance               ; pll_osc:pll_inst|altpll:altpll_component ;
;     -- OPERATION_MODE         ; NORMAL                                   ;
;     -- PLL_TYPE               ; AUTO                                     ;
;     -- PRIMARY_CLOCK          ; INCLK0                                   ;
;     -- INCLK0_INPUT_FREQUENCY ; 20000                                    ;
;     -- INCLK1_INPUT_FREQUENCY ; 0                                        ;
;     -- VCO_MULTIPLY_BY        ; 0                                        ;
;     -- VCO_DIVIDE_BY          ; 0                                        ;
+-------------------------------+------------------------------------------+


+-------------------------------------------------------------------------------------------------------------------+
; Port Connectivity Checks: "counter:counter_inst"                                                                  ;
+---------+--------+----------+-------------------------------------------------------------------------------------+
; Port    ; Type   ; Severity ; Details                                                                             ;
+---------+--------+----------+-------------------------------------------------------------------------------------+
; q[1..0] ; Output ; Info     ; Connected to dangling logic. Logic that only feeds a dangling port will be removed. ;
+---------+--------+----------+-------------------------------------------------------------------------------------+


+-----------------------------------------------------+
; Post-Synthesis Netlist Statistics for Top Partition ;
+-----------------------+-----------------------------+
; Type                  ; Count                       ;
+-----------------------+-----------------------------+
; boundary_port         ; 12                          ;
; cycloneiii_ff         ; 260                         ;
;     ENA               ; 109                         ;
;     ENA SCLR          ; 35                          ;
;     ENA SLD           ; 1                           ;
;     SCLR              ; 32                          ;
;     SCLR SLD          ; 32                          ;
;     plain             ; 51                          ;
; cycloneiii_lcell_comb ; 354                         ;
;     arith             ; 140                         ;
;         2 data inputs ; 130                         ;
;         3 data inputs ; 10                          ;
;     normal            ; 214                         ;
;         1 data inputs ; 13                          ;
;         2 data inputs ; 10                          ;
;         3 data inputs ; 34                          ;
;         4 data inputs ; 157                         ;
; cycloneiii_pll        ; 1                           ;
;                       ;                             ;
; Max LUT depth         ; 8.10                        ;
; Average LUT depth     ; 4.29                        ;
+-----------------------+-----------------------------+


+-------------------------------+
; Elapsed Time Per Partition    ;
+----------------+--------------+
; Partition Name ; Elapsed Time ;
+----------------+--------------+
; Top            ; 00:00:01     ;
+----------------+--------------+


+-------------------------------+
; Analysis & Synthesis Messages ;
+-------------------------------+
Info: *******************************************************************
Info: Running Quartus Prime Analysis & Synthesis
    Info: Version 18.0.0 Build 614 04/24/2018 SJ Lite Edition
    Info: Processing started: Tue Nov 16 18:14:50 2021
Info: Command: quartus_map --read_settings_files=on --write_settings_files=off lcd_12864b_top -c lcd_12864b_top
Info (20030): Parallel compilation is enabled and will use 4 of the 4 processors detected
Info (12021): Found 1 design units, including 1 entities, in source file lcd_12864b_top.sv
    Info (12023): Found entity 1: lcd_12864b_top File: C:/Projects/lcd_12864b/lcd_12864b_top.sv Line: 3
Info (12021): Found 1 design units, including 1 entities, in source file lcd_12864b.sv
    Info (12023): Found entity 1: lcd_12864b File: C:/Projects/lcd_12864b/lcd_12864b.sv Line: 4
Info (12021): Found 1 design units, including 1 entities, in source file queue.sv
    Info (12023): Found entity 1: queue File: C:/Projects/lcd_12864b/queue.sv Line: 4
Info (12021): Found 1 design units, including 1 entities, in source file pll_osc.v
    Info (12023): Found entity 1: pll_osc File: C:/Projects/lcd_12864b/pll_osc.v Line: 39
Info (12021): Found 1 design units, including 1 entities, in source file counter.v
    Info (12023): Found entity 1: counter File: C:/Projects/lcd_12864b/counter.v Line: 39
Info (12127): Elaborating entity "lcd_12864b_top" for the top level hierarchy
Warning (10030): Net "pos_curs.data_a" at lcd_12864b_top.sv(20) has no driver or initial value, using a default initial value '0' File: C:/Projects/lcd_12864b/lcd_12864b_top.sv Line: 20
Warning (10030): Net "pos_curs.waddr_a" at lcd_12864b_top.sv(20) has no driver or initial value, using a default initial value '0' File: C:/Projects/lcd_12864b/lcd_12864b_top.sv Line: 20
Warning (10030): Net "pos_curs.we_a" at lcd_12864b_top.sv(20) has no driver or initial value, using a default initial value '0' File: C:/Projects/lcd_12864b/lcd_12864b_top.sv Line: 20
Info (12128): Elaborating entity "pll_osc" for hierarchy "pll_osc:pll_inst" File: C:/Projects/lcd_12864b/lcd_12864b_top.sv Line: 49
Info (12128): Elaborating entity "altpll" for hierarchy "pll_osc:pll_inst|altpll:altpll_component" File: C:/Projects/lcd_12864b/pll_osc.v Line: 90
Info (12130): Elaborated megafunction instantiation "pll_osc:pll_inst|altpll:altpll_component" File: C:/Projects/lcd_12864b/pll_osc.v Line: 90
Info (12133): Instantiated megafunction "pll_osc:pll_inst|altpll:altpll_component" with the following parameter: File: C:/Projects/lcd_12864b/pll_osc.v Line: 90
    Info (12134): Parameter "bandwidth_type" = "AUTO"
    Info (12134): Parameter "clk0_divide_by" = "50"
    Info (12134): Parameter "clk0_duty_cycle" = "50"
    Info (12134): Parameter "clk0_multiply_by" = "1"
    Info (12134): Parameter "clk0_phase_shift" = "0"
    Info (12134): Parameter "compensate_clock" = "CLK0"
    Info (12134): Parameter "inclk0_input_frequency" = "20000"
    Info (12134): Parameter "intended_device_family" = "Cyclone IV E"
    Info (12134): Parameter "lpm_hint" = "CBX_MODULE_PREFIX=pll_osc"
    Info (12134): Parameter "lpm_type" = "altpll"
    Info (12134): Parameter "operation_mode" = "NORMAL"
    Info (12134): Parameter "pll_type" = "AUTO"
    Info (12134): Parameter "port_activeclock" = "PORT_UNUSED"
    Info (12134): Parameter "port_areset" = "PORT_UNUSED"
    Info (12134): Parameter "port_clkbad0" = "PORT_UNUSED"
    Info (12134): Parameter "port_clkbad1" = "PORT_UNUSED"
    Info (12134): Parameter "port_clkloss" = "PORT_UNUSED"
    Info (12134): Parameter "port_clkswitch" = "PORT_UNUSED"
    Info (12134): Parameter "port_configupdate" = "PORT_UNUSED"
    Info (12134): Parameter "port_fbin" = "PORT_UNUSED"
    Info (12134): Parameter "port_inclk0" = "PORT_USED"
    Info (12134): Parameter "port_inclk1" = "PORT_UNUSED"
    Info (12134): Parameter "port_locked" = "PORT_UNUSED"
    Info (12134): Parameter "port_pfdena" = "PORT_UNUSED"
    Info (12134): Parameter "port_phasecounterselect" = "PORT_UNUSED"
    Info (12134): Parameter "port_phasedone" = "PORT_UNUSED"
    Info (12134): Parameter "port_phasestep" = "PORT_UNUSED"
    Info (12134): Parameter "port_phaseupdown" = "PORT_UNUSED"
    Info (12134): Parameter "port_pllena" = "PORT_UNUSED"
    Info (12134): Parameter "port_scanaclr" = "PORT_UNUSED"
    Info (12134): Parameter "port_scanclk" = "PORT_UNUSED"
    Info (12134): Parameter "port_scanclkena" = "PORT_UNUSED"
    Info (12134): Parameter "port_scandata" = "PORT_UNUSED"
    Info (12134): Parameter "port_scandataout" = "PORT_UNUSED"
    Info (12134): Parameter "port_scandone" = "PORT_UNUSED"
    Info (12134): Parameter "port_scanread" = "PORT_UNUSED"
    Info (12134): Parameter "port_scanwrite" = "PORT_UNUSED"
    Info (12134): Parameter "port_clk0" = "PORT_USED"
    Info (12134): Parameter "port_clk1" = "PORT_UNUSED"
    Info (12134): Parameter "port_clk2" = "PORT_UNUSED"
    Info (12134): Parameter "port_clk3" = "PORT_UNUSED"
    Info (12134): Parameter "port_clk4" = "PORT_UNUSED"
    Info (12134): Parameter "port_clk5" = "PORT_UNUSED"
    Info (12134): Parameter "port_clkena0" = "PORT_UNUSED"
    Info (12134): Parameter "port_clkena1" = "PORT_UNUSED"
    Info (12134): Parameter "port_clkena2" = "PORT_UNUSED"
    Info (12134): Parameter "port_clkena3" = "PORT_UNUSED"
    Info (12134): Parameter "port_clkena4" = "PORT_UNUSED"
    Info (12134): Parameter "port_clkena5" = "PORT_UNUSED"
    Info (12134): Parameter "port_extclk0" = "PORT_UNUSED"
    Info (12134): Parameter "port_extclk1" = "PORT_UNUSED"
    Info (12134): Parameter "port_extclk2" = "PORT_UNUSED"
    Info (12134): Parameter "port_extclk3" = "PORT_UNUSED"
    Info (12134): Parameter "width_clock" = "5"
Info (12021): Found 1 design units, including 1 entities, in source file db/pll_osc_altpll.v
    Info (12023): Found entity 1: pll_osc_altpll File: C:/Projects/lcd_12864b/db/pll_osc_altpll.v Line: 29
Info (12128): Elaborating entity "pll_osc_altpll" for hierarchy "pll_osc:pll_inst|altpll:altpll_component|pll_osc_altpll:auto_generated" File: c:/intelfpga_lite/18.0/quartus/libraries/megafunctions/altpll.tdf Line: 897
Info (12128): Elaborating entity "counter" for hierarchy "counter:counter_inst" File: C:/Projects/lcd_12864b/lcd_12864b_top.sv Line: 51
Info (12128): Elaborating entity "lpm_counter" for hierarchy "counter:counter_inst|lpm_counter:LPM_COUNTER_component" File: C:/Projects/lcd_12864b/counter.v Line: 64
Info (12130): Elaborated megafunction instantiation "counter:counter_inst|lpm_counter:LPM_COUNTER_component" File: C:/Projects/lcd_12864b/counter.v Line: 64
Info (12133): Instantiated megafunction "counter:counter_inst|lpm_counter:LPM_COUNTER_component" with the following parameter: File: C:/Projects/lcd_12864b/counter.v Line: 64
    Info (12134): Parameter "lpm_direction" = "UP"
    Info (12134): Parameter "lpm_port_updown" = "PORT_UNUSED"
    Info (12134): Parameter "lpm_type" = "LPM_COUNTER"
    Info (12134): Parameter "lpm_width" = "3"
Info (12021): Found 1 design units, including 1 entities, in source file db/cntr_9ph.tdf
    Info (12023): Found entity 1: cntr_9ph File: C:/Projects/lcd_12864b/db/cntr_9ph.tdf Line: 25
Info (12128): Elaborating entity "cntr_9ph" for hierarchy "counter:counter_inst|lpm_counter:LPM_COUNTER_component|cntr_9ph:auto_generated" File: c:/intelfpga_lite/18.0/quartus/libraries/megafunctions/lpm_counter.tdf Line: 258
Info (12128): Elaborating entity "lcd_12864b" for hierarchy "lcd_12864b:lcd_12864b_inst" File: C:/Projects/lcd_12864b/lcd_12864b_top.sv Line: 54
Info (12128): Elaborating entity "queue" for hierarchy "lcd_12864b:lcd_12864b_inst|queue:queue_inst" File: C:/Projects/lcd_12864b/lcd_12864b.sv Line: 19
Warning (10230): Verilog HDL assignment warning at queue.sv(10): truncated value with size 32 to match size of target (3) File: C:/Projects/lcd_12864b/queue.sv Line: 10
Warning (10230): Verilog HDL assignment warning at queue.sv(17): truncated value with size 32 to match size of target (3) File: C:/Projects/lcd_12864b/queue.sv Line: 17
Info (276014): Found 2 instances of uninferred RAM logic
    Info (276004): RAM logic "lcd_12864b:lcd_12864b_inst|queue:queue_inst|buff" is uninferred due to inappropriate RAM size File: C:/Projects/lcd_12864b/queue.sv Line: 9
    Info (276004): RAM logic "pos_curs" is uninferred due to inappropriate RAM size File: C:/Projects/lcd_12864b/lcd_12864b_top.sv Line: 20
Info (286030): Timing-Driven Synthesis is running
Info (144001): Generated suppressed messages file C:/Projects/lcd_12864b/output_files/lcd_12864b_top.map.smsg
Info (16010): Generating hard_block partition "hard_block:auto_generated_inst"
    Info (16011): Adding 1 node(s), including 0 DDIO, 1 PLL, 0 transceiver and 0 LCELL
Info (21057): Implemented 444 device resources after synthesis - the final resource count might be different
    Info (21058): Implemented 1 input pins
    Info (21059): Implemented 11 output pins
    Info (21061): Implemented 431 logic cells
    Info (21065): Implemented 1 PLLs
Info: Quartus Prime Analysis & Synthesis was successful. 0 errors, 5 warnings
    Info: Peak virtual memory: 4776 megabytes
    Info: Processing ended: Tue Nov 16 18:15:06 2021
    Info: Elapsed time: 00:00:16
    Info: Total CPU time (on all processors): 00:00:30


+------------------------------------------+
; Analysis & Synthesis Suppressed Messages ;
+------------------------------------------+
The suppressed messages can be found in C:/Projects/lcd_12864b/output_files/lcd_12864b_top.map.smsg.


