Flow report for max10_rpi
Thu Apr 13 11:39:19 2023
Quartus Prime Version 18.0.0 Build 614 04/24/2018 SJ Lite Edition


---------------------
; Table of Contents ;
---------------------
  1. Legal Notice
  2. Flow Summary
  3. Flow Settings
  4. Flow Non-Default Global Settings
  5. Flow Elapsed Time
  6. Flow OS Summary
  7. Flow Log
  8. Flow Messages
  9. Flow Suppressed Messages



----------------
; Legal Notice ;
----------------
Copyright (C) 2018  Intel Corporation. All rights reserved.
Your use of Intel Corporation's design tools, logic functions 
and other software and tools, and its AMPP partner logic 
functions, and any output files from any of the foregoing 
(including device programming or simulation files), and any 
associated documentation or information are expressly subject 
to the terms and conditions of the Intel Program License 
Subscription Agreement, the Intel Quartus Prime License Agreement,
the Intel FPGA IP License Agreement, or other applicable license
agreement, including, without limitation, that your use is for
the sole purpose of programming logic devices manufactured by
Intel and sold by Intel or its authorized distributors.  Please
refer to the applicable agreement for further details.



+----------------------------------------------------------------------------------+
; Flow Summary                                                                     ;
+------------------------------------+---------------------------------------------+
; Flow Status                        ; Successful - Thu Apr 13 11:39:19 2023       ;
; Quartus Prime Version              ; 18.0.0 Build 614 04/24/2018 SJ Lite Edition ;
; Revision Name                      ; max10_rpi                                   ;
; Top-level Entity Name              ; max10_rpi                                   ;
; Family                             ; MAX 10                                      ;
; Device                             ; 10M50SAE144C8G                              ;
; Timing Models                      ; Final                                       ;
; Total logic elements               ; 135 / 49,760 ( < 1 % )                      ;
;     Total combinational functions  ; 80 / 49,760 ( < 1 % )                       ;
;     Dedicated logic registers      ; 109 / 49,760 ( < 1 % )                      ;
; Total registers                    ; 109                                         ;
; Total pins                         ; 24 / 101 ( 24 % )                           ;
; Total virtual pins                 ; 0                                           ;
; Total memory bits                  ; 12,288 / 1,677,312 ( < 1 % )                ;
; Embedded Multiplier 9-bit elements ; 0 / 288 ( 0 % )                             ;
; Total PLLs                         ; 1 / 1 ( 100 % )                             ;
; UFM blocks                         ; 0 / 1 ( 0 % )                               ;
; ADC blocks                         ; 1 / 1 ( 100 % )                             ;
+------------------------------------+---------------------------------------------+


+-----------------------------------------+
; Flow Settings                           ;
+-------------------+---------------------+
; Option            ; Setting             ;
+-------------------+---------------------+
; Start date & time ; 04/13/2023 11:38:46 ;
; Main task         ; Compilation         ;
; Revision Name     ; max10_rpi           ;
+-------------------+---------------------+


+-------------------------------------------------------------------------------------------------------------------------------------------------------------------+
; Flow Non-Default Global Settings                                                                                                                                  ;
+-------------------------------------+------------------------------------------------------------------------------+---------------+-------------+----------------+
; Assignment Name                     ; Value                                                                        ; Default Value ; Entity Name ; Section Id     ;
+-------------------------------------+------------------------------------------------------------------------------+---------------+-------------+----------------+
; COMPILER_SIGNATURE_ID               ; 171921340889519.168137512613431                                              ; --            ; --          ; --             ;
; EDA_OUTPUT_DATA_FORMAT              ; Systemverilog Hdl                                                            ; --            ; --          ; eda_simulation ;
; EDA_SIMULATION_TOOL                 ; ModelSim-Altera (SystemVerilog)                                              ; <None>        ; --          ; --             ;
; EDA_TIME_SCALE                      ; 1 ps                                                                         ; --            ; --          ; eda_simulation ;
; FLOW_ENABLE_POWER_ANALYZER          ; On                                                                           ; Off           ; --          ; --             ;
; MAX_CORE_JUNCTION_TEMP              ; 85                                                                           ; --            ; --          ; --             ;
; MIN_CORE_JUNCTION_TEMP              ; 0                                                                            ; --            ; --          ; --             ;
; MISC_FILE                           ; avl_if/synthesis/../avl_if.cmp                                               ; --            ; --          ; --             ;
; MISC_FILE                           ; avl_if/synthesis/../../avl_if.qsys                                           ; --            ; --          ; --             ;
; MISC_FILE                           ; pll_bb.v                                                                     ; --            ; --          ; --             ;
; MISC_FILE                           ; pll.ppf                                                                      ; --            ; --          ; --             ;
; NUM_PARALLEL_PROCESSORS             ; All                                                                          ; --            ; --          ; --             ;
; PARTITION_COLOR                     ; -- (Not supported for targeted family)                                       ; --            ; --          ; Top            ;
; PARTITION_FITTER_PRESERVATION_LEVEL ; -- (Not supported for targeted family)                                       ; --            ; --          ; Top            ;
; PARTITION_NETLIST_TYPE              ; -- (Not supported for targeted family)                                       ; --            ; --          ; Top            ;
; POWER_BOARD_THERMAL_MODEL           ; None (CONSERVATIVE)                                                          ; --            ; --          ; --             ;
; POWER_DEFAULT_INPUT_IO_TOGGLE_RATE  ; 12.5 %                                                                       ; 12.5%         ; --          ; --             ;
; POWER_PRESET_COOLING_SOLUTION       ; 23 MM HEAT SINK WITH 200 LFPM AIRFLOW                                        ; --            ; --          ; --             ;
; PROJECT_OUTPUT_DIRECTORY            ; output_files                                                                 ; --            ; --          ; --             ;
; SEARCH_PATH                         ; /home/user/Projects/ip/adc_max10/avalon/adc_ip/adc_core/synthesis/submodules ; --            ; --          ; --             ;
; SLD_FILE                            ; avl_if/synthesis/avl_if.debuginfo                                            ; --            ; --          ; --             ;
; SLD_INFO                            ; QSYS_NAME avl_if HAS_SOPCINFO 1 GENERATION_ID 1681375108                     ; --            ; avl_if      ; --             ;
; SOPCINFO_FILE                       ; avl_if/synthesis/../../avl_if.sopcinfo                                       ; --            ; --          ; --             ;
; SYNTHESIS_ONLY_QIP                  ; On                                                                           ; --            ; --          ; --             ;
+-------------------------------------+------------------------------------------------------------------------------+---------------+-------------+----------------+


+--------------------------------------------------------------------------------------------------------------------------+
; Flow Elapsed Time                                                                                                        ;
+----------------------+--------------+-------------------------+---------------------+------------------------------------+
; Module Name          ; Elapsed Time ; Average Processors Used ; Peak Virtual Memory ; Total CPU Time (on all processors) ;
+----------------------+--------------+-------------------------+---------------------+------------------------------------+
; Analysis & Synthesis ; 00:00:12     ; 1.0                     ; 995 MB              ; 00:00:22                           ;
; Fitter               ; 00:00:11     ; 1.0                     ; 1640 MB             ; 00:00:10                           ;
; Assembler            ; 00:00:03     ; 1.0                     ; 818 MB              ; 00:00:03                           ;
; Power Analyzer       ; 00:00:02     ; 1.1                     ; 1267 MB             ; 00:00:02                           ;
; Timing Analyzer      ; 00:00:02     ; 1.1                     ; 900 MB              ; 00:00:02                           ;
; EDA Netlist Writer   ; 00:00:00     ; 1.0                     ; 1096 MB             ; 00:00:01                           ;
; Total                ; 00:00:30     ; --                      ; --                  ; 00:00:40                           ;
+----------------------+--------------+-------------------------+---------------------+------------------------------------+


+------------------------------------------------------------------------------------------------+
; Flow OS Summary                                                                                ;
+----------------------+--------------------------+----------------+------------+----------------+
; Module Name          ; Machine Hostname         ; OS Name        ; OS Version ; Processor type ;
+----------------------+--------------------------+----------------+------------+----------------+
; Analysis & Synthesis ; user-System-Product-Name ; Ubuntu 16.04.7 ; 16         ; x86_64         ;
; Fitter               ; user-System-Product-Name ; Ubuntu 16.04.7 ; 16         ; x86_64         ;
; Assembler            ; user-System-Product-Name ; Ubuntu 16.04.7 ; 16         ; x86_64         ;
; Power Analyzer       ; user-System-Product-Name ; Ubuntu 16.04.7 ; 16         ; x86_64         ;
; Timing Analyzer      ; user-System-Product-Name ; Ubuntu 16.04.7 ; 16         ; x86_64         ;
; EDA Netlist Writer   ; user-System-Product-Name ; Ubuntu 16.04.7 ; 16         ; x86_64         ;
+----------------------+--------------------------+----------------+------------+----------------+


------------
; Flow Log ;
------------
quartus_map --read_settings_files=on --write_settings_files=off max10_rpi -c max10_rpi
quartus_fit --read_settings_files=off --write_settings_files=off max10_rpi -c max10_rpi
quartus_asm --read_settings_files=off --write_settings_files=off max10_rpi -c max10_rpi
quartus_pow --read_settings_files=off --write_settings_files=off max10_rpi -c max10_rpi
quartus_sta max10_rpi -c max10_rpi
quartus_eda --read_settings_files=off --write_settings_files=off max10_rpi -c max10_rpi



