Assembler report for ls
Mon Oct 25 17:12:09 2021
Quartus Prime Version 18.0.0 Build 614 04/24/2018 SJ Lite Edition


---------------------
; Table of Contents ;
---------------------
  1. Legal Notice
  2. Assembler Summary
  3. Assembler Settings
  4. Assembler Generated Files
  5. Assembler Device Options: C:/Projects/max10/LogicSlice/output_files/ls.sof
  6. Assembler Messages



----------------
; Legal Notice ;
----------------
Copyright (C) 2018  Intel Corporation. All rights reserved.
Your use of Intel Corporation's design tools, logic functions 
and other software and tools, and its AMPP partner logic 
functions, and any output files from any of the foregoing 
(including device programming or simulation files), and any 
associated documentation or information are expressly subject 
to the terms and conditions of the Intel Program License 
Subscription Agreement, the Intel Quartus Prime License Agreement,
the Intel FPGA IP License Agreement, or other applicable license
agreement, including, without limitation, that your use is for
the sole purpose of programming logic devices manufactured by
Intel and sold by Intel or its authorized distributors.  Please
refer to the applicable agreement for further details.



+---------------------------------------------------------------+
; Assembler Summary                                             ;
+-----------------------+---------------------------------------+
; Assembler Status      ; Successful - Mon Oct 25 17:12:09 2021 ;
; Revision Name         ; ls                                    ;
; Top-level Entity Name ; ls                                    ;
; Family                ; MAX 10                                ;
; Device                ; 10M50SAE144C8G                        ;
+-----------------------+---------------------------------------+


+----------------------------------+
; Assembler Settings               ;
+--------+---------+---------------+
; Option ; Setting ; Default Value ;
+--------+---------+---------------+


+--------------------------------------------------+
; Assembler Generated Files                        ;
+--------------------------------------------------+
; File Name                                        ;
+--------------------------------------------------+
; C:/Projects/max10/LogicSlice/output_files/ls.sof ;
+--------------------------------------------------+


+----------------------------------------------------------------------------+
; Assembler Device Options: C:/Projects/max10/LogicSlice/output_files/ls.sof ;
+----------------+-----------------------------------------------------------+
; Option         ; Setting                                                   ;
+----------------+-----------------------------------------------------------+
; JTAG usercode  ; 0x00DF3DBC                                                ;
; Checksum       ; 0x00DF3DBC                                                ;
+----------------+-----------------------------------------------------------+


+--------------------+
; Assembler Messages ;
+--------------------+
Info: *******************************************************************
Info: Running Quartus Prime Assembler
    Info: Version 18.0.0 Build 614 04/24/2018 SJ Lite Edition
    Info: Processing started: Mon Oct 25 17:12:03 2021
Info: Command: quartus_asm --read_settings_files=off --write_settings_files=off ls -c ls
Info (115031): Writing out detailed assembly data for power analysis
Info (115030): Assembler is generating device programming files
Info: Quartus Prime Assembler was successful. 0 errors, 0 warnings
    Info: Peak virtual memory: 4736 megabytes
    Info: Processing ended: Mon Oct 25 17:12:10 2021
    Info: Elapsed time: 00:00:07
    Info: Total CPU time (on all processors): 00:00:06


