Flow report for ls
Mon Oct 25 17:12:53 2021
Quartus Prime Version 18.0.0 Build 614 04/24/2018 SJ Lite Edition


---------------------
; Table of Contents ;
---------------------
  1. Legal Notice
  2. Flow Summary
  3. Flow Settings
  4. Flow Non-Default Global Settings
  5. Flow Elapsed Time
  6. Flow OS Summary
  7. Flow Log
  8. Flow Messages
  9. Flow Suppressed Messages



----------------
; Legal Notice ;
----------------
Copyright (C) 2018  Intel Corporation. All rights reserved.
Your use of Intel Corporation's design tools, logic functions 
and other software and tools, and its AMPP partner logic 
functions, and any output files from any of the foregoing 
(including device programming or simulation files), and any 
associated documentation or information are expressly subject 
to the terms and conditions of the Intel Program License 
Subscription Agreement, the Intel Quartus Prime License Agreement,
the Intel FPGA IP License Agreement, or other applicable license
agreement, including, without limitation, that your use is for
the sole purpose of programming logic devices manufactured by
Intel and sold by Intel or its authorized distributors.  Please
refer to the applicable agreement for further details.



+----------------------------------------------------------------------------------+
; Flow Summary                                                                     ;
+------------------------------------+---------------------------------------------+
; Flow Status                        ; Successful - Mon Oct 25 17:12:53 2021       ;
; Quartus Prime Version              ; 18.0.0 Build 614 04/24/2018 SJ Lite Edition ;
; Revision Name                      ; ls                                          ;
; Top-level Entity Name              ; ls                                          ;
; Family                             ; MAX 10                                      ;
; Device                             ; 10M50SAE144C8G                              ;
; Timing Models                      ; Final                                       ;
; Total logic elements               ; 19,662 / 49,760 ( 40 % )                    ;
;     Total combinational functions  ; 19,589 / 49,760 ( 39 % )                    ;
;     Dedicated logic registers      ; 5,256 / 49,760 ( 11 % )                     ;
; Total registers                    ; 5268                                        ;
; Total pins                         ; 22 / 101 ( 22 % )                           ;
; Total virtual pins                 ; 0                                           ;
; Total memory bits                  ; 0 / 1,677,312 ( 0 % )                       ;
; Embedded Multiplier 9-bit elements ; 14 / 288 ( 5 % )                            ;
; Total PLLs                         ; 1 / 1 ( 100 % )                             ;
; UFM blocks                         ; 0 / 1 ( 0 % )                               ;
; ADC blocks                         ; 0 / 1 ( 0 % )                               ;
+------------------------------------+---------------------------------------------+


+-----------------------------------------+
; Flow Settings                           ;
+-------------------+---------------------+
; Option            ; Setting             ;
+-------------------+---------------------+
; Start date & time ; 10/25/2021 17:07:48 ;
; Main task         ; Compilation         ;
; Revision Name     ; ls                  ;
+-------------------+---------------------+


+-----------------------------------------------------------------------------------------------------------------------------+
; Flow Non-Default Global Settings                                                                                            ;
+-------------------------------------+----------------------------------------+---------------+-------------+----------------+
; Assignment Name                     ; Value                                  ; Default Value ; Entity Name ; Section Id     ;
+-------------------------------------+----------------------------------------+---------------+-------------+----------------+
; COMPILER_SIGNATURE_ID               ; 136480445568.163517086711152           ; --            ; --          ; --             ;
; EDA_OUTPUT_DATA_FORMAT              ; Systemverilog Hdl                      ; --            ; --          ; eda_simulation ;
; EDA_SIMULATION_TOOL                 ; ModelSim-Altera (SystemVerilog)        ; <None>        ; --          ; --             ;
; EDA_TIME_SCALE                      ; 1 ps                                   ; --            ; --          ; eda_simulation ;
; FLOW_ENABLE_POWER_ANALYZER          ; On                                     ; Off           ; --          ; --             ;
; MAX_CORE_JUNCTION_TEMP              ; 85                                     ; --            ; --          ; --             ;
; MIN_CORE_JUNCTION_TEMP              ; 0                                      ; --            ; --          ; --             ;
; MISC_FILE                           ; ../hdmi/ddio.cmp                       ; --            ; --          ; --             ;
; MISC_FILE                           ; pll_hdmi_bb.v                          ; --            ; --          ; --             ;
; MISC_FILE                           ; pll_hdmi.ppf                           ; --            ; --          ; --             ;
; MISC_FILE                           ; counter_smp_bb.v                       ; --            ; --          ; --             ;
; NUM_PARALLEL_PROCESSORS             ; All                                    ; --            ; --          ; --             ;
; PARTITION_COLOR                     ; -- (Not supported for targeted family) ; --            ; --          ; Top            ;
; PARTITION_FITTER_PRESERVATION_LEVEL ; -- (Not supported for targeted family) ; --            ; --          ; Top            ;
; PARTITION_NETLIST_TYPE              ; -- (Not supported for targeted family) ; --            ; --          ; Top            ;
; POWER_BOARD_THERMAL_MODEL           ; None (CONSERVATIVE)                    ; --            ; --          ; --             ;
; POWER_DEFAULT_INPUT_IO_TOGGLE_RATE  ; 12.5 %                                 ; 12.5%         ; --          ; --             ;
; POWER_PRESET_COOLING_SOLUTION       ; 23 MM HEAT SINK WITH 200 LFPM AIRFLOW  ; --            ; --          ; --             ;
; PROJECT_OUTPUT_DIRECTORY            ; output_files                           ; --            ; --          ; --             ;
; SYNTHESIS_ONLY_QIP                  ; On                                     ; --            ; --          ; --             ;
+-------------------------------------+----------------------------------------+---------------+-------------+----------------+


+--------------------------------------------------------------------------------------------------------------------------+
; Flow Elapsed Time                                                                                                        ;
+----------------------+--------------+-------------------------+---------------------+------------------------------------+
; Module Name          ; Elapsed Time ; Average Processors Used ; Peak Virtual Memory ; Total CPU Time (on all processors) ;
+----------------------+--------------+-------------------------+---------------------+------------------------------------+
; Analysis & Synthesis ; 00:02:00     ; 1.0                     ; 4943 MB             ; 00:02:14                           ;
; Fitter               ; 00:02:10     ; 1.4                     ; 5843 MB             ; 00:04:42                           ;
; Assembler            ; 00:00:06     ; 1.0                     ; 4736 MB             ; 00:00:06                           ;
; Power Analyzer       ; 00:00:17     ; 2.1                     ; 4976 MB             ; 00:00:34                           ;
; Timing Analyzer      ; 00:00:16     ; 2.4                     ; 4968 MB             ; 00:00:31                           ;
; EDA Netlist Writer   ; 00:00:06     ; 1.0                     ; 4793 MB             ; 00:00:09                           ;
; Total                ; 00:04:55     ; --                      ; --                  ; 00:08:16                           ;
+----------------------+--------------+-------------------------+---------------------+------------------------------------+


+------------------------------------------------------------------------------------+
; Flow OS Summary                                                                    ;
+----------------------+------------------+------------+------------+----------------+
; Module Name          ; Machine Hostname ; OS Name    ; OS Version ; Processor type ;
+----------------------+------------------+------------+------------+----------------+
; Analysis & Synthesis ; DESKTOP-K7IUQ5A  ; Windows 10 ; 10.0       ; x86_64         ;
; Fitter               ; DESKTOP-K7IUQ5A  ; Windows 10 ; 10.0       ; x86_64         ;
; Assembler            ; DESKTOP-K7IUQ5A  ; Windows 10 ; 10.0       ; x86_64         ;
; Power Analyzer       ; DESKTOP-K7IUQ5A  ; Windows 10 ; 10.0       ; x86_64         ;
; Timing Analyzer      ; DESKTOP-K7IUQ5A  ; Windows 10 ; 10.0       ; x86_64         ;
; EDA Netlist Writer   ; DESKTOP-K7IUQ5A  ; Windows 10 ; 10.0       ; x86_64         ;
+----------------------+------------------+------------+------------+----------------+


------------
; Flow Log ;
------------
quartus_map --read_settings_files=on --write_settings_files=off ls -c ls
quartus_fit --read_settings_files=off --write_settings_files=off ls -c ls
quartus_asm --read_settings_files=off --write_settings_files=off ls -c ls
quartus_pow --read_settings_files=off --write_settings_files=off ls -c ls
quartus_sta ls -c ls
quartus_eda --read_settings_files=off --write_settings_files=off ls -c ls



