Timing Analyzer report for i2c_top
Sat Jan 16 13:20:48 2021
Quartus Prime Version 18.0.0 Build 614 04/24/2018 SJ Lite Edition


---------------------
; Table of Contents ;
---------------------
  1. Legal Notice
  2. Timing Analyzer Summary
  3. Parallel Compilation
  4. SDC File List
  5. Clocks
  6. Slow 1200mV 85C Model Fmax Summary
  7. Timing Closure Recommendations
  8. Slow 1200mV 85C Model Setup Summary
  9. Slow 1200mV 85C Model Hold Summary
 10. Slow 1200mV 85C Model Recovery Summary
 11. Slow 1200mV 85C Model Removal Summary
 12. Slow 1200mV 85C Model Minimum Pulse Width Summary
 13. Slow 1200mV 85C Model Metastability Summary
 14. Slow 1200mV 0C Model Fmax Summary
 15. Slow 1200mV 0C Model Setup Summary
 16. Slow 1200mV 0C Model Hold Summary
 17. Slow 1200mV 0C Model Recovery Summary
 18. Slow 1200mV 0C Model Removal Summary
 19. Slow 1200mV 0C Model Minimum Pulse Width Summary
 20. Slow 1200mV 0C Model Metastability Summary
 21. Fast 1200mV 0C Model Setup Summary
 22. Fast 1200mV 0C Model Hold Summary
 23. Fast 1200mV 0C Model Recovery Summary
 24. Fast 1200mV 0C Model Removal Summary
 25. Fast 1200mV 0C Model Minimum Pulse Width Summary
 26. Fast 1200mV 0C Model Metastability Summary
 27. Multicorner Timing Analysis Summary
 28. Board Trace Model Assignments
 29. Input Transition Times
 30. Signal Integrity Metrics (Slow 1200mv 0c Model)
 31. Signal Integrity Metrics (Slow 1200mv 85c Model)
 32. Signal Integrity Metrics (Fast 1200mv 0c Model)
 33. Clock Transfers
 34. Report TCCS
 35. Report RSKM
 36. Unconstrained Paths Summary
 37. Clock Status Summary
 38. Unconstrained Input Ports
 39. Unconstrained Output Ports
 40. Unconstrained Input Ports
 41. Unconstrained Output Ports
 42. Timing Analyzer Messages



----------------
; Legal Notice ;
----------------
Copyright (C) 2018  Intel Corporation. All rights reserved.
Your use of Intel Corporation's design tools, logic functions 
and other software and tools, and its AMPP partner logic 
functions, and any output files from any of the foregoing 
(including device programming or simulation files), and any 
associated documentation or information are expressly subject 
to the terms and conditions of the Intel Program License 
Subscription Agreement, the Intel Quartus Prime License Agreement,
the Intel FPGA IP License Agreement, or other applicable license
agreement, including, without limitation, that your use is for
the sole purpose of programming logic devices manufactured by
Intel and sold by Intel or its authorized distributors.  Please
refer to the applicable agreement for further details.



+-----------------------------------------------------------------------------+
; Timing Analyzer Summary                                                     ;
+-----------------------+-----------------------------------------------------+
; Quartus Prime Version ; Version 18.0.0 Build 614 04/24/2018 SJ Lite Edition ;
; Timing Analyzer       ; Legacy Timing Analyzer                              ;
; Revision Name         ; i2c_top                                             ;
; Device Family         ; Cyclone IV E                                        ;
; Device Name           ; EP4CE6E22C8                                         ;
; Timing Models         ; Final                                               ;
; Delay Model           ; Combined                                            ;
; Rise/Fall Delays      ; Enabled                                             ;
+-----------------------+-----------------------------------------------------+


+------------------------------------------+
; Parallel Compilation                     ;
+----------------------------+-------------+
; Processors                 ; Number      ;
+----------------------------+-------------+
; Number detected on machine ; 4           ;
; Maximum allowed            ; 4           ;
;                            ;             ;
; Average used               ; 1.10        ;
; Maximum used               ; 4           ;
;                            ;             ;
; Usage by Processor         ; % Time Used ;
;     Processor 1            ; 100.0%      ;
;     Processors 2-4         ;   3.4%      ;
+----------------------------+-------------+


+---------------------------------------------------+
; SDC File List                                     ;
+---------------+--------+--------------------------+
; SDC File Path ; Status ; Read at                  ;
+---------------+--------+--------------------------+
; i2c.sdc       ; OK     ; Sat Jan 16 13:20:46 2021 ;
+---------------+--------+--------------------------+


+-------------------------------------------------------------------------------------------------------------------------------------------------------------------------------------------+
; Clocks                                                                                                                                                                                    ;
+--------------+---------+-----------+-----------+-------+----------+------------+-----------+-------------+-------+--------+-----------+------------+----------+--------+--------+---------+
; Clock Name   ; Type    ; Period    ; Frequency ; Rise  ; Fall     ; Duty Cycle ; Divide by ; Multiply by ; Phase ; Offset ; Edge List ; Edge Shift ; Inverted ; Master ; Source ; Targets ;
+--------------+---------+-----------+-----------+-------+----------+------------+-----------+-------------+-------+--------+-----------+------------+----------+--------+--------+---------+
; virt_clk_in  ; Virtual ; 10000.000 ; 0.1 MHz   ; 0.000 ; 5000.000 ;            ;           ;             ;       ;        ;           ;            ;          ;        ;        ; { }     ;
; virt_clk_out ; Virtual ; 10000.000 ; 0.1 MHz   ; 0.000 ; 5000.000 ;            ;           ;             ;       ;        ;           ;            ;          ;        ;        ; { }     ;
+--------------+---------+-----------+-----------+-------+----------+------------+-----------+-------------+-------+--------+-----------+------------+----------+--------+--------+---------+


--------------------------------------
; Slow 1200mV 85C Model Fmax Summary ;
--------------------------------------
No paths to report.


----------------------------------
; Timing Closure Recommendations ;
----------------------------------
HTML report is unavailable in plain text report export.


---------------------------------------
; Slow 1200mV 85C Model Setup Summary ;
---------------------------------------
No paths to report.


--------------------------------------
; Slow 1200mV 85C Model Hold Summary ;
--------------------------------------
No paths to report.


------------------------------------------
; Slow 1200mV 85C Model Recovery Summary ;
------------------------------------------
No paths to report.


-----------------------------------------
; Slow 1200mV 85C Model Removal Summary ;
-----------------------------------------
No paths to report.


-----------------------------------------------------
; Slow 1200mV 85C Model Minimum Pulse Width Summary ;
-----------------------------------------------------
No paths to report.


-----------------------------------------------
; Slow 1200mV 85C Model Metastability Summary ;
-----------------------------------------------
No synchronizer chains to report.


-------------------------------------
; Slow 1200mV 0C Model Fmax Summary ;
-------------------------------------
No paths to report.


--------------------------------------
; Slow 1200mV 0C Model Setup Summary ;
--------------------------------------
No paths to report.


-------------------------------------
; Slow 1200mV 0C Model Hold Summary ;
-------------------------------------
No paths to report.


-----------------------------------------
; Slow 1200mV 0C Model Recovery Summary ;
-----------------------------------------
No paths to report.


----------------------------------------
; Slow 1200mV 0C Model Removal Summary ;
----------------------------------------
No paths to report.


----------------------------------------------------
; Slow 1200mV 0C Model Minimum Pulse Width Summary ;
----------------------------------------------------
No paths to report.


----------------------------------------------
; Slow 1200mV 0C Model Metastability Summary ;
----------------------------------------------
No synchronizer chains to report.


--------------------------------------
; Fast 1200mV 0C Model Setup Summary ;
--------------------------------------
No paths to report.


-------------------------------------
; Fast 1200mV 0C Model Hold Summary ;
-------------------------------------
No paths to report.


-----------------------------------------
; Fast 1200mV 0C Model Recovery Summary ;
-----------------------------------------
No paths to report.


----------------------------------------
; Fast 1200mV 0C Model Removal Summary ;
----------------------------------------
No paths to report.


----------------------------------------------------
; Fast 1200mV 0C Model Minimum Pulse Width Summary ;
----------------------------------------------------
No paths to report.


----------------------------------------------
; Fast 1200mV 0C Model Metastability Summary ;
----------------------------------------------
No synchronizer chains to report.


+----------------------------------------------------------------------------+
; Multicorner Timing Analysis Summary                                        ;
+------------------+-------+------+----------+---------+---------------------+
; Clock            ; Setup ; Hold ; Recovery ; Removal ; Minimum Pulse Width ;
+------------------+-------+------+----------+---------+---------------------+
; Worst-case Slack ; N/A   ; N/A  ; N/A      ; N/A     ; N/A                 ;
; Design-wide TNS  ; 0.0   ; 0.0  ; 0.0      ; 0.0     ; 0.0                 ;
+------------------+-------+------+----------+---------+---------------------+


+------------------------------------------------------------------------------------------------------------------------------------------------------------------------------------------------------------------------------------------------------------------------------------------------------------------------------------------------------------------------------------------------------------------+
; Board Trace Model Assignments                                                                                                                                                                                                                                                                                                                                                                                    ;
+---------------+--------------+-------------------+-------------------------+-------------------------+---------------+---------------------+----------------+------------------+--------+------------------+------------------------+------------------------+--------------+---------------+-----------------+-------+---------------------+--------------------+---------------+-----------------+-------------+
; Pin           ; I/O Standard ; Near Tline Length ; Near Tline L per Length ; Near Tline C per Length ; Near Series R ; Near Differential R ; Near Pull-up R ; Near Pull-down R ; Near C ; Far Tline Length ; Far Tline L per Length ; Far Tline C per Length ; Far Series R ; Far Pull-up R ; Far Pull-down R ; Far C ; Termination Voltage ; Far Differential R ; EBD File Name ; EBD Signal Name ; EBD Far-end ;
+---------------+--------------+-------------------+-------------------------+-------------------------+---------------+---------------------+----------------+------------------+--------+------------------+------------------------+------------------------+--------------+---------------+-----------------+-------+---------------------+--------------------+---------------+-----------------+-------------+
; sclk_lcd      ; 2.5 V        ; 0 in              ; 0 H/in                  ; 0 F/in                  ; short         ; -                   ; open           ; open             ; open   ; 0 in             ; 0 H/in                 ; 0 F/in                 ; short        ; open          ; open            ; open  ; 0 V                 ; -                  ; n/a           ; n/a             ; n/a         ;
; sclk_ds1307   ; 2.5 V        ; 0 in              ; 0 H/in                  ; 0 F/in                  ; short         ; -                   ; open           ; open             ; open   ; 0 in             ; 0 H/in                 ; 0 F/in                 ; short        ; open          ; open            ; open  ; 0 V                 ; -                  ; n/a           ; n/a             ; n/a         ;
; sclk_at24c04  ; 2.5 V        ; 0 in              ; 0 H/in                  ; 0 F/in                  ; short         ; -                   ; open           ; open             ; open   ; 0 in             ; 0 H/in                 ; 0 F/in                 ; short        ; open          ; open            ; open  ; 0 V                 ; -                  ; n/a           ; n/a             ; n/a         ;
; sda_lcd       ; 2.5 V        ; 0 in              ; 0 H/in                  ; 0 F/in                  ; short         ; -                   ; open           ; open             ; open   ; 0 in             ; 0 H/in                 ; 0 F/in                 ; short        ; open          ; open            ; open  ; 0 V                 ; -                  ; n/a           ; n/a             ; n/a         ;
; sda_ds1307    ; 2.5 V        ; 0 in              ; 0 H/in                  ; 0 F/in                  ; short         ; -                   ; open           ; open             ; open   ; 0 in             ; 0 H/in                 ; 0 F/in                 ; short        ; open          ; open            ; open  ; 0 V                 ; -                  ; n/a           ; n/a             ; n/a         ;
; sda_at24c04   ; 2.5 V        ; 0 in              ; 0 H/in                  ; 0 F/in                  ; short         ; -                   ; open           ; open             ; open   ; 0 in             ; 0 H/in                 ; 0 F/in                 ; short        ; open          ; open            ; open  ; 0 V                 ; -                  ; n/a           ; n/a             ; n/a         ;
; ~ALTERA_DCLK~ ; 2.5 V        ; 0 in              ; 0 H/in                  ; 0 F/in                  ; short         ; -                   ; open           ; open             ; open   ; 0 in             ; 0 H/in                 ; 0 F/in                 ; short        ; open          ; open            ; open  ; 0 V                 ; -                  ; n/a           ; n/a             ; n/a         ;
; ~ALTERA_nCEO~ ; 2.5 V        ; 0 in              ; 0 H/in                  ; 0 F/in                  ; short         ; -                   ; open           ; open             ; open   ; 0 in             ; 0 H/in                 ; 0 F/in                 ; short        ; open          ; open            ; open  ; 0 V                 ; -                  ; n/a           ; n/a             ; n/a         ;
+---------------+--------------+-------------------+-------------------------+-------------------------+---------------+---------------------+----------------+------------------+--------+------------------+------------------------+------------------------+--------------+---------------+-----------------+-------+---------------------+--------------------+---------------+-----------------+-------------+


+----------------------------------------------------------------------------+
; Input Transition Times                                                     ;
+-------------------------+--------------+-----------------+-----------------+
; Pin                     ; I/O Standard ; 10-90 Rise Time ; 90-10 Fall Time ;
+-------------------------+--------------+-----------------+-----------------+
; sda_lcd                 ; 2.5 V        ; 2000 ps         ; 2000 ps         ;
; sda_ds1307              ; 2.5 V        ; 2000 ps         ; 2000 ps         ;
; sda_at24c04             ; 2.5 V        ; 2000 ps         ; 2000 ps         ;
; osc                     ; 2.5 V        ; 2000 ps         ; 2000 ps         ;
; ~ALTERA_ASDO_DATA1~     ; 2.5 V        ; 2000 ps         ; 2000 ps         ;
; ~ALTERA_FLASH_nCE_nCSO~ ; 2.5 V        ; 2000 ps         ; 2000 ps         ;
; ~ALTERA_DATA0~          ; 2.5 V        ; 2000 ps         ; 2000 ps         ;
+-------------------------+--------------+-----------------+-----------------+


+--------------------------------------------------------------------------------------------------------------------------------------------------------------------------------------------------------------------------------------------------------------------------------------------------------------------------------------------------------------------------------------------------------------------------------------------------------------------------------------------------------------------------------------------------------------------------------------------------------------------------------------------------------------------------------------------+
; Signal Integrity Metrics (Slow 1200mv 0c Model)                                                                                                                                                                                                                                                                                                                                                                                                                                                                                                                                                                                                                                            ;
+---------------+--------------+---------------------+---------------------+------------------------------+------------------------------+---------------------+---------------------+--------------------------------------+--------------------------------------+-----------------------------+-----------------------------+----------------------------+----------------------------+-----------------------------+-----------------------------+--------------------+--------------------+-------------------------------------+-------------------------------------+----------------------------+----------------------------+---------------------------+---------------------------+
; Pin           ; I/O Standard ; Board Delay on Rise ; Board Delay on Fall ; Steady State Voh at FPGA Pin ; Steady State Vol at FPGA Pin ; Voh Max at FPGA Pin ; Vol Min at FPGA Pin ; Ringback Voltage on Rise at FPGA Pin ; Ringback Voltage on Fall at FPGA Pin ; 10-90 Rise Time at FPGA Pin ; 90-10 Fall Time at FPGA Pin ; Monotonic Rise at FPGA Pin ; Monotonic Fall at FPGA Pin ; Steady State Voh at Far-end ; Steady State Vol at Far-end ; Voh Max at Far-end ; Vol Min at Far-end ; Ringback Voltage on Rise at Far-end ; Ringback Voltage on Fall at Far-end ; 10-90 Rise Time at Far-end ; 90-10 Fall Time at Far-end ; Monotonic Rise at Far-end ; Monotonic Fall at Far-end ;
+---------------+--------------+---------------------+---------------------+------------------------------+------------------------------+---------------------+---------------------+--------------------------------------+--------------------------------------+-----------------------------+-----------------------------+----------------------------+----------------------------+-----------------------------+-----------------------------+--------------------+--------------------+-------------------------------------+-------------------------------------+----------------------------+----------------------------+---------------------------+---------------------------+
; sclk_lcd      ; 2.5 V        ; 0 s                 ; 0 s                 ; 2.32 V                       ; 2.8e-09 V                    ; 2.37 V              ; -0.00373 V          ; 0.104 V                              ; 0.011 V                              ; 4.34e-10 s                  ; 3.82e-10 s                  ; Yes                        ; Yes                        ; 2.32 V                      ; 2.8e-09 V                   ; 2.37 V             ; -0.00373 V         ; 0.104 V                             ; 0.011 V                             ; 4.34e-10 s                 ; 3.82e-10 s                 ; Yes                       ; Yes                       ;
; sclk_ds1307   ; 2.5 V        ; 0 s                 ; 0 s                 ; 2.32 V                       ; 2.8e-09 V                    ; 2.37 V              ; -0.00373 V          ; 0.104 V                              ; 0.011 V                              ; 4.34e-10 s                  ; 3.82e-10 s                  ; Yes                        ; Yes                        ; 2.32 V                      ; 2.8e-09 V                   ; 2.37 V             ; -0.00373 V         ; 0.104 V                             ; 0.011 V                             ; 4.34e-10 s                 ; 3.82e-10 s                 ; Yes                       ; Yes                       ;
; sclk_at24c04  ; 2.5 V        ; 0 s                 ; 0 s                 ; 2.32 V                       ; 2.8e-09 V                    ; 2.37 V              ; -0.00373 V          ; 0.104 V                              ; 0.011 V                              ; 4.34e-10 s                  ; 3.82e-10 s                  ; Yes                        ; Yes                        ; 2.32 V                      ; 2.8e-09 V                   ; 2.37 V             ; -0.00373 V         ; 0.104 V                             ; 0.011 V                             ; 4.34e-10 s                 ; 3.82e-10 s                 ; Yes                       ; Yes                       ;
; sda_lcd       ; 2.5 V        ; 0 s                 ; 0 s                 ; 2.32 V                       ; 2.8e-09 V                    ; 2.37 V              ; -0.00373 V          ; 0.104 V                              ; 0.011 V                              ; 4.34e-10 s                  ; 3.82e-10 s                  ; Yes                        ; Yes                        ; 2.32 V                      ; 2.8e-09 V                   ; 2.37 V             ; -0.00373 V         ; 0.104 V                             ; 0.011 V                             ; 4.34e-10 s                 ; 3.82e-10 s                 ; Yes                       ; Yes                       ;
; sda_ds1307    ; 2.5 V        ; 0 s                 ; 0 s                 ; 2.32 V                       ; 2.8e-09 V                    ; 2.37 V              ; -0.00373 V          ; 0.104 V                              ; 0.011 V                              ; 4.34e-10 s                  ; 3.82e-10 s                  ; Yes                        ; Yes                        ; 2.32 V                      ; 2.8e-09 V                   ; 2.37 V             ; -0.00373 V         ; 0.104 V                             ; 0.011 V                             ; 4.34e-10 s                 ; 3.82e-10 s                 ; Yes                       ; Yes                       ;
; sda_at24c04   ; 2.5 V        ; 0 s                 ; 0 s                 ; 2.32 V                       ; 2.8e-09 V                    ; 2.37 V              ; -0.00373 V          ; 0.104 V                              ; 0.011 V                              ; 4.34e-10 s                  ; 3.82e-10 s                  ; Yes                        ; Yes                        ; 2.32 V                      ; 2.8e-09 V                   ; 2.37 V             ; -0.00373 V         ; 0.104 V                             ; 0.011 V                             ; 4.34e-10 s                 ; 3.82e-10 s                 ; Yes                       ; Yes                       ;
; ~ALTERA_DCLK~ ; 2.5 V        ; 0 s                 ; 0 s                 ; 2.32 V                       ; 1.74e-09 V                   ; 2.37 V              ; -0.0346 V           ; 0.198 V                              ; 0.094 V                              ; 3.14e-10 s                  ; 2.92e-10 s                  ; Yes                        ; Yes                        ; 2.32 V                      ; 1.74e-09 V                  ; 2.37 V             ; -0.0346 V          ; 0.198 V                             ; 0.094 V                             ; 3.14e-10 s                 ; 2.92e-10 s                 ; Yes                       ; Yes                       ;
; ~ALTERA_nCEO~ ; 2.5 V        ; 0 s                 ; 0 s                 ; 2.32 V                       ; 2.57e-09 V                   ; 2.37 V              ; -0.00683 V          ; 0.171 V                              ; 0.018 V                              ; 4.97e-10 s                  ; 6.66e-10 s                  ; Yes                        ; Yes                        ; 2.32 V                      ; 2.57e-09 V                  ; 2.37 V             ; -0.00683 V         ; 0.171 V                             ; 0.018 V                             ; 4.97e-10 s                 ; 6.66e-10 s                 ; Yes                       ; Yes                       ;
+---------------+--------------+---------------------+---------------------+------------------------------+------------------------------+---------------------+---------------------+--------------------------------------+--------------------------------------+-----------------------------+-----------------------------+----------------------------+----------------------------+-----------------------------+-----------------------------+--------------------+--------------------+-------------------------------------+-------------------------------------+----------------------------+----------------------------+---------------------------+---------------------------+


+--------------------------------------------------------------------------------------------------------------------------------------------------------------------------------------------------------------------------------------------------------------------------------------------------------------------------------------------------------------------------------------------------------------------------------------------------------------------------------------------------------------------------------------------------------------------------------------------------------------------------------------------------------------------------------------------+
; Signal Integrity Metrics (Slow 1200mv 85c Model)                                                                                                                                                                                                                                                                                                                                                                                                                                                                                                                                                                                                                                           ;
+---------------+--------------+---------------------+---------------------+------------------------------+------------------------------+---------------------+---------------------+--------------------------------------+--------------------------------------+-----------------------------+-----------------------------+----------------------------+----------------------------+-----------------------------+-----------------------------+--------------------+--------------------+-------------------------------------+-------------------------------------+----------------------------+----------------------------+---------------------------+---------------------------+
; Pin           ; I/O Standard ; Board Delay on Rise ; Board Delay on Fall ; Steady State Voh at FPGA Pin ; Steady State Vol at FPGA Pin ; Voh Max at FPGA Pin ; Vol Min at FPGA Pin ; Ringback Voltage on Rise at FPGA Pin ; Ringback Voltage on Fall at FPGA Pin ; 10-90 Rise Time at FPGA Pin ; 90-10 Fall Time at FPGA Pin ; Monotonic Rise at FPGA Pin ; Monotonic Fall at FPGA Pin ; Steady State Voh at Far-end ; Steady State Vol at Far-end ; Voh Max at Far-end ; Vol Min at Far-end ; Ringback Voltage on Rise at Far-end ; Ringback Voltage on Fall at Far-end ; 10-90 Rise Time at Far-end ; 90-10 Fall Time at Far-end ; Monotonic Rise at Far-end ; Monotonic Fall at Far-end ;
+---------------+--------------+---------------------+---------------------+------------------------------+------------------------------+---------------------+---------------------+--------------------------------------+--------------------------------------+-----------------------------+-----------------------------+----------------------------+----------------------------+-----------------------------+-----------------------------+--------------------+--------------------+-------------------------------------+-------------------------------------+----------------------------+----------------------------+---------------------------+---------------------------+
; sclk_lcd      ; 2.5 V        ; 0 s                 ; 0 s                 ; 2.32 V                       ; 2.85e-07 V                   ; 2.35 V              ; -0.0123 V           ; 0.144 V                              ; 0.042 V                              ; 4.81e-10 s                  ; 4.81e-10 s                  ; Yes                        ; Yes                        ; 2.32 V                      ; 2.85e-07 V                  ; 2.35 V             ; -0.0123 V          ; 0.144 V                             ; 0.042 V                             ; 4.81e-10 s                 ; 4.81e-10 s                 ; Yes                       ; Yes                       ;
; sclk_ds1307   ; 2.5 V        ; 0 s                 ; 0 s                 ; 2.32 V                       ; 2.85e-07 V                   ; 2.35 V              ; -0.0123 V           ; 0.144 V                              ; 0.042 V                              ; 4.81e-10 s                  ; 4.81e-10 s                  ; Yes                        ; Yes                        ; 2.32 V                      ; 2.85e-07 V                  ; 2.35 V             ; -0.0123 V          ; 0.144 V                             ; 0.042 V                             ; 4.81e-10 s                 ; 4.81e-10 s                 ; Yes                       ; Yes                       ;
; sclk_at24c04  ; 2.5 V        ; 0 s                 ; 0 s                 ; 2.32 V                       ; 2.85e-07 V                   ; 2.35 V              ; -0.0123 V           ; 0.144 V                              ; 0.042 V                              ; 4.81e-10 s                  ; 4.81e-10 s                  ; Yes                        ; Yes                        ; 2.32 V                      ; 2.85e-07 V                  ; 2.35 V             ; -0.0123 V          ; 0.144 V                             ; 0.042 V                             ; 4.81e-10 s                 ; 4.81e-10 s                 ; Yes                       ; Yes                       ;
; sda_lcd       ; 2.5 V        ; 0 s                 ; 0 s                 ; 2.32 V                       ; 2.85e-07 V                   ; 2.35 V              ; -0.0123 V           ; 0.144 V                              ; 0.042 V                              ; 4.81e-10 s                  ; 4.81e-10 s                  ; Yes                        ; Yes                        ; 2.32 V                      ; 2.85e-07 V                  ; 2.35 V             ; -0.0123 V          ; 0.144 V                             ; 0.042 V                             ; 4.81e-10 s                 ; 4.81e-10 s                 ; Yes                       ; Yes                       ;
; sda_ds1307    ; 2.5 V        ; 0 s                 ; 0 s                 ; 2.32 V                       ; 2.85e-07 V                   ; 2.35 V              ; -0.0123 V           ; 0.144 V                              ; 0.042 V                              ; 4.81e-10 s                  ; 4.81e-10 s                  ; Yes                        ; Yes                        ; 2.32 V                      ; 2.85e-07 V                  ; 2.35 V             ; -0.0123 V          ; 0.144 V                             ; 0.042 V                             ; 4.81e-10 s                 ; 4.81e-10 s                 ; Yes                       ; Yes                       ;
; sda_at24c04   ; 2.5 V        ; 0 s                 ; 0 s                 ; 2.32 V                       ; 2.85e-07 V                   ; 2.35 V              ; -0.0123 V           ; 0.144 V                              ; 0.042 V                              ; 4.81e-10 s                  ; 4.81e-10 s                  ; Yes                        ; Yes                        ; 2.32 V                      ; 2.85e-07 V                  ; 2.35 V             ; -0.0123 V          ; 0.144 V                             ; 0.042 V                             ; 4.81e-10 s                 ; 4.81e-10 s                 ; Yes                       ; Yes                       ;
; ~ALTERA_DCLK~ ; 2.5 V        ; 0 s                 ; 0 s                 ; 2.32 V                       ; 1.55e-07 V                   ; 2.35 V              ; -0.00221 V          ; 0.097 V                              ; 0.005 V                              ; 4.49e-10 s                  ; 3.85e-10 s                  ; Yes                        ; Yes                        ; 2.32 V                      ; 1.55e-07 V                  ; 2.35 V             ; -0.00221 V         ; 0.097 V                             ; 0.005 V                             ; 4.49e-10 s                 ; 3.85e-10 s                 ; Yes                       ; Yes                       ;
; ~ALTERA_nCEO~ ; 2.5 V        ; 0 s                 ; 0 s                 ; 2.32 V                       ; 2.54e-07 V                   ; 2.34 V              ; -0.00774 V          ; 0.109 V                              ; 0.026 V                              ; 6.58e-10 s                  ; 8.24e-10 s                  ; Yes                        ; Yes                        ; 2.32 V                      ; 2.54e-07 V                  ; 2.34 V             ; -0.00774 V         ; 0.109 V                             ; 0.026 V                             ; 6.58e-10 s                 ; 8.24e-10 s                 ; Yes                       ; Yes                       ;
+---------------+--------------+---------------------+---------------------+------------------------------+------------------------------+---------------------+---------------------+--------------------------------------+--------------------------------------+-----------------------------+-----------------------------+----------------------------+----------------------------+-----------------------------+-----------------------------+--------------------+--------------------+-------------------------------------+-------------------------------------+----------------------------+----------------------------+---------------------------+---------------------------+


+--------------------------------------------------------------------------------------------------------------------------------------------------------------------------------------------------------------------------------------------------------------------------------------------------------------------------------------------------------------------------------------------------------------------------------------------------------------------------------------------------------------------------------------------------------------------------------------------------------------------------------------------------------------------------------------------+
; Signal Integrity Metrics (Fast 1200mv 0c Model)                                                                                                                                                                                                                                                                                                                                                                                                                                                                                                                                                                                                                                            ;
+---------------+--------------+---------------------+---------------------+------------------------------+------------------------------+---------------------+---------------------+--------------------------------------+--------------------------------------+-----------------------------+-----------------------------+----------------------------+----------------------------+-----------------------------+-----------------------------+--------------------+--------------------+-------------------------------------+-------------------------------------+----------------------------+----------------------------+---------------------------+---------------------------+
; Pin           ; I/O Standard ; Board Delay on Rise ; Board Delay on Fall ; Steady State Voh at FPGA Pin ; Steady State Vol at FPGA Pin ; Voh Max at FPGA Pin ; Vol Min at FPGA Pin ; Ringback Voltage on Rise at FPGA Pin ; Ringback Voltage on Fall at FPGA Pin ; 10-90 Rise Time at FPGA Pin ; 90-10 Fall Time at FPGA Pin ; Monotonic Rise at FPGA Pin ; Monotonic Fall at FPGA Pin ; Steady State Voh at Far-end ; Steady State Vol at Far-end ; Voh Max at Far-end ; Vol Min at Far-end ; Ringback Voltage on Rise at Far-end ; Ringback Voltage on Fall at Far-end ; 10-90 Rise Time at Far-end ; 90-10 Fall Time at Far-end ; Monotonic Rise at Far-end ; Monotonic Fall at Far-end ;
+---------------+--------------+---------------------+---------------------+------------------------------+------------------------------+---------------------+---------------------+--------------------------------------+--------------------------------------+-----------------------------+-----------------------------+----------------------------+----------------------------+-----------------------------+-----------------------------+--------------------+--------------------+-------------------------------------+-------------------------------------+----------------------------+----------------------------+---------------------------+---------------------------+
; sclk_lcd      ; 2.5 V        ; 0 s                 ; 0 s                 ; 2.62 V                       ; 4.05e-08 V                   ; 2.72 V              ; -0.0349 V           ; 0.173 V                              ; 0.1 V                                ; 2.72e-10 s                  ; 2.69e-10 s                  ; Yes                        ; Yes                        ; 2.62 V                      ; 4.05e-08 V                  ; 2.72 V             ; -0.0349 V          ; 0.173 V                             ; 0.1 V                               ; 2.72e-10 s                 ; 2.69e-10 s                 ; Yes                       ; Yes                       ;
; sclk_ds1307   ; 2.5 V        ; 0 s                 ; 0 s                 ; 2.62 V                       ; 4.05e-08 V                   ; 2.72 V              ; -0.0349 V           ; 0.173 V                              ; 0.1 V                                ; 2.72e-10 s                  ; 2.69e-10 s                  ; Yes                        ; Yes                        ; 2.62 V                      ; 4.05e-08 V                  ; 2.72 V             ; -0.0349 V          ; 0.173 V                             ; 0.1 V                               ; 2.72e-10 s                 ; 2.69e-10 s                 ; Yes                       ; Yes                       ;
; sclk_at24c04  ; 2.5 V        ; 0 s                 ; 0 s                 ; 2.62 V                       ; 4.05e-08 V                   ; 2.72 V              ; -0.0349 V           ; 0.173 V                              ; 0.1 V                                ; 2.72e-10 s                  ; 2.69e-10 s                  ; Yes                        ; Yes                        ; 2.62 V                      ; 4.05e-08 V                  ; 2.72 V             ; -0.0349 V          ; 0.173 V                             ; 0.1 V                               ; 2.72e-10 s                 ; 2.69e-10 s                 ; Yes                       ; Yes                       ;
; sda_lcd       ; 2.5 V        ; 0 s                 ; 0 s                 ; 2.62 V                       ; 4.05e-08 V                   ; 2.72 V              ; -0.0349 V           ; 0.173 V                              ; 0.1 V                                ; 2.72e-10 s                  ; 2.69e-10 s                  ; Yes                        ; Yes                        ; 2.62 V                      ; 4.05e-08 V                  ; 2.72 V             ; -0.0349 V          ; 0.173 V                             ; 0.1 V                               ; 2.72e-10 s                 ; 2.69e-10 s                 ; Yes                       ; Yes                       ;
; sda_ds1307    ; 2.5 V        ; 0 s                 ; 0 s                 ; 2.62 V                       ; 4.05e-08 V                   ; 2.72 V              ; -0.0349 V           ; 0.173 V                              ; 0.1 V                                ; 2.72e-10 s                  ; 2.69e-10 s                  ; Yes                        ; Yes                        ; 2.62 V                      ; 4.05e-08 V                  ; 2.72 V             ; -0.0349 V          ; 0.173 V                             ; 0.1 V                               ; 2.72e-10 s                 ; 2.69e-10 s                 ; Yes                       ; Yes                       ;
; sda_at24c04   ; 2.5 V        ; 0 s                 ; 0 s                 ; 2.62 V                       ; 4.05e-08 V                   ; 2.72 V              ; -0.0349 V           ; 0.173 V                              ; 0.1 V                                ; 2.72e-10 s                  ; 2.69e-10 s                  ; Yes                        ; Yes                        ; 2.62 V                      ; 4.05e-08 V                  ; 2.72 V             ; -0.0349 V          ; 0.173 V                             ; 0.1 V                               ; 2.72e-10 s                 ; 2.69e-10 s                 ; Yes                       ; Yes                       ;
; ~ALTERA_DCLK~ ; 2.5 V        ; 0 s                 ; 0 s                 ; 2.62 V                       ; 2.22e-08 V                   ; 2.74 V              ; -0.06 V             ; 0.158 V                              ; 0.08 V                               ; 2.68e-10 s                  ; 2.19e-10 s                  ; Yes                        ; Yes                        ; 2.62 V                      ; 2.22e-08 V                  ; 2.74 V             ; -0.06 V            ; 0.158 V                             ; 0.08 V                              ; 2.68e-10 s                 ; 2.19e-10 s                 ; Yes                       ; Yes                       ;
; ~ALTERA_nCEO~ ; 2.5 V        ; 0 s                 ; 0 s                 ; 2.62 V                       ; 3.54e-08 V                   ; 2.7 V               ; -0.00943 V          ; 0.276 V                              ; 0.035 V                              ; 3.19e-10 s                  ; 4.99e-10 s                  ; No                         ; Yes                        ; 2.62 V                      ; 3.54e-08 V                  ; 2.7 V              ; -0.00943 V         ; 0.276 V                             ; 0.035 V                             ; 3.19e-10 s                 ; 4.99e-10 s                 ; No                        ; Yes                       ;
+---------------+--------------+---------------------+---------------------+------------------------------+------------------------------+---------------------+---------------------+--------------------------------------+--------------------------------------+-----------------------------+-----------------------------+----------------------------+----------------------------+-----------------------------+-----------------------------+--------------------+--------------------+-------------------------------------+-------------------------------------+----------------------------+----------------------------+---------------------------+---------------------------+


-------------------
; Clock Transfers ;
-------------------
Nothing to report.


---------------
; Report TCCS ;
---------------
No dedicated SERDES Transmitter circuitry present in device or used in design


---------------
; Report RSKM ;
---------------
No non-DPA dedicated SERDES Receiver circuitry present in device or used in design


+------------------------------------------------+
; Unconstrained Paths Summary                    ;
+---------------------------------+-------+------+
; Property                        ; Setup ; Hold ;
+---------------------------------+-------+------+
; Illegal Clocks                  ; 1     ; 1    ;
; Unconstrained Clocks            ; 2     ; 2    ;
; Unconstrained Input Ports       ; 3     ; 3    ;
; Unconstrained Input Port Paths  ; 121   ; 121  ;
; Unconstrained Output Ports      ; 6     ; 6    ;
; Unconstrained Output Port Paths ; 9     ; 9    ;
+---------------------------------+-------+------+


+--------------------------------------------------------------------------------------------------------------------------------------------------------------------------------------+
; Clock Status Summary                                                                                                                                                                 ;
+---------------------------------------------------------------------------------------------------+------------------------------------------------------+-----------+---------------+
; Target                                                                                            ; Clock                                                ; Type      ; Status        ;
+---------------------------------------------------------------------------------------------------+------------------------------------------------------+-----------+---------------+
;                                                                                                   ; virt_clk_in                                          ; Virtual   ; Constrained   ;
;                                                                                                   ; virt_clk_out                                         ; Virtual   ; Constrained   ;
; counter:counter_inst|lpm_counter:LPM_COUNTER_component|cntr_aph:auto_generated|counter_reg_bit[3] ;                                                      ; Base      ; Unconstrained ;
; osc                                                                                               ;                                                      ; Base      ; Unconstrained ;
; pll_inst|altpll_component|auto_generated|pll1|clk[0]                                              ; pll_inst|altpll_component|auto_generated|pll1|clk[0] ; Generated ; Illegal       ;
+---------------------------------------------------------------------------------------------------+------------------------------------------------------+-----------+---------------+


+----------------------------------------------------------------------------------------------------+
; Unconstrained Input Ports                                                                          ;
+-------------+--------------------------------------------------------------------------------------+
; Input Port  ; Comment                                                                              ;
+-------------+--------------------------------------------------------------------------------------+
; sda_at24c04 ; No input delay, min/max delays, false-path exceptions, or max skew assignments found ;
; sda_ds1307  ; No input delay, min/max delays, false-path exceptions, or max skew assignments found ;
; sda_lcd     ; No input delay, min/max delays, false-path exceptions, or max skew assignments found ;
+-------------+--------------------------------------------------------------------------------------+


+------------------------------------------------------------------------------------------------------+
; Unconstrained Output Ports                                                                           ;
+--------------+---------------------------------------------------------------------------------------+
; Output Port  ; Comment                                                                               ;
+--------------+---------------------------------------------------------------------------------------+
; sclk_at24c04 ; No output delay, min/max delays, false-path exceptions, or max skew assignments found ;
; sclk_ds1307  ; No output delay, min/max delays, false-path exceptions, or max skew assignments found ;
; sclk_lcd     ; No output delay, min/max delays, false-path exceptions, or max skew assignments found ;
; sda_at24c04  ; No output delay, min/max delays, false-path exceptions, or max skew assignments found ;
; sda_ds1307   ; No output delay, min/max delays, false-path exceptions, or max skew assignments found ;
; sda_lcd      ; No output delay, min/max delays, false-path exceptions, or max skew assignments found ;
+--------------+---------------------------------------------------------------------------------------+


+----------------------------------------------------------------------------------------------------+
; Unconstrained Input Ports                                                                          ;
+-------------+--------------------------------------------------------------------------------------+
; Input Port  ; Comment                                                                              ;
+-------------+--------------------------------------------------------------------------------------+
; sda_at24c04 ; No input delay, min/max delays, false-path exceptions, or max skew assignments found ;
; sda_ds1307  ; No input delay, min/max delays, false-path exceptions, or max skew assignments found ;
; sda_lcd     ; No input delay, min/max delays, false-path exceptions, or max skew assignments found ;
+-------------+--------------------------------------------------------------------------------------+


+------------------------------------------------------------------------------------------------------+
; Unconstrained Output Ports                                                                           ;
+--------------+---------------------------------------------------------------------------------------+
; Output Port  ; Comment                                                                               ;
+--------------+---------------------------------------------------------------------------------------+
; sclk_at24c04 ; No output delay, min/max delays, false-path exceptions, or max skew assignments found ;
; sclk_ds1307  ; No output delay, min/max delays, false-path exceptions, or max skew assignments found ;
; sclk_lcd     ; No output delay, min/max delays, false-path exceptions, or max skew assignments found ;
; sda_at24c04  ; No output delay, min/max delays, false-path exceptions, or max skew assignments found ;
; sda_ds1307   ; No output delay, min/max delays, false-path exceptions, or max skew assignments found ;
; sda_lcd      ; No output delay, min/max delays, false-path exceptions, or max skew assignments found ;
+--------------+---------------------------------------------------------------------------------------+


+--------------------------+
; Timing Analyzer Messages ;
+--------------------------+
Info: *******************************************************************
Info: Running Quartus Prime Timing Analyzer
    Info: Version 18.0.0 Build 614 04/24/2018 SJ Lite Edition
    Info: Processing started: Sat Jan 16 13:20:44 2021
Info: Command: quartus_sta i2c_top -c i2c_top
Info: qsta_default_script.tcl version: #2
Info (20030): Parallel compilation is enabled and will use 4 of the 4 processors detected
Info (21077): Low junction temperature is 0 degrees C
Info (21077): High junction temperature is 85 degrees C
Info (332104): Reading SDC File: 'i2c.sdc'
Warning (332174): Ignored filter at i2c.sdc(1): clk could not be matched with a port File: C:/Projects/FPGA/SystemVerilog/GHRelease/FpgaProjects/i2c/i2c.sdc Line: 1
Warning (332049): Ignored create_clock at i2c.sdc(1): Argument <targets> is an empty collection File: C:/Projects/FPGA/SystemVerilog/GHRelease/FpgaProjects/i2c/i2c.sdc Line: 1
    Info (332050): create_clock -name clk -period 5000.000 -waveform {0 2500} [get_ports {clk}] File: C:/Projects/FPGA/SystemVerilog/GHRelease/FpgaProjects/i2c/i2c.sdc Line: 1
Info (332110): Deriving PLL clocks
    Info (332110): create_generated_clock -source {pll_inst|altpll_component|auto_generated|pll1|inclk[0]} -divide_by 250 -duty_cycle 50.00 -name {pll_inst|altpll_component|auto_generated|pll1|clk[0]} {pll_inst|altpll_component|auto_generated|pll1|clk[0]}
Info (332151): Clock uncertainty is not calculated until you update the timing netlist.
Warning (332174): Ignored filter at i2c.sdc(6): data[0] could not be matched with a port File: C:/Projects/FPGA/SystemVerilog/GHRelease/FpgaProjects/i2c/i2c.sdc Line: 6
Warning (332174): Ignored filter at i2c.sdc(6): data[1] could not be matched with a port File: C:/Projects/FPGA/SystemVerilog/GHRelease/FpgaProjects/i2c/i2c.sdc Line: 6
Warning (332174): Ignored filter at i2c.sdc(6): data[2] could not be matched with a port File: C:/Projects/FPGA/SystemVerilog/GHRelease/FpgaProjects/i2c/i2c.sdc Line: 6
Warning (332174): Ignored filter at i2c.sdc(6): data[3] could not be matched with a port File: C:/Projects/FPGA/SystemVerilog/GHRelease/FpgaProjects/i2c/i2c.sdc Line: 6
Warning (332174): Ignored filter at i2c.sdc(6): data[4] could not be matched with a port File: C:/Projects/FPGA/SystemVerilog/GHRelease/FpgaProjects/i2c/i2c.sdc Line: 6
Warning (332174): Ignored filter at i2c.sdc(6): data[5] could not be matched with a port File: C:/Projects/FPGA/SystemVerilog/GHRelease/FpgaProjects/i2c/i2c.sdc Line: 6
Warning (332174): Ignored filter at i2c.sdc(6): data[6] could not be matched with a port File: C:/Projects/FPGA/SystemVerilog/GHRelease/FpgaProjects/i2c/i2c.sdc Line: 6
Warning (332174): Ignored filter at i2c.sdc(6): data[7] could not be matched with a port File: C:/Projects/FPGA/SystemVerilog/GHRelease/FpgaProjects/i2c/i2c.sdc Line: 6
Warning (332174): Ignored filter at i2c.sdc(6): en[0] could not be matched with a port File: C:/Projects/FPGA/SystemVerilog/GHRelease/FpgaProjects/i2c/i2c.sdc Line: 6
Warning (332174): Ignored filter at i2c.sdc(6): en[1] could not be matched with a port File: C:/Projects/FPGA/SystemVerilog/GHRelease/FpgaProjects/i2c/i2c.sdc Line: 6
Warning (332174): Ignored filter at i2c.sdc(6): sda could not be matched with a port File: C:/Projects/FPGA/SystemVerilog/GHRelease/FpgaProjects/i2c/i2c.sdc Line: 6
Warning (332049): Ignored set_input_delay at i2c.sdc(6): Argument <targets> is an empty collection File: C:/Projects/FPGA/SystemVerilog/GHRelease/FpgaProjects/i2c/i2c.sdc Line: 6
    Info (332050): set_input_delay -clock { virt_clk_in } -min 0 [get_ports {data[0] data[1] data[2] data[3] data[4] data[5] data[6] data[7] en[0] en[1] sda}] File: C:/Projects/FPGA/SystemVerilog/GHRelease/FpgaProjects/i2c/i2c.sdc Line: 6
Warning (332049): Ignored set_input_delay at i2c.sdc(7): Argument <targets> is an empty collection File: C:/Projects/FPGA/SystemVerilog/GHRelease/FpgaProjects/i2c/i2c.sdc Line: 7
    Info (332050): set_input_delay -clock { virt_clk_in } -max 1 [get_ports {data[0] data[1] data[2] data[3] data[4] data[5] data[6] data[7] en[0] en[1] sda}] File: C:/Projects/FPGA/SystemVerilog/GHRelease/FpgaProjects/i2c/i2c.sdc Line: 7
Warning (332174): Ignored filter at i2c.sdc(8): out_i2c[0] could not be matched with a port File: C:/Projects/FPGA/SystemVerilog/GHRelease/FpgaProjects/i2c/i2c.sdc Line: 8
Warning (332174): Ignored filter at i2c.sdc(8): out_i2c[1] could not be matched with a port File: C:/Projects/FPGA/SystemVerilog/GHRelease/FpgaProjects/i2c/i2c.sdc Line: 8
Warning (332174): Ignored filter at i2c.sdc(8): out_i2c[2] could not be matched with a port File: C:/Projects/FPGA/SystemVerilog/GHRelease/FpgaProjects/i2c/i2c.sdc Line: 8
Warning (332174): Ignored filter at i2c.sdc(8): out_i2c[3] could not be matched with a port File: C:/Projects/FPGA/SystemVerilog/GHRelease/FpgaProjects/i2c/i2c.sdc Line: 8
Warning (332174): Ignored filter at i2c.sdc(8): out_i2c[4] could not be matched with a port File: C:/Projects/FPGA/SystemVerilog/GHRelease/FpgaProjects/i2c/i2c.sdc Line: 8
Warning (332174): Ignored filter at i2c.sdc(8): out_i2c[5] could not be matched with a port File: C:/Projects/FPGA/SystemVerilog/GHRelease/FpgaProjects/i2c/i2c.sdc Line: 8
Warning (332174): Ignored filter at i2c.sdc(8): out_i2c[6] could not be matched with a port File: C:/Projects/FPGA/SystemVerilog/GHRelease/FpgaProjects/i2c/i2c.sdc Line: 8
Warning (332174): Ignored filter at i2c.sdc(8): out_i2c[7] could not be matched with a port File: C:/Projects/FPGA/SystemVerilog/GHRelease/FpgaProjects/i2c/i2c.sdc Line: 8
Warning (332174): Ignored filter at i2c.sdc(8): sclk could not be matched with a port File: C:/Projects/FPGA/SystemVerilog/GHRelease/FpgaProjects/i2c/i2c.sdc Line: 8
Warning (332174): Ignored filter at i2c.sdc(8): sda could not be matched with a port File: C:/Projects/FPGA/SystemVerilog/GHRelease/FpgaProjects/i2c/i2c.sdc Line: 8
Warning (332174): Ignored filter at i2c.sdc(8): st[0] could not be matched with a port File: C:/Projects/FPGA/SystemVerilog/GHRelease/FpgaProjects/i2c/i2c.sdc Line: 8
Warning (332174): Ignored filter at i2c.sdc(8): st[10] could not be matched with a port File: C:/Projects/FPGA/SystemVerilog/GHRelease/FpgaProjects/i2c/i2c.sdc Line: 8
Warning (332174): Ignored filter at i2c.sdc(8): st[11] could not be matched with a port File: C:/Projects/FPGA/SystemVerilog/GHRelease/FpgaProjects/i2c/i2c.sdc Line: 8
Warning (332174): Ignored filter at i2c.sdc(8): st[12] could not be matched with a port File: C:/Projects/FPGA/SystemVerilog/GHRelease/FpgaProjects/i2c/i2c.sdc Line: 8
Warning (332174): Ignored filter at i2c.sdc(8): st[13] could not be matched with a port File: C:/Projects/FPGA/SystemVerilog/GHRelease/FpgaProjects/i2c/i2c.sdc Line: 8
Warning (332174): Ignored filter at i2c.sdc(8): st[14] could not be matched with a port File: C:/Projects/FPGA/SystemVerilog/GHRelease/FpgaProjects/i2c/i2c.sdc Line: 8
Warning (332174): Ignored filter at i2c.sdc(8): st[15] could not be matched with a port File: C:/Projects/FPGA/SystemVerilog/GHRelease/FpgaProjects/i2c/i2c.sdc Line: 8
Warning (332174): Ignored filter at i2c.sdc(8): st[16] could not be matched with a port File: C:/Projects/FPGA/SystemVerilog/GHRelease/FpgaProjects/i2c/i2c.sdc Line: 8
Warning (332174): Ignored filter at i2c.sdc(8): st[17] could not be matched with a port File: C:/Projects/FPGA/SystemVerilog/GHRelease/FpgaProjects/i2c/i2c.sdc Line: 8
Warning (332174): Ignored filter at i2c.sdc(8): st[18] could not be matched with a port File: C:/Projects/FPGA/SystemVerilog/GHRelease/FpgaProjects/i2c/i2c.sdc Line: 8
Warning (332174): Ignored filter at i2c.sdc(8): st[19] could not be matched with a port File: C:/Projects/FPGA/SystemVerilog/GHRelease/FpgaProjects/i2c/i2c.sdc Line: 8
Warning (332174): Ignored filter at i2c.sdc(8): st[1] could not be matched with a port File: C:/Projects/FPGA/SystemVerilog/GHRelease/FpgaProjects/i2c/i2c.sdc Line: 8
Warning (332174): Ignored filter at i2c.sdc(8): st[20] could not be matched with a port File: C:/Projects/FPGA/SystemVerilog/GHRelease/FpgaProjects/i2c/i2c.sdc Line: 8
Warning (332174): Ignored filter at i2c.sdc(8): st[21] could not be matched with a port File: C:/Projects/FPGA/SystemVerilog/GHRelease/FpgaProjects/i2c/i2c.sdc Line: 8
Warning (332174): Ignored filter at i2c.sdc(8): st[22] could not be matched with a port File: C:/Projects/FPGA/SystemVerilog/GHRelease/FpgaProjects/i2c/i2c.sdc Line: 8
Warning (332174): Ignored filter at i2c.sdc(8): st[23] could not be matched with a port File: C:/Projects/FPGA/SystemVerilog/GHRelease/FpgaProjects/i2c/i2c.sdc Line: 8
Warning (332174): Ignored filter at i2c.sdc(8): st[24] could not be matched with a port File: C:/Projects/FPGA/SystemVerilog/GHRelease/FpgaProjects/i2c/i2c.sdc Line: 8
Warning (332174): Ignored filter at i2c.sdc(8): st[25] could not be matched with a port File: C:/Projects/FPGA/SystemVerilog/GHRelease/FpgaProjects/i2c/i2c.sdc Line: 8
Warning (332174): Ignored filter at i2c.sdc(8): st[26] could not be matched with a port File: C:/Projects/FPGA/SystemVerilog/GHRelease/FpgaProjects/i2c/i2c.sdc Line: 8
Warning (332174): Ignored filter at i2c.sdc(8): st[27] could not be matched with a port File: C:/Projects/FPGA/SystemVerilog/GHRelease/FpgaProjects/i2c/i2c.sdc Line: 8
Warning (332174): Ignored filter at i2c.sdc(8): st[28] could not be matched with a port File: C:/Projects/FPGA/SystemVerilog/GHRelease/FpgaProjects/i2c/i2c.sdc Line: 8
Warning (332174): Ignored filter at i2c.sdc(8): st[29] could not be matched with a port File: C:/Projects/FPGA/SystemVerilog/GHRelease/FpgaProjects/i2c/i2c.sdc Line: 8
Warning (332174): Ignored filter at i2c.sdc(8): st[2] could not be matched with a port File: C:/Projects/FPGA/SystemVerilog/GHRelease/FpgaProjects/i2c/i2c.sdc Line: 8
Warning (332174): Ignored filter at i2c.sdc(8): st[30] could not be matched with a port File: C:/Projects/FPGA/SystemVerilog/GHRelease/FpgaProjects/i2c/i2c.sdc Line: 8
Warning (332174): Ignored filter at i2c.sdc(8): st[31] could not be matched with a port File: C:/Projects/FPGA/SystemVerilog/GHRelease/FpgaProjects/i2c/i2c.sdc Line: 8
Warning (332174): Ignored filter at i2c.sdc(8): st[3] could not be matched with a port File: C:/Projects/FPGA/SystemVerilog/GHRelease/FpgaProjects/i2c/i2c.sdc Line: 8
Warning (332174): Ignored filter at i2c.sdc(8): st[4] could not be matched with a port File: C:/Projects/FPGA/SystemVerilog/GHRelease/FpgaProjects/i2c/i2c.sdc Line: 8
Warning (332174): Ignored filter at i2c.sdc(8): st[5] could not be matched with a port File: C:/Projects/FPGA/SystemVerilog/GHRelease/FpgaProjects/i2c/i2c.sdc Line: 8
Warning (332174): Ignored filter at i2c.sdc(8): st[6] could not be matched with a port File: C:/Projects/FPGA/SystemVerilog/GHRelease/FpgaProjects/i2c/i2c.sdc Line: 8
Warning (332174): Ignored filter at i2c.sdc(8): st[7] could not be matched with a port File: C:/Projects/FPGA/SystemVerilog/GHRelease/FpgaProjects/i2c/i2c.sdc Line: 8
Warning (332174): Ignored filter at i2c.sdc(8): st[8] could not be matched with a port File: C:/Projects/FPGA/SystemVerilog/GHRelease/FpgaProjects/i2c/i2c.sdc Line: 8
Warning (332174): Ignored filter at i2c.sdc(8): st[9] could not be matched with a port File: C:/Projects/FPGA/SystemVerilog/GHRelease/FpgaProjects/i2c/i2c.sdc Line: 8
Warning (332049): Ignored set_output_delay at i2c.sdc(8): Argument <targets> is an empty collection File: C:/Projects/FPGA/SystemVerilog/GHRelease/FpgaProjects/i2c/i2c.sdc Line: 8
    Info (332050): set_output_delay -clock { virt_clk_out } -min 0 [get_ports {out_i2c[0] out_i2c[1] out_i2c[2] out_i2c[3] out_i2c[4] out_i2c[5] out_i2c[6] out_i2c[7] sclk st[0] st[1] st[2] st[3] st[4] st[5] st[6] st[7] st[8] st[9] st[10] st[11] st[12] st[13] st[14] st[15] st[16] st[17] st[18] st[19] st[20] st[21] st[22] st[23] st[24] st[25] st[26] st[27] st[28] st[29] st[30] st[31] sda}] File: C:/Projects/FPGA/SystemVerilog/GHRelease/FpgaProjects/i2c/i2c.sdc Line: 8
Warning (332174): Ignored filter at i2c.sdc(9): out_i2c[0] could not be matched with a port File: C:/Projects/FPGA/SystemVerilog/GHRelease/FpgaProjects/i2c/i2c.sdc Line: 9
Warning (332174): Ignored filter at i2c.sdc(9): out_i2c[1] could not be matched with a port File: C:/Projects/FPGA/SystemVerilog/GHRelease/FpgaProjects/i2c/i2c.sdc Line: 9
Warning (332174): Ignored filter at i2c.sdc(9): out_i2c[2] could not be matched with a port File: C:/Projects/FPGA/SystemVerilog/GHRelease/FpgaProjects/i2c/i2c.sdc Line: 9
Warning (332174): Ignored filter at i2c.sdc(9): out_i2c[3] could not be matched with a port File: C:/Projects/FPGA/SystemVerilog/GHRelease/FpgaProjects/i2c/i2c.sdc Line: 9
Warning (332174): Ignored filter at i2c.sdc(9): out_i2c[4] could not be matched with a port File: C:/Projects/FPGA/SystemVerilog/GHRelease/FpgaProjects/i2c/i2c.sdc Line: 9
Warning (332174): Ignored filter at i2c.sdc(9): out_i2c[5] could not be matched with a port File: C:/Projects/FPGA/SystemVerilog/GHRelease/FpgaProjects/i2c/i2c.sdc Line: 9
Warning (332174): Ignored filter at i2c.sdc(9): out_i2c[6] could not be matched with a port File: C:/Projects/FPGA/SystemVerilog/GHRelease/FpgaProjects/i2c/i2c.sdc Line: 9
Warning (332174): Ignored filter at i2c.sdc(9): out_i2c[7] could not be matched with a port File: C:/Projects/FPGA/SystemVerilog/GHRelease/FpgaProjects/i2c/i2c.sdc Line: 9
Warning (332174): Ignored filter at i2c.sdc(9): sclk could not be matched with a port File: C:/Projects/FPGA/SystemVerilog/GHRelease/FpgaProjects/i2c/i2c.sdc Line: 9
Warning (332174): Ignored filter at i2c.sdc(9): sda could not be matched with a port File: C:/Projects/FPGA/SystemVerilog/GHRelease/FpgaProjects/i2c/i2c.sdc Line: 9
Warning (332174): Ignored filter at i2c.sdc(9): st[0] could not be matched with a port File: C:/Projects/FPGA/SystemVerilog/GHRelease/FpgaProjects/i2c/i2c.sdc Line: 9
Warning (332174): Ignored filter at i2c.sdc(9): st[10] could not be matched with a port File: C:/Projects/FPGA/SystemVerilog/GHRelease/FpgaProjects/i2c/i2c.sdc Line: 9
Warning (332174): Ignored filter at i2c.sdc(9): st[11] could not be matched with a port File: C:/Projects/FPGA/SystemVerilog/GHRelease/FpgaProjects/i2c/i2c.sdc Line: 9
Warning (332174): Ignored filter at i2c.sdc(9): st[12] could not be matched with a port File: C:/Projects/FPGA/SystemVerilog/GHRelease/FpgaProjects/i2c/i2c.sdc Line: 9
Warning (332174): Ignored filter at i2c.sdc(9): st[13] could not be matched with a port File: C:/Projects/FPGA/SystemVerilog/GHRelease/FpgaProjects/i2c/i2c.sdc Line: 9
Warning (332174): Ignored filter at i2c.sdc(9): st[14] could not be matched with a port File: C:/Projects/FPGA/SystemVerilog/GHRelease/FpgaProjects/i2c/i2c.sdc Line: 9
Warning (332174): Ignored filter at i2c.sdc(9): st[15] could not be matched with a port File: C:/Projects/FPGA/SystemVerilog/GHRelease/FpgaProjects/i2c/i2c.sdc Line: 9
Warning (332174): Ignored filter at i2c.sdc(9): st[16] could not be matched with a port File: C:/Projects/FPGA/SystemVerilog/GHRelease/FpgaProjects/i2c/i2c.sdc Line: 9
Warning (332174): Ignored filter at i2c.sdc(9): st[17] could not be matched with a port File: C:/Projects/FPGA/SystemVerilog/GHRelease/FpgaProjects/i2c/i2c.sdc Line: 9
Warning (332174): Ignored filter at i2c.sdc(9): st[18] could not be matched with a port File: C:/Projects/FPGA/SystemVerilog/GHRelease/FpgaProjects/i2c/i2c.sdc Line: 9
Warning (332174): Ignored filter at i2c.sdc(9): st[19] could not be matched with a port File: C:/Projects/FPGA/SystemVerilog/GHRelease/FpgaProjects/i2c/i2c.sdc Line: 9
Warning (332174): Ignored filter at i2c.sdc(9): st[1] could not be matched with a port File: C:/Projects/FPGA/SystemVerilog/GHRelease/FpgaProjects/i2c/i2c.sdc Line: 9
Warning (332174): Ignored filter at i2c.sdc(9): st[20] could not be matched with a port File: C:/Projects/FPGA/SystemVerilog/GHRelease/FpgaProjects/i2c/i2c.sdc Line: 9
Warning (332174): Ignored filter at i2c.sdc(9): st[21] could not be matched with a port File: C:/Projects/FPGA/SystemVerilog/GHRelease/FpgaProjects/i2c/i2c.sdc Line: 9
Warning (332174): Ignored filter at i2c.sdc(9): st[22] could not be matched with a port File: C:/Projects/FPGA/SystemVerilog/GHRelease/FpgaProjects/i2c/i2c.sdc Line: 9
Warning (332174): Ignored filter at i2c.sdc(9): st[23] could not be matched with a port File: C:/Projects/FPGA/SystemVerilog/GHRelease/FpgaProjects/i2c/i2c.sdc Line: 9
Warning (332174): Ignored filter at i2c.sdc(9): st[24] could not be matched with a port File: C:/Projects/FPGA/SystemVerilog/GHRelease/FpgaProjects/i2c/i2c.sdc Line: 9
Warning (332174): Ignored filter at i2c.sdc(9): st[25] could not be matched with a port File: C:/Projects/FPGA/SystemVerilog/GHRelease/FpgaProjects/i2c/i2c.sdc Line: 9
Warning (332174): Ignored filter at i2c.sdc(9): st[26] could not be matched with a port File: C:/Projects/FPGA/SystemVerilog/GHRelease/FpgaProjects/i2c/i2c.sdc Line: 9
Warning (332174): Ignored filter at i2c.sdc(9): st[27] could not be matched with a port File: C:/Projects/FPGA/SystemVerilog/GHRelease/FpgaProjects/i2c/i2c.sdc Line: 9
Warning (332174): Ignored filter at i2c.sdc(9): st[28] could not be matched with a port File: C:/Projects/FPGA/SystemVerilog/GHRelease/FpgaProjects/i2c/i2c.sdc Line: 9
Warning (332174): Ignored filter at i2c.sdc(9): st[29] could not be matched with a port File: C:/Projects/FPGA/SystemVerilog/GHRelease/FpgaProjects/i2c/i2c.sdc Line: 9
Warning (332174): Ignored filter at i2c.sdc(9): st[2] could not be matched with a port File: C:/Projects/FPGA/SystemVerilog/GHRelease/FpgaProjects/i2c/i2c.sdc Line: 9
Warning (332174): Ignored filter at i2c.sdc(9): st[30] could not be matched with a port File: C:/Projects/FPGA/SystemVerilog/GHRelease/FpgaProjects/i2c/i2c.sdc Line: 9
Warning (332174): Ignored filter at i2c.sdc(9): st[31] could not be matched with a port File: C:/Projects/FPGA/SystemVerilog/GHRelease/FpgaProjects/i2c/i2c.sdc Line: 9
Warning (332174): Ignored filter at i2c.sdc(9): st[3] could not be matched with a port File: C:/Projects/FPGA/SystemVerilog/GHRelease/FpgaProjects/i2c/i2c.sdc Line: 9
Warning (332174): Ignored filter at i2c.sdc(9): st[4] could not be matched with a port File: C:/Projects/FPGA/SystemVerilog/GHRelease/FpgaProjects/i2c/i2c.sdc Line: 9
Warning (332174): Ignored filter at i2c.sdc(9): st[5] could not be matched with a port File: C:/Projects/FPGA/SystemVerilog/GHRelease/FpgaProjects/i2c/i2c.sdc Line: 9
Warning (332174): Ignored filter at i2c.sdc(9): st[6] could not be matched with a port File: C:/Projects/FPGA/SystemVerilog/GHRelease/FpgaProjects/i2c/i2c.sdc Line: 9
Warning (332174): Ignored filter at i2c.sdc(9): st[7] could not be matched with a port File: C:/Projects/FPGA/SystemVerilog/GHRelease/FpgaProjects/i2c/i2c.sdc Line: 9
Warning (332174): Ignored filter at i2c.sdc(9): st[8] could not be matched with a port File: C:/Projects/FPGA/SystemVerilog/GHRelease/FpgaProjects/i2c/i2c.sdc Line: 9
Warning (332174): Ignored filter at i2c.sdc(9): st[9] could not be matched with a port File: C:/Projects/FPGA/SystemVerilog/GHRelease/FpgaProjects/i2c/i2c.sdc Line: 9
Warning (332049): Ignored set_output_delay at i2c.sdc(9): Argument <targets> is an empty collection File: C:/Projects/FPGA/SystemVerilog/GHRelease/FpgaProjects/i2c/i2c.sdc Line: 9
    Info (332050): set_output_delay -clock { virt_clk_out } -max 1 [get_ports {out_i2c[0] out_i2c[1] out_i2c[2] out_i2c[3] out_i2c[4] out_i2c[5] out_i2c[6] out_i2c[7] sclk sda st[0] st[1] st[2] st[3] st[4] st[5] st[6] st[7] st[8] st[9] st[10] st[11] st[12] st[13] st[14] st[15] st[16] st[17] st[18] st[19] st[20] st[21] st[22] st[23] st[24] st[25] st[26] st[27] st[28] st[29] st[30] st[31]}] File: C:/Projects/FPGA/SystemVerilog/GHRelease/FpgaProjects/i2c/i2c.sdc Line: 9
Warning (332087): The master clock for this clock assignment could not be derived.  Clock: pll_inst|altpll_component|auto_generated|pll1|clk[0] was not created.
    Warning (332035): No clocks found on or feeding the specified source node: pll_inst|altpll_component|auto_generated|pll1|inclk[0]
Warning (332060): Node: osc was determined to be a clock but was found without an associated clock assignment.
    Info (13166): Register counter:counter_inst|lpm_counter:LPM_COUNTER_component|cntr_aph:auto_generated|counter_reg_bit[0] is being clocked by osc
Warning (332060): Node: counter:counter_inst|lpm_counter:LPM_COUNTER_component|cntr_aph:auto_generated|counter_reg_bit[3] was determined to be a clock but was found without an associated clock assignment.
    Info (13166): Register lcd_1602:lcd_1602_inst|i2c:i2c_inst|nb[0] is being clocked by counter:counter_inst|lpm_counter:LPM_COUNTER_component|cntr_aph:auto_generated|counter_reg_bit[3]
Info (332154): The derive_clock_uncertainty command did not apply clock uncertainty to any clock-to-clock transfers.
Warning (332056): PLL cross checking found inconsistent PLL clock settings:
    Warning (332056): Node: pll_inst|altpll_component|auto_generated|pll1|clk[0] was found missing 1 generated clock that corresponds to a base clock with a period of: 20.000
Warning (332061): Virtual clock virt_clk_in is never referenced in any input or output delay assignment.
Warning (332061): Virtual clock virt_clk_out is never referenced in any input or output delay assignment.
Info: Found TIMING_ANALYZER_REPORT_SCRIPT_INCLUDE_DEFAULT_ANALYSIS = ON
Info: Analyzing Slow 1200mV 85C Model
Info (332140): No fmax paths to report
Info (332140): No Setup paths to report
Info (332140): No Hold paths to report
Info (332140): No Recovery paths to report
Info (332140): No Removal paths to report
Info (332140): No Minimum Pulse Width paths to report
Info: Analyzing Slow 1200mV 0C Model
Info (334003): Started post-fitting delay annotation
Info (334004): Delay annotation completed successfully
Warning (332087): The master clock for this clock assignment could not be derived.  Clock: pll_inst|altpll_component|auto_generated|pll1|clk[0] was not created.
    Warning (332035): No clocks found on or feeding the specified source node: pll_inst|altpll_component|auto_generated|pll1|inclk[0]
Warning (332060): Node: osc was determined to be a clock but was found without an associated clock assignment.
    Info (13166): Register counter:counter_inst|lpm_counter:LPM_COUNTER_component|cntr_aph:auto_generated|counter_reg_bit[0] is being clocked by osc
Warning (332060): Node: counter:counter_inst|lpm_counter:LPM_COUNTER_component|cntr_aph:auto_generated|counter_reg_bit[3] was determined to be a clock but was found without an associated clock assignment.
    Info (13166): Register lcd_1602:lcd_1602_inst|i2c:i2c_inst|nb[0] is being clocked by counter:counter_inst|lpm_counter:LPM_COUNTER_component|cntr_aph:auto_generated|counter_reg_bit[3]
Info (332154): The derive_clock_uncertainty command did not apply clock uncertainty to any clock-to-clock transfers.
Warning (332056): PLL cross checking found inconsistent PLL clock settings:
    Warning (332056): Node: pll_inst|altpll_component|auto_generated|pll1|clk[0] was found missing 1 generated clock that corresponds to a base clock with a period of: 20.000
Warning (332061): Virtual clock virt_clk_in is never referenced in any input or output delay assignment.
Warning (332061): Virtual clock virt_clk_out is never referenced in any input or output delay assignment.
Info (332140): No fmax paths to report
Info (332140): No Setup paths to report
Info (332140): No Hold paths to report
Info (332140): No Recovery paths to report
Info (332140): No Removal paths to report
Info (332140): No Minimum Pulse Width paths to report
Info: Analyzing Fast 1200mV 0C Model
Warning (332087): The master clock for this clock assignment could not be derived.  Clock: pll_inst|altpll_component|auto_generated|pll1|clk[0] was not created.
    Warning (332035): No clocks found on or feeding the specified source node: pll_inst|altpll_component|auto_generated|pll1|inclk[0]
Warning (332060): Node: osc was determined to be a clock but was found without an associated clock assignment.
    Info (13166): Register counter:counter_inst|lpm_counter:LPM_COUNTER_component|cntr_aph:auto_generated|counter_reg_bit[0] is being clocked by osc
Warning (332060): Node: counter:counter_inst|lpm_counter:LPM_COUNTER_component|cntr_aph:auto_generated|counter_reg_bit[3] was determined to be a clock but was found without an associated clock assignment.
    Info (13166): Register lcd_1602:lcd_1602_inst|i2c:i2c_inst|nb[0] is being clocked by counter:counter_inst|lpm_counter:LPM_COUNTER_component|cntr_aph:auto_generated|counter_reg_bit[3]
Info (332154): The derive_clock_uncertainty command did not apply clock uncertainty to any clock-to-clock transfers.
Warning (332056): PLL cross checking found inconsistent PLL clock settings:
    Warning (332056): Node: pll_inst|altpll_component|auto_generated|pll1|clk[0] was found missing 1 generated clock that corresponds to a base clock with a period of: 20.000
Warning (332061): Virtual clock virt_clk_in is never referenced in any input or output delay assignment.
Warning (332061): Virtual clock virt_clk_out is never referenced in any input or output delay assignment.
Info (332140): No Setup paths to report
Info (332140): No Hold paths to report
Info (332140): No Recovery paths to report
Info (332140): No Removal paths to report
Info (332140): No Minimum Pulse Width paths to report
Info (332102): Design is not fully constrained for setup requirements
Info (332102): Design is not fully constrained for hold requirements
Info: Quartus Prime Timing Analyzer was successful. 0 errors, 125 warnings
    Info: Peak virtual memory: 4770 megabytes
    Info: Processing ended: Sat Jan 16 13:20:48 2021
    Info: Elapsed time: 00:00:04
    Info: Total CPU time (on all processors): 00:00:04


