Analysis & Synthesis report for uart
Fri Nov 06 01:26:19 2020
Quartus Prime Version 18.0.0 Build 614 04/24/2018 SJ Lite Edition


---------------------
; Table of Contents ;
---------------------
  1. Legal Notice
  2. Analysis & Synthesis Summary
  3. Analysis & Synthesis Settings
  4. Parallel Compilation
  5. Analysis & Synthesis Source Files Read
  6. Analysis & Synthesis Resource Usage Summary
  7. Analysis & Synthesis Resource Utilization by Entity
  8. Analysis & Synthesis IP Cores Summary
  9. Registers Removed During Synthesis
 10. Removed Registers Triggering Further Register Optimizations
 11. General Register Statistics
 12. Inverted Register Statistics
 13. Multiplexer Restructuring Statistics (Restructuring Performed)
 14. Parameter Settings for User Entity Instance: Top-level Entity: |uart
 15. Parameter Settings for User Entity Instance: pll:pll_inst|altpll:altpll_component
 16. Parameter Settings for Inferred Entity Instance: lpm_divide:Div0
 17. altpll Parameter Settings by Entity Instance
 18. Post-Synthesis Netlist Statistics for Top Partition
 19. Elapsed Time Per Partition
 20. Analysis & Synthesis Messages
 21. Analysis & Synthesis Suppressed Messages



----------------
; Legal Notice ;
----------------
Copyright (C) 2018  Intel Corporation. All rights reserved.
Your use of Intel Corporation's design tools, logic functions 
and other software and tools, and its AMPP partner logic 
functions, and any output files from any of the foregoing 
(including device programming or simulation files), and any 
associated documentation or information are expressly subject 
to the terms and conditions of the Intel Program License 
Subscription Agreement, the Intel Quartus Prime License Agreement,
the Intel FPGA IP License Agreement, or other applicable license
agreement, including, without limitation, that your use is for
the sole purpose of programming logic devices manufactured by
Intel and sold by Intel or its authorized distributors.  Please
refer to the applicable agreement for further details.



+----------------------------------------------------------------------------------+
; Analysis & Synthesis Summary                                                     ;
+------------------------------------+---------------------------------------------+
; Analysis & Synthesis Status        ; Successful - Fri Nov 06 01:26:19 2020       ;
; Quartus Prime Version              ; 18.0.0 Build 614 04/24/2018 SJ Lite Edition ;
; Revision Name                      ; uart                                        ;
; Top-level Entity Name              ; uart                                        ;
; Family                             ; Cyclone IV E                                ;
; Total logic elements               ; 1,347                                       ;
;     Total combinational functions  ; 1,347                                       ;
;     Dedicated logic registers      ; 111                                         ;
; Total registers                    ; 111                                         ;
; Total pins                         ; 54                                          ;
; Total virtual pins                 ; 0                                           ;
; Total memory bits                  ; 0                                           ;
; Embedded Multiplier 9-bit elements ; 0                                           ;
; Total PLLs                         ; 1                                           ;
+------------------------------------+---------------------------------------------+


+------------------------------------------------------------------------------------------------------------+
; Analysis & Synthesis Settings                                                                              ;
+------------------------------------------------------------------+--------------------+--------------------+
; Option                                                           ; Setting            ; Default Value      ;
+------------------------------------------------------------------+--------------------+--------------------+
; Device                                                           ; EP4CE6E22C8        ;                    ;
; Top-level entity name                                            ; uart               ; uart               ;
; Family name                                                      ; Cyclone IV E       ; Cyclone V          ;
; Maximum processors allowed for parallel compilation              ; All                ;                    ;
; Use smart compilation                                            ; Off                ; Off                ;
; Enable parallel Assembler and Timing Analyzer during compilation ; On                 ; On                 ;
; Enable compact report table                                      ; Off                ; Off                ;
; Restructure Multiplexers                                         ; Auto               ; Auto               ;
; Create Debugging Nodes for IP Cores                              ; Off                ; Off                ;
; Preserve fewer node names                                        ; On                 ; On                 ;
; Intel FPGA IP Evaluation Mode                                    ; Enable             ; Enable             ;
; Verilog Version                                                  ; Verilog_2001       ; Verilog_2001       ;
; VHDL Version                                                     ; VHDL_1993          ; VHDL_1993          ;
; State Machine Processing                                         ; Auto               ; Auto               ;
; Safe State Machine                                               ; Off                ; Off                ;
; Extract Verilog State Machines                                   ; On                 ; On                 ;
; Extract VHDL State Machines                                      ; On                 ; On                 ;
; Ignore Verilog initial constructs                                ; Off                ; Off                ;
; Iteration limit for constant Verilog loops                       ; 5000               ; 5000               ;
; Iteration limit for non-constant Verilog loops                   ; 250                ; 250                ;
; Add Pass-Through Logic to Inferred RAMs                          ; On                 ; On                 ;
; Infer RAMs from Raw Logic                                        ; On                 ; On                 ;
; Parallel Synthesis                                               ; On                 ; On                 ;
; DSP Block Balancing                                              ; Auto               ; Auto               ;
; NOT Gate Push-Back                                               ; On                 ; On                 ;
; Power-Up Don't Care                                              ; On                 ; On                 ;
; Remove Redundant Logic Cells                                     ; Off                ; Off                ;
; Remove Duplicate Registers                                       ; On                 ; On                 ;
; Ignore CARRY Buffers                                             ; Off                ; Off                ;
; Ignore CASCADE Buffers                                           ; Off                ; Off                ;
; Ignore GLOBAL Buffers                                            ; Off                ; Off                ;
; Ignore ROW GLOBAL Buffers                                        ; Off                ; Off                ;
; Ignore LCELL Buffers                                             ; Off                ; Off                ;
; Ignore SOFT Buffers                                              ; On                 ; On                 ;
; Limit AHDL Integers to 32 Bits                                   ; Off                ; Off                ;
; Optimization Technique                                           ; Balanced           ; Balanced           ;
; Carry Chain Length                                               ; 70                 ; 70                 ;
; Auto Carry Chains                                                ; On                 ; On                 ;
; Auto Open-Drain Pins                                             ; On                 ; On                 ;
; Perform WYSIWYG Primitive Resynthesis                            ; Off                ; Off                ;
; Auto ROM Replacement                                             ; On                 ; On                 ;
; Auto RAM Replacement                                             ; On                 ; On                 ;
; Auto DSP Block Replacement                                       ; On                 ; On                 ;
; Auto Shift Register Replacement                                  ; Auto               ; Auto               ;
; Allow Shift Register Merging across Hierarchies                  ; Auto               ; Auto               ;
; Auto Clock Enable Replacement                                    ; On                 ; On                 ;
; Strict RAM Replacement                                           ; Off                ; Off                ;
; Allow Synchronous Control Signals                                ; On                 ; On                 ;
; Force Use of Synchronous Clear Signals                           ; Off                ; Off                ;
; Auto RAM Block Balancing                                         ; On                 ; On                 ;
; Auto RAM to Logic Cell Conversion                                ; Off                ; Off                ;
; Auto Resource Sharing                                            ; Off                ; Off                ;
; Allow Any RAM Size For Recognition                               ; Off                ; Off                ;
; Allow Any ROM Size For Recognition                               ; Off                ; Off                ;
; Allow Any Shift Register Size For Recognition                    ; Off                ; Off                ;
; Use LogicLock Constraints during Resource Balancing              ; On                 ; On                 ;
; Ignore translate_off and synthesis_off directives                ; Off                ; Off                ;
; Timing-Driven Synthesis                                          ; On                 ; On                 ;
; Report Parameter Settings                                        ; On                 ; On                 ;
; Report Source Assignments                                        ; On                 ; On                 ;
; Report Connectivity Checks                                       ; On                 ; On                 ;
; Ignore Maximum Fan-Out Assignments                               ; Off                ; Off                ;
; Synchronization Register Chain Length                            ; 2                  ; 2                  ;
; Power Optimization During Synthesis                              ; Normal compilation ; Normal compilation ;
; HDL message level                                                ; Level2             ; Level2             ;
; Suppress Register Optimization Related Messages                  ; Off                ; Off                ;
; Number of Removed Registers Reported in Synthesis Report         ; 5000               ; 5000               ;
; Number of Swept Nodes Reported in Synthesis Report               ; 5000               ; 5000               ;
; Number of Inverted Registers Reported in Synthesis Report        ; 100                ; 100                ;
; Clock MUX Protection                                             ; On                 ; On                 ;
; Auto Gated Clock Conversion                                      ; Off                ; Off                ;
; Block Design Naming                                              ; Auto               ; Auto               ;
; SDC constraint protection                                        ; Off                ; Off                ;
; Synthesis Effort                                                 ; Auto               ; Auto               ;
; Shift Register Replacement - Allow Asynchronous Clear Signal     ; On                 ; On                 ;
; Pre-Mapping Resynthesis Optimization                             ; Off                ; Off                ;
; Analysis & Synthesis Message Level                               ; Medium             ; Medium             ;
; Disable Register Merging Across Hierarchies                      ; Auto               ; Auto               ;
; Resource Aware Inference For Block RAM                           ; On                 ; On                 ;
+------------------------------------------------------------------+--------------------+--------------------+


+------------------------------------------+
; Parallel Compilation                     ;
+----------------------------+-------------+
; Processors                 ; Number      ;
+----------------------------+-------------+
; Number detected on machine ; 4           ;
; Maximum allowed            ; 4           ;
;                            ;             ;
; Average used               ; 1.00        ;
; Maximum used               ; 4           ;
;                            ;             ;
; Usage by Processor         ; % Time Used ;
;     Processor 1            ; 100.0%      ;
;     Processor 2            ;   0.0%      ;
;     Processor 3            ;   0.0%      ;
;     Processor 4            ;   0.0%      ;
+----------------------------+-------------+


+----------------------------------------------------------------------------------------------------------------------------------------------------------------------------+
; Analysis & Synthesis Source Files Read                                                                                                                                     ;
+----------------------------------+-----------------+------------------------------+------------------------------------------------------------------------------+---------+
; File Name with User-Entered Path ; Used in Netlist ; File Type                    ; File Name with Absolute Path                                                 ; Library ;
+----------------------------------+-----------------+------------------------------+------------------------------------------------------------------------------+---------+
; uart.sv                          ; yes             ; User SystemVerilog HDL File  ; C:/Projects/FPGA/SystemVerilog/GitHubRelease/uart/uart.sv                    ;         ;
; pll.v                            ; yes             ; User Wizard-Generated File   ; C:/Projects/FPGA/SystemVerilog/GitHubRelease/uart/pll.v                      ;         ;
; altpll.tdf                       ; yes             ; Megafunction                 ; c:/intelfpga_lite/18.0/quartus/libraries/megafunctions/altpll.tdf            ;         ;
; aglobal180.inc                   ; yes             ; Megafunction                 ; c:/intelfpga_lite/18.0/quartus/libraries/megafunctions/aglobal180.inc        ;         ;
; stratix_pll.inc                  ; yes             ; Megafunction                 ; c:/intelfpga_lite/18.0/quartus/libraries/megafunctions/stratix_pll.inc       ;         ;
; stratixii_pll.inc                ; yes             ; Megafunction                 ; c:/intelfpga_lite/18.0/quartus/libraries/megafunctions/stratixii_pll.inc     ;         ;
; cycloneii_pll.inc                ; yes             ; Megafunction                 ; c:/intelfpga_lite/18.0/quartus/libraries/megafunctions/cycloneii_pll.inc     ;         ;
; db/pll_altpll.v                  ; yes             ; Auto-Generated Megafunction  ; C:/Projects/FPGA/SystemVerilog/GitHubRelease/uart/db/pll_altpll.v            ;         ;
; lpm_divide.tdf                   ; yes             ; Megafunction                 ; c:/intelfpga_lite/18.0/quartus/libraries/megafunctions/lpm_divide.tdf        ;         ;
; abs_divider.inc                  ; yes             ; Megafunction                 ; c:/intelfpga_lite/18.0/quartus/libraries/megafunctions/abs_divider.inc       ;         ;
; sign_div_unsign.inc              ; yes             ; Megafunction                 ; c:/intelfpga_lite/18.0/quartus/libraries/megafunctions/sign_div_unsign.inc   ;         ;
; db/lpm_divide_kkm.tdf            ; yes             ; Auto-Generated Megafunction  ; C:/Projects/FPGA/SystemVerilog/GitHubRelease/uart/db/lpm_divide_kkm.tdf      ;         ;
; db/sign_div_unsign_9nh.tdf       ; yes             ; Auto-Generated Megafunction  ; C:/Projects/FPGA/SystemVerilog/GitHubRelease/uart/db/sign_div_unsign_9nh.tdf ;         ;
; db/alt_u_div_6af.tdf             ; yes             ; Auto-Generated Megafunction  ; C:/Projects/FPGA/SystemVerilog/GitHubRelease/uart/db/alt_u_div_6af.tdf       ;         ;
; db/add_sub_7pc.tdf               ; yes             ; Auto-Generated Megafunction  ; C:/Projects/FPGA/SystemVerilog/GitHubRelease/uart/db/add_sub_7pc.tdf         ;         ;
; db/add_sub_8pc.tdf               ; yes             ; Auto-Generated Megafunction  ; C:/Projects/FPGA/SystemVerilog/GitHubRelease/uart/db/add_sub_8pc.tdf         ;         ;
+----------------------------------+-----------------+------------------------------+------------------------------------------------------------------------------+---------+


+-----------------------------------------------------+
; Analysis & Synthesis Resource Usage Summary         ;
+---------------------------------------------+-------+
; Resource                                    ; Usage ;
+---------------------------------------------+-------+
; Estimated Total logic elements              ; 1,347 ;
;                                             ;       ;
; Total combinational functions               ; 1347  ;
; Logic element usage by number of LUT inputs ;       ;
;     -- 4 input functions                    ; 579   ;
;     -- 3 input functions                    ; 541   ;
;     -- <=2 input functions                  ; 227   ;
;                                             ;       ;
; Logic elements by mode                      ;       ;
;     -- normal mode                          ; 715   ;
;     -- arithmetic mode                      ; 632   ;
;                                             ;       ;
; Total registers                             ; 111   ;
;     -- Dedicated logic registers            ; 111   ;
;     -- I/O registers                        ; 0     ;
;                                             ;       ;
; I/O pins                                    ; 54    ;
;                                             ;       ;
; Embedded Multiplier 9-bit elements          ; 0     ;
;                                             ;       ;
; Total PLLs                                  ; 1     ;
;     -- PLLs                                 ; 1     ;
;                                             ;       ;
; Maximum fan-out node                        ; sclk  ;
; Maximum fan-out                             ; 78    ;
; Total fan-out                               ; 4694  ;
; Average fan-out                             ; 3.00  ;
+---------------------------------------------+-------+


+----------------------------------------------------------------------------------------------------------------------------------------------------------------------------------------------------------------------------------------------------------------------------------------------------------------+
; Analysis & Synthesis Resource Utilization by Entity                                                                                                                                                                                                                                                            ;
+----------------------------------------+---------------------+---------------------------+-------------+--------------+---------+-----------+------+--------------+-------------------------------------------------------------------------------------------------------+---------------------+--------------+
; Compilation Hierarchy Node             ; Combinational ALUTs ; Dedicated Logic Registers ; Memory Bits ; DSP Elements ; DSP 9x9 ; DSP 18x18 ; Pins ; Virtual Pins ; Full Hierarchy Name                                                                                   ; Entity Name         ; Library Name ;
+----------------------------------------+---------------------+---------------------------+-------------+--------------+---------+-----------+------+--------------+-------------------------------------------------------------------------------------------------------+---------------------+--------------+
; |uart                                  ; 1347 (258)          ; 111 (111)                 ; 0           ; 0            ; 0       ; 0         ; 54   ; 0            ; |uart                                                                                                 ; uart                ; work         ;
;    |lpm_divide:Div0|                   ; 1089 (0)            ; 0 (0)                     ; 0           ; 0            ; 0       ; 0         ; 0    ; 0            ; |uart|lpm_divide:Div0                                                                                 ; lpm_divide          ; work         ;
;       |lpm_divide_kkm:auto_generated|  ; 1089 (0)            ; 0 (0)                     ; 0           ; 0            ; 0       ; 0         ; 0    ; 0            ; |uart|lpm_divide:Div0|lpm_divide_kkm:auto_generated                                                   ; lpm_divide_kkm      ; work         ;
;          |sign_div_unsign_9nh:divider| ; 1089 (0)            ; 0 (0)                     ; 0           ; 0            ; 0       ; 0         ; 0    ; 0            ; |uart|lpm_divide:Div0|lpm_divide_kkm:auto_generated|sign_div_unsign_9nh:divider                       ; sign_div_unsign_9nh ; work         ;
;             |alt_u_div_6af:divider|    ; 1089 (1089)         ; 0 (0)                     ; 0           ; 0            ; 0       ; 0         ; 0    ; 0            ; |uart|lpm_divide:Div0|lpm_divide_kkm:auto_generated|sign_div_unsign_9nh:divider|alt_u_div_6af:divider ; alt_u_div_6af       ; work         ;
;    |pll:pll_inst|                      ; 0 (0)               ; 0 (0)                     ; 0           ; 0            ; 0       ; 0         ; 0    ; 0            ; |uart|pll:pll_inst                                                                                    ; pll                 ; work         ;
;       |altpll:altpll_component|        ; 0 (0)               ; 0 (0)                     ; 0           ; 0            ; 0       ; 0         ; 0    ; 0            ; |uart|pll:pll_inst|altpll:altpll_component                                                            ; altpll              ; work         ;
;          |pll_altpll:auto_generated|   ; 0 (0)               ; 0 (0)                     ; 0           ; 0            ; 0       ; 0         ; 0    ; 0            ; |uart|pll:pll_inst|altpll:altpll_component|pll_altpll:auto_generated                                  ; pll_altpll          ; work         ;
+----------------------------------------+---------------------+---------------------------+-------------+--------------+---------+-----------+------+--------------+-------------------------------------------------------------------------------------------------------+---------------------+--------------+
Note: For table entries with two numbers listed, the numbers in parentheses indicate the number of resources of the given type used by the specific entity alone. The numbers listed outside of parentheses indicate the total resources of the given type used by the specific entity and all of its sub-entities in the hierarchy.


+------------------------------------------------------------------------------------------------------+
; Analysis & Synthesis IP Cores Summary                                                                ;
+--------+--------------+---------+--------------+--------------+--------------------+-----------------+
; Vendor ; IP Core Name ; Version ; Release Date ; License Type ; Entity Instance    ; IP Include File ;
+--------+--------------+---------+--------------+--------------+--------------------+-----------------+
; Altera ; ALTPLL       ; 18.0    ; N/A          ; N/A          ; |uart|pll:pll_inst ; pll.v           ;
+--------+--------------+---------+--------------+--------------+--------------------+-----------------+


+----------------------------------------------------------------------------------+
; Registers Removed During Synthesis                                               ;
+-----------------------------------------+----------------------------------------+
; Register name                           ; Reason for Removal                     ;
+-----------------------------------------+----------------------------------------+
; st_rx[2..31]                            ; Merged with st_rx[1]                   ;
; st_tx[2..9,11..31]                      ; Merged with st_tx[10]                  ;
; st_rx[1]                                ; Stuck at GND due to stuck port data_in ;
; st_tx[10]                               ; Stuck at GND due to stuck port data_in ;
; tx_id[31]                               ; Stuck at GND due to stuck port data_in ;
; rx_id[31]                               ; Stuck at GND due to stuck port data_in ;
; tx_id[2..30]                            ; Lost fanout                            ;
; tx_id[0,1]                              ; Stuck at GND due to stuck port data_in ;
; rx_id[0..30]                            ; Stuck at GND due to stuck port data_in ;
; Total Number of Removed Registers = 125 ;                                        ;
+-----------------------------------------+----------------------------------------+


+----------------------------------------------------------------------------------------------------------------------------------------------+
; Removed Registers Triggering Further Register Optimizations                                                                                  ;
+---------------+---------------------------+--------------------------------------------------------------------------------------------------+
; Register name ; Reason for Removal        ; Registers Removed due to This Register                                                           ;
+---------------+---------------------------+--------------------------------------------------------------------------------------------------+
; st_rx[1]      ; Stuck at GND              ; rx_id[31], rx_id[1], rx_id[0], rx_id[30], rx_id[29], rx_id[28], rx_id[27], rx_id[26], rx_id[25], ;
;               ; due to stuck port data_in ; rx_id[24], rx_id[23], rx_id[22], rx_id[21], rx_id[20], rx_id[19], rx_id[18], rx_id[17],          ;
;               ;                           ; rx_id[16], rx_id[15], rx_id[14], rx_id[13], rx_id[12], rx_id[11], rx_id[10], rx_id[9], rx_id[8], ;
;               ;                           ; rx_id[7], rx_id[6], rx_id[5], rx_id[4], rx_id[3], rx_id[2]                                       ;
; tx_id[31]     ; Stuck at GND              ; tx_id[0], tx_id[1]                                                                               ;
;               ; due to stuck port data_in ;                                                                                                  ;
+---------------+---------------------------+--------------------------------------------------------------------------------------------------+


+------------------------------------------------------+
; General Register Statistics                          ;
+----------------------------------------------+-------+
; Statistic                                    ; Value ;
+----------------------------------------------+-------+
; Total registers                              ; 111   ;
; Number of registers using Synchronous Clear  ; 40    ;
; Number of registers using Synchronous Load   ; 0     ;
; Number of registers using Asynchronous Clear ; 0     ;
; Number of registers using Asynchronous Load  ; 0     ;
; Number of registers using Clock Enable       ; 38    ;
; Number of registers using Preset             ; 0     ;
+----------------------------------------------+-------+


+--------------------------------------------------+
; Inverted Register Statistics                     ;
+----------------------------------------+---------+
; Inverted Register                      ; Fan out ;
+----------------------------------------+---------+
; tx~reg0                                ; 2       ;
; n_tx[3]                                ; 3       ;
; Total number of inverted registers = 2 ;         ;
+----------------------------------------+---------+


+------------------------------------------------------------------------------------------------------------------------------------------+
; Multiplexer Restructuring Statistics (Restructuring Performed)                                                                           ;
+--------------------+-----------+---------------+----------------------+------------------------+------------+----------------------------+
; Multiplexer Inputs ; Bus Width ; Baseline Area ; Area if Restructured ; Saving if Restructured ; Registered ; Example Multiplexer Output ;
+--------------------+-----------+---------------+----------------------+------------------------+------------+----------------------------+
; 3:1                ; 8 bits    ; 16 LEs        ; 8 LEs                ; 8 LEs                  ; Yes        ; |uart|rx_data[0][1]~reg0   ;
; 4:1                ; 32 bits   ; 64 LEs        ; 32 LEs               ; 32 LEs                 ; Yes        ; |uart|n_rx[9]              ;
; 3:1                ; 4 bits    ; 8 LEs         ; 4 LEs                ; 4 LEs                  ; No         ; |uart|ShiftLeft0           ;
; 3:1                ; 4 bits    ; 8 LEs         ; 4 LEs                ; 4 LEs                  ; No         ; |uart|ShiftLeft0           ;
+--------------------+-----------+---------------+----------------------+------------------------+------------+----------------------------+


+----------------------------------------------------------------------+
; Parameter Settings for User Entity Instance: Top-level Entity: |uart ;
+----------------+-------+---------------------------------------------+
; Parameter Name ; Value ; Type                                        ;
+----------------+-------+---------------------------------------------+
; sz             ; 1     ; Signed Integer                              ;
+----------------+-------+---------------------------------------------+
Note: In order to hide this table in the UI and the text report file, please set the "Show Parameter Settings in Synthesis Report" option in "Analysis and Synthesis Settings -> More Settings" to "Off".


+-----------------------------------------------------------------------------------+
; Parameter Settings for User Entity Instance: pll:pll_inst|altpll:altpll_component ;
+-------------------------------+-----------------------+---------------------------+
; Parameter Name                ; Value                 ; Type                      ;
+-------------------------------+-----------------------+---------------------------+
; OPERATION_MODE                ; NORMAL                ; Untyped                   ;
; PLL_TYPE                      ; AUTO                  ; Untyped                   ;
; LPM_HINT                      ; CBX_MODULE_PREFIX=pll ; Untyped                   ;
; QUALIFY_CONF_DONE             ; OFF                   ; Untyped                   ;
; COMPENSATE_CLOCK              ; CLK0                  ; Untyped                   ;
; SCAN_CHAIN                    ; LONG                  ; Untyped                   ;
; PRIMARY_CLOCK                 ; INCLK0                ; Untyped                   ;
; INCLK0_INPUT_FREQUENCY        ; 20000                 ; Signed Integer            ;
; INCLK1_INPUT_FREQUENCY        ; 0                     ; Untyped                   ;
; GATE_LOCK_SIGNAL              ; NO                    ; Untyped                   ;
; GATE_LOCK_COUNTER             ; 0                     ; Untyped                   ;
; LOCK_HIGH                     ; 1                     ; Untyped                   ;
; LOCK_LOW                      ; 1                     ; Untyped                   ;
; VALID_LOCK_MULTIPLIER         ; 1                     ; Untyped                   ;
; INVALID_LOCK_MULTIPLIER       ; 5                     ; Untyped                   ;
; SWITCH_OVER_ON_LOSSCLK        ; OFF                   ; Untyped                   ;
; SWITCH_OVER_ON_GATED_LOCK     ; OFF                   ; Untyped                   ;
; ENABLE_SWITCH_OVER_COUNTER    ; OFF                   ; Untyped                   ;
; SKIP_VCO                      ; OFF                   ; Untyped                   ;
; SWITCH_OVER_COUNTER           ; 0                     ; Untyped                   ;
; SWITCH_OVER_TYPE              ; AUTO                  ; Untyped                   ;
; FEEDBACK_SOURCE               ; EXTCLK0               ; Untyped                   ;
; BANDWIDTH                     ; 0                     ; Untyped                   ;
; BANDWIDTH_TYPE                ; AUTO                  ; Untyped                   ;
; SPREAD_FREQUENCY              ; 0                     ; Untyped                   ;
; DOWN_SPREAD                   ; 0                     ; Untyped                   ;
; SELF_RESET_ON_GATED_LOSS_LOCK ; OFF                   ; Untyped                   ;
; SELF_RESET_ON_LOSS_LOCK       ; OFF                   ; Untyped                   ;
; CLK9_MULTIPLY_BY              ; 0                     ; Untyped                   ;
; CLK8_MULTIPLY_BY              ; 0                     ; Untyped                   ;
; CLK7_MULTIPLY_BY              ; 0                     ; Untyped                   ;
; CLK6_MULTIPLY_BY              ; 0                     ; Untyped                   ;
; CLK5_MULTIPLY_BY              ; 1                     ; Untyped                   ;
; CLK4_MULTIPLY_BY              ; 1                     ; Untyped                   ;
; CLK3_MULTIPLY_BY              ; 1                     ; Untyped                   ;
; CLK2_MULTIPLY_BY              ; 1                     ; Untyped                   ;
; CLK1_MULTIPLY_BY              ; 1                     ; Untyped                   ;
; CLK0_MULTIPLY_BY              ; 1                     ; Signed Integer            ;
; CLK9_DIVIDE_BY                ; 0                     ; Untyped                   ;
; CLK8_DIVIDE_BY                ; 0                     ; Untyped                   ;
; CLK7_DIVIDE_BY                ; 0                     ; Untyped                   ;
; CLK6_DIVIDE_BY                ; 0                     ; Untyped                   ;
; CLK5_DIVIDE_BY                ; 1                     ; Untyped                   ;
; CLK4_DIVIDE_BY                ; 1                     ; Untyped                   ;
; CLK3_DIVIDE_BY                ; 1                     ; Untyped                   ;
; CLK2_DIVIDE_BY                ; 1                     ; Untyped                   ;
; CLK1_DIVIDE_BY                ; 1                     ; Untyped                   ;
; CLK0_DIVIDE_BY                ; 1                     ; Signed Integer            ;
; CLK9_PHASE_SHIFT              ; 0                     ; Untyped                   ;
; CLK8_PHASE_SHIFT              ; 0                     ; Untyped                   ;
; CLK7_PHASE_SHIFT              ; 0                     ; Untyped                   ;
; CLK6_PHASE_SHIFT              ; 0                     ; Untyped                   ;
; CLK5_PHASE_SHIFT              ; 0                     ; Untyped                   ;
; CLK4_PHASE_SHIFT              ; 0                     ; Untyped                   ;
; CLK3_PHASE_SHIFT              ; 0                     ; Untyped                   ;
; CLK2_PHASE_SHIFT              ; 0                     ; Untyped                   ;
; CLK1_PHASE_SHIFT              ; 0                     ; Untyped                   ;
; CLK0_PHASE_SHIFT              ; 0                     ; Untyped                   ;
; CLK5_TIME_DELAY               ; 0                     ; Untyped                   ;
; CLK4_TIME_DELAY               ; 0                     ; Untyped                   ;
; CLK3_TIME_DELAY               ; 0                     ; Untyped                   ;
; CLK2_TIME_DELAY               ; 0                     ; Untyped                   ;
; CLK1_TIME_DELAY               ; 0                     ; Untyped                   ;
; CLK0_TIME_DELAY               ; 0                     ; Untyped                   ;
; CLK9_DUTY_CYCLE               ; 50                    ; Untyped                   ;
; CLK8_DUTY_CYCLE               ; 50                    ; Untyped                   ;
; CLK7_DUTY_CYCLE               ; 50                    ; Untyped                   ;
; CLK6_DUTY_CYCLE               ; 50                    ; Untyped                   ;
; CLK5_DUTY_CYCLE               ; 50                    ; Untyped                   ;
; CLK4_DUTY_CYCLE               ; 50                    ; Untyped                   ;
; CLK3_DUTY_CYCLE               ; 50                    ; Untyped                   ;
; CLK2_DUTY_CYCLE               ; 50                    ; Untyped                   ;
; CLK1_DUTY_CYCLE               ; 50                    ; Untyped                   ;
; CLK0_DUTY_CYCLE               ; 50                    ; Signed Integer            ;
; CLK9_USE_EVEN_COUNTER_MODE    ; OFF                   ; Untyped                   ;
; CLK8_USE_EVEN_COUNTER_MODE    ; OFF                   ; Untyped                   ;
; CLK7_USE_EVEN_COUNTER_MODE    ; OFF                   ; Untyped                   ;
; CLK6_USE_EVEN_COUNTER_MODE    ; OFF                   ; Untyped                   ;
; CLK5_USE_EVEN_COUNTER_MODE    ; OFF                   ; Untyped                   ;
; CLK4_USE_EVEN_COUNTER_MODE    ; OFF                   ; Untyped                   ;
; CLK3_USE_EVEN_COUNTER_MODE    ; OFF                   ; Untyped                   ;
; CLK2_USE_EVEN_COUNTER_MODE    ; OFF                   ; Untyped                   ;
; CLK1_USE_EVEN_COUNTER_MODE    ; OFF                   ; Untyped                   ;
; CLK0_USE_EVEN_COUNTER_MODE    ; OFF                   ; Untyped                   ;
; CLK9_USE_EVEN_COUNTER_VALUE   ; OFF                   ; Untyped                   ;
; CLK8_USE_EVEN_COUNTER_VALUE   ; OFF                   ; Untyped                   ;
; CLK7_USE_EVEN_COUNTER_VALUE   ; OFF                   ; Untyped                   ;
; CLK6_USE_EVEN_COUNTER_VALUE   ; OFF                   ; Untyped                   ;
; CLK5_USE_EVEN_COUNTER_VALUE   ; OFF                   ; Untyped                   ;
; CLK4_USE_EVEN_COUNTER_VALUE   ; OFF                   ; Untyped                   ;
; CLK3_USE_EVEN_COUNTER_VALUE   ; OFF                   ; Untyped                   ;
; CLK2_USE_EVEN_COUNTER_VALUE   ; OFF                   ; Untyped                   ;
; CLK1_USE_EVEN_COUNTER_VALUE   ; OFF                   ; Untyped                   ;
; CLK0_USE_EVEN_COUNTER_VALUE   ; OFF                   ; Untyped                   ;
; LOCK_WINDOW_UI                ;  0.05                 ; Untyped                   ;
; LOCK_WINDOW_UI_BITS           ; UNUSED                ; Untyped                   ;
; VCO_RANGE_DETECTOR_LOW_BITS   ; UNUSED                ; Untyped                   ;
; VCO_RANGE_DETECTOR_HIGH_BITS  ; UNUSED                ; Untyped                   ;
; DPA_MULTIPLY_BY               ; 0                     ; Untyped                   ;
; DPA_DIVIDE_BY                 ; 1                     ; Untyped                   ;
; DPA_DIVIDER                   ; 0                     ; Untyped                   ;
; EXTCLK3_MULTIPLY_BY           ; 1                     ; Untyped                   ;
; EXTCLK2_MULTIPLY_BY           ; 1                     ; Untyped                   ;
; EXTCLK1_MULTIPLY_BY           ; 1                     ; Untyped                   ;
; EXTCLK0_MULTIPLY_BY           ; 1                     ; Untyped                   ;
; EXTCLK3_DIVIDE_BY             ; 1                     ; Untyped                   ;
; EXTCLK2_DIVIDE_BY             ; 1                     ; Untyped                   ;
; EXTCLK1_DIVIDE_BY             ; 1                     ; Untyped                   ;
; EXTCLK0_DIVIDE_BY             ; 1                     ; Untyped                   ;
; EXTCLK3_PHASE_SHIFT           ; 0                     ; Untyped                   ;
; EXTCLK2_PHASE_SHIFT           ; 0                     ; Untyped                   ;
; EXTCLK1_PHASE_SHIFT           ; 0                     ; Untyped                   ;
; EXTCLK0_PHASE_SHIFT           ; 0                     ; Untyped                   ;
; EXTCLK3_TIME_DELAY            ; 0                     ; Untyped                   ;
; EXTCLK2_TIME_DELAY            ; 0                     ; Untyped                   ;
; EXTCLK1_TIME_DELAY            ; 0                     ; Untyped                   ;
; EXTCLK0_TIME_DELAY            ; 0                     ; Untyped                   ;
; EXTCLK3_DUTY_CYCLE            ; 50                    ; Untyped                   ;
; EXTCLK2_DUTY_CYCLE            ; 50                    ; Untyped                   ;
; EXTCLK1_DUTY_CYCLE            ; 50                    ; Untyped                   ;
; EXTCLK0_DUTY_CYCLE            ; 50                    ; Untyped                   ;
; VCO_MULTIPLY_BY               ; 0                     ; Untyped                   ;
; VCO_DIVIDE_BY                 ; 0                     ; Untyped                   ;
; SCLKOUT0_PHASE_SHIFT          ; 0                     ; Untyped                   ;
; SCLKOUT1_PHASE_SHIFT          ; 0                     ; Untyped                   ;
; VCO_MIN                       ; 0                     ; Untyped                   ;
; VCO_MAX                       ; 0                     ; Untyped                   ;
; VCO_CENTER                    ; 0                     ; Untyped                   ;
; PFD_MIN                       ; 0                     ; Untyped                   ;
; PFD_MAX                       ; 0                     ; Untyped                   ;
; M_INITIAL                     ; 0                     ; Untyped                   ;
; M                             ; 0                     ; Untyped                   ;
; N                             ; 1                     ; Untyped                   ;
; M2                            ; 1                     ; Untyped                   ;
; N2                            ; 1                     ; Untyped                   ;
; SS                            ; 1                     ; Untyped                   ;
; C0_HIGH                       ; 0                     ; Untyped                   ;
; C1_HIGH                       ; 0                     ; Untyped                   ;
; C2_HIGH                       ; 0                     ; Untyped                   ;
; C3_HIGH                       ; 0                     ; Untyped                   ;
; C4_HIGH                       ; 0                     ; Untyped                   ;
; C5_HIGH                       ; 0                     ; Untyped                   ;
; C6_HIGH                       ; 0                     ; Untyped                   ;
; C7_HIGH                       ; 0                     ; Untyped                   ;
; C8_HIGH                       ; 0                     ; Untyped                   ;
; C9_HIGH                       ; 0                     ; Untyped                   ;
; C0_LOW                        ; 0                     ; Untyped                   ;
; C1_LOW                        ; 0                     ; Untyped                   ;
; C2_LOW                        ; 0                     ; Untyped                   ;
; C3_LOW                        ; 0                     ; Untyped                   ;
; C4_LOW                        ; 0                     ; Untyped                   ;
; C5_LOW                        ; 0                     ; Untyped                   ;
; C6_LOW                        ; 0                     ; Untyped                   ;
; C7_LOW                        ; 0                     ; Untyped                   ;
; C8_LOW                        ; 0                     ; Untyped                   ;
; C9_LOW                        ; 0                     ; Untyped                   ;
; C0_INITIAL                    ; 0                     ; Untyped                   ;
; C1_INITIAL                    ; 0                     ; Untyped                   ;
; C2_INITIAL                    ; 0                     ; Untyped                   ;
; C3_INITIAL                    ; 0                     ; Untyped                   ;
; C4_INITIAL                    ; 0                     ; Untyped                   ;
; C5_INITIAL                    ; 0                     ; Untyped                   ;
; C6_INITIAL                    ; 0                     ; Untyped                   ;
; C7_INITIAL                    ; 0                     ; Untyped                   ;
; C8_INITIAL                    ; 0                     ; Untyped                   ;
; C9_INITIAL                    ; 0                     ; Untyped                   ;
; C0_MODE                       ; BYPASS                ; Untyped                   ;
; C1_MODE                       ; BYPASS                ; Untyped                   ;
; C2_MODE                       ; BYPASS                ; Untyped                   ;
; C3_MODE                       ; BYPASS                ; Untyped                   ;
; C4_MODE                       ; BYPASS                ; Untyped                   ;
; C5_MODE                       ; BYPASS                ; Untyped                   ;
; C6_MODE                       ; BYPASS                ; Untyped                   ;
; C7_MODE                       ; BYPASS                ; Untyped                   ;
; C8_MODE                       ; BYPASS                ; Untyped                   ;
; C9_MODE                       ; BYPASS                ; Untyped                   ;
; C0_PH                         ; 0                     ; Untyped                   ;
; C1_PH                         ; 0                     ; Untyped                   ;
; C2_PH                         ; 0                     ; Untyped                   ;
; C3_PH                         ; 0                     ; Untyped                   ;
; C4_PH                         ; 0                     ; Untyped                   ;
; C5_PH                         ; 0                     ; Untyped                   ;
; C6_PH                         ; 0                     ; Untyped                   ;
; C7_PH                         ; 0                     ; Untyped                   ;
; C8_PH                         ; 0                     ; Untyped                   ;
; C9_PH                         ; 0                     ; Untyped                   ;
; L0_HIGH                       ; 1                     ; Untyped                   ;
; L1_HIGH                       ; 1                     ; Untyped                   ;
; G0_HIGH                       ; 1                     ; Untyped                   ;
; G1_HIGH                       ; 1                     ; Untyped                   ;
; G2_HIGH                       ; 1                     ; Untyped                   ;
; G3_HIGH                       ; 1                     ; Untyped                   ;
; E0_HIGH                       ; 1                     ; Untyped                   ;
; E1_HIGH                       ; 1                     ; Untyped                   ;
; E2_HIGH                       ; 1                     ; Untyped                   ;
; E3_HIGH                       ; 1                     ; Untyped                   ;
; L0_LOW                        ; 1                     ; Untyped                   ;
; L1_LOW                        ; 1                     ; Untyped                   ;
; G0_LOW                        ; 1                     ; Untyped                   ;
; G1_LOW                        ; 1                     ; Untyped                   ;
; G2_LOW                        ; 1                     ; Untyped                   ;
; G3_LOW                        ; 1                     ; Untyped                   ;
; E0_LOW                        ; 1                     ; Untyped                   ;
; E1_LOW                        ; 1                     ; Untyped                   ;
; E2_LOW                        ; 1                     ; Untyped                   ;
; E3_LOW                        ; 1                     ; Untyped                   ;
; L0_INITIAL                    ; 1                     ; Untyped                   ;
; L1_INITIAL                    ; 1                     ; Untyped                   ;
; G0_INITIAL                    ; 1                     ; Untyped                   ;
; G1_INITIAL                    ; 1                     ; Untyped                   ;
; G2_INITIAL                    ; 1                     ; Untyped                   ;
; G3_INITIAL                    ; 1                     ; Untyped                   ;
; E0_INITIAL                    ; 1                     ; Untyped                   ;
; E1_INITIAL                    ; 1                     ; Untyped                   ;
; E2_INITIAL                    ; 1                     ; Untyped                   ;
; E3_INITIAL                    ; 1                     ; Untyped                   ;
; L0_MODE                       ; BYPASS                ; Untyped                   ;
; L1_MODE                       ; BYPASS                ; Untyped                   ;
; G0_MODE                       ; BYPASS                ; Untyped                   ;
; G1_MODE                       ; BYPASS                ; Untyped                   ;
; G2_MODE                       ; BYPASS                ; Untyped                   ;
; G3_MODE                       ; BYPASS                ; Untyped                   ;
; E0_MODE                       ; BYPASS                ; Untyped                   ;
; E1_MODE                       ; BYPASS                ; Untyped                   ;
; E2_MODE                       ; BYPASS                ; Untyped                   ;
; E3_MODE                       ; BYPASS                ; Untyped                   ;
; L0_PH                         ; 0                     ; Untyped                   ;
; L1_PH                         ; 0                     ; Untyped                   ;
; G0_PH                         ; 0                     ; Untyped                   ;
; G1_PH                         ; 0                     ; Untyped                   ;
; G2_PH                         ; 0                     ; Untyped                   ;
; G3_PH                         ; 0                     ; Untyped                   ;
; E0_PH                         ; 0                     ; Untyped                   ;
; E1_PH                         ; 0                     ; Untyped                   ;
; E2_PH                         ; 0                     ; Untyped                   ;
; E3_PH                         ; 0                     ; Untyped                   ;
; M_PH                          ; 0                     ; Untyped                   ;
; C1_USE_CASC_IN                ; OFF                   ; Untyped                   ;
; C2_USE_CASC_IN                ; OFF                   ; Untyped                   ;
; C3_USE_CASC_IN                ; OFF                   ; Untyped                   ;
; C4_USE_CASC_IN                ; OFF                   ; Untyped                   ;
; C5_USE_CASC_IN                ; OFF                   ; Untyped                   ;
; C6_USE_CASC_IN                ; OFF                   ; Untyped                   ;
; C7_USE_CASC_IN                ; OFF                   ; Untyped                   ;
; C8_USE_CASC_IN                ; OFF                   ; Untyped                   ;
; C9_USE_CASC_IN                ; OFF                   ; Untyped                   ;
; CLK0_COUNTER                  ; G0                    ; Untyped                   ;
; CLK1_COUNTER                  ; G0                    ; Untyped                   ;
; CLK2_COUNTER                  ; G0                    ; Untyped                   ;
; CLK3_COUNTER                  ; G0                    ; Untyped                   ;
; CLK4_COUNTER                  ; G0                    ; Untyped                   ;
; CLK5_COUNTER                  ; G0                    ; Untyped                   ;
; CLK6_COUNTER                  ; E0                    ; Untyped                   ;
; CLK7_COUNTER                  ; E1                    ; Untyped                   ;
; CLK8_COUNTER                  ; E2                    ; Untyped                   ;
; CLK9_COUNTER                  ; E3                    ; Untyped                   ;
; L0_TIME_DELAY                 ; 0                     ; Untyped                   ;
; L1_TIME_DELAY                 ; 0                     ; Untyped                   ;
; G0_TIME_DELAY                 ; 0                     ; Untyped                   ;
; G1_TIME_DELAY                 ; 0                     ; Untyped                   ;
; G2_TIME_DELAY                 ; 0                     ; Untyped                   ;
; G3_TIME_DELAY                 ; 0                     ; Untyped                   ;
; E0_TIME_DELAY                 ; 0                     ; Untyped                   ;
; E1_TIME_DELAY                 ; 0                     ; Untyped                   ;
; E2_TIME_DELAY                 ; 0                     ; Untyped                   ;
; E3_TIME_DELAY                 ; 0                     ; Untyped                   ;
; M_TIME_DELAY                  ; 0                     ; Untyped                   ;
; N_TIME_DELAY                  ; 0                     ; Untyped                   ;
; EXTCLK3_COUNTER               ; E3                    ; Untyped                   ;
; EXTCLK2_COUNTER               ; E2                    ; Untyped                   ;
; EXTCLK1_COUNTER               ; E1                    ; Untyped                   ;
; EXTCLK0_COUNTER               ; E0                    ; Untyped                   ;
; ENABLE0_COUNTER               ; L0                    ; Untyped                   ;
; ENABLE1_COUNTER               ; L0                    ; Untyped                   ;
; CHARGE_PUMP_CURRENT           ; 2                     ; Untyped                   ;
; LOOP_FILTER_R                 ;  1.000000             ; Untyped                   ;
; LOOP_FILTER_C                 ; 5                     ; Untyped                   ;
; CHARGE_PUMP_CURRENT_BITS      ; 9999                  ; Untyped                   ;
; LOOP_FILTER_R_BITS            ; 9999                  ; Untyped                   ;
; LOOP_FILTER_C_BITS            ; 9999                  ; Untyped                   ;
; VCO_POST_SCALE                ; 0                     ; Untyped                   ;
; CLK2_OUTPUT_FREQUENCY         ; 0                     ; Untyped                   ;
; CLK1_OUTPUT_FREQUENCY         ; 0                     ; Untyped                   ;
; CLK0_OUTPUT_FREQUENCY         ; 0                     ; Untyped                   ;
; INTENDED_DEVICE_FAMILY        ; Cyclone IV E          ; Untyped                   ;
; PORT_CLKENA0                  ; PORT_UNUSED           ; Untyped                   ;
; PORT_CLKENA1                  ; PORT_UNUSED           ; Untyped                   ;
; PORT_CLKENA2                  ; PORT_UNUSED           ; Untyped                   ;
; PORT_CLKENA3                  ; PORT_UNUSED           ; Untyped                   ;
; PORT_CLKENA4                  ; PORT_UNUSED           ; Untyped                   ;
; PORT_CLKENA5                  ; PORT_UNUSED           ; Untyped                   ;
; PORT_EXTCLKENA0               ; PORT_CONNECTIVITY     ; Untyped                   ;
; PORT_EXTCLKENA1               ; PORT_CONNECTIVITY     ; Untyped                   ;
; PORT_EXTCLKENA2               ; PORT_CONNECTIVITY     ; Untyped                   ;
; PORT_EXTCLKENA3               ; PORT_CONNECTIVITY     ; Untyped                   ;
; PORT_EXTCLK0                  ; PORT_UNUSED           ; Untyped                   ;
; PORT_EXTCLK1                  ; PORT_UNUSED           ; Untyped                   ;
; PORT_EXTCLK2                  ; PORT_UNUSED           ; Untyped                   ;
; PORT_EXTCLK3                  ; PORT_UNUSED           ; Untyped                   ;
; PORT_CLKBAD0                  ; PORT_UNUSED           ; Untyped                   ;
; PORT_CLKBAD1                  ; PORT_UNUSED           ; Untyped                   ;
; PORT_CLK0                     ; PORT_USED             ; Untyped                   ;
; PORT_CLK1                     ; PORT_UNUSED           ; Untyped                   ;
; PORT_CLK2                     ; PORT_UNUSED           ; Untyped                   ;
; PORT_CLK3                     ; PORT_UNUSED           ; Untyped                   ;
; PORT_CLK4                     ; PORT_UNUSED           ; Untyped                   ;
; PORT_CLK5                     ; PORT_UNUSED           ; Untyped                   ;
; PORT_CLK6                     ; PORT_UNUSED           ; Untyped                   ;
; PORT_CLK7                     ; PORT_UNUSED           ; Untyped                   ;
; PORT_CLK8                     ; PORT_UNUSED           ; Untyped                   ;
; PORT_CLK9                     ; PORT_UNUSED           ; Untyped                   ;
; PORT_SCANDATA                 ; PORT_UNUSED           ; Untyped                   ;
; PORT_SCANDATAOUT              ; PORT_UNUSED           ; Untyped                   ;
; PORT_SCANDONE                 ; PORT_UNUSED           ; Untyped                   ;
; PORT_SCLKOUT1                 ; PORT_CONNECTIVITY     ; Untyped                   ;
; PORT_SCLKOUT0                 ; PORT_CONNECTIVITY     ; Untyped                   ;
; PORT_ACTIVECLOCK              ; PORT_UNUSED           ; Untyped                   ;
; PORT_CLKLOSS                  ; PORT_UNUSED           ; Untyped                   ;
; PORT_INCLK1                   ; PORT_UNUSED           ; Untyped                   ;
; PORT_INCLK0                   ; PORT_USED             ; Untyped                   ;
; PORT_FBIN                     ; PORT_UNUSED           ; Untyped                   ;
; PORT_PLLENA                   ; PORT_UNUSED           ; Untyped                   ;
; PORT_CLKSWITCH                ; PORT_UNUSED           ; Untyped                   ;
; PORT_ARESET                   ; PORT_UNUSED           ; Untyped                   ;
; PORT_PFDENA                   ; PORT_UNUSED           ; Untyped                   ;
; PORT_SCANCLK                  ; PORT_UNUSED           ; Untyped                   ;
; PORT_SCANACLR                 ; PORT_UNUSED           ; Untyped                   ;
; PORT_SCANREAD                 ; PORT_UNUSED           ; Untyped                   ;
; PORT_SCANWRITE                ; PORT_UNUSED           ; Untyped                   ;
; PORT_ENABLE0                  ; PORT_CONNECTIVITY     ; Untyped                   ;
; PORT_ENABLE1                  ; PORT_CONNECTIVITY     ; Untyped                   ;
; PORT_LOCKED                   ; PORT_UNUSED           ; Untyped                   ;
; PORT_CONFIGUPDATE             ; PORT_UNUSED           ; Untyped                   ;
; PORT_FBOUT                    ; PORT_CONNECTIVITY     ; Untyped                   ;
; PORT_PHASEDONE                ; PORT_UNUSED           ; Untyped                   ;
; PORT_PHASESTEP                ; PORT_UNUSED           ; Untyped                   ;
; PORT_PHASEUPDOWN              ; PORT_UNUSED           ; Untyped                   ;
; PORT_SCANCLKENA               ; PORT_UNUSED           ; Untyped                   ;
; PORT_PHASECOUNTERSELECT       ; PORT_UNUSED           ; Untyped                   ;
; PORT_VCOOVERRANGE             ; PORT_CONNECTIVITY     ; Untyped                   ;
; PORT_VCOUNDERRANGE            ; PORT_CONNECTIVITY     ; Untyped                   ;
; M_TEST_SOURCE                 ; 5                     ; Untyped                   ;
; C0_TEST_SOURCE                ; 5                     ; Untyped                   ;
; C1_TEST_SOURCE                ; 5                     ; Untyped                   ;
; C2_TEST_SOURCE                ; 5                     ; Untyped                   ;
; C3_TEST_SOURCE                ; 5                     ; Untyped                   ;
; C4_TEST_SOURCE                ; 5                     ; Untyped                   ;
; C5_TEST_SOURCE                ; 5                     ; Untyped                   ;
; C6_TEST_SOURCE                ; 5                     ; Untyped                   ;
; C7_TEST_SOURCE                ; 5                     ; Untyped                   ;
; C8_TEST_SOURCE                ; 5                     ; Untyped                   ;
; C9_TEST_SOURCE                ; 5                     ; Untyped                   ;
; CBXI_PARAMETER                ; pll_altpll            ; Untyped                   ;
; VCO_FREQUENCY_CONTROL         ; AUTO                  ; Untyped                   ;
; VCO_PHASE_SHIFT_STEP          ; 0                     ; Untyped                   ;
; WIDTH_CLOCK                   ; 5                     ; Signed Integer            ;
; WIDTH_PHASECOUNTERSELECT      ; 4                     ; Untyped                   ;
; USING_FBMIMICBIDIR_PORT       ; OFF                   ; Untyped                   ;
; DEVICE_FAMILY                 ; Cyclone IV E          ; Untyped                   ;
; SCAN_CHAIN_MIF_FILE           ; UNUSED                ; Untyped                   ;
; SIM_GATE_LOCK_DEVICE_BEHAVIOR ; OFF                   ; Untyped                   ;
; AUTO_CARRY_CHAINS             ; ON                    ; AUTO_CARRY                ;
; IGNORE_CARRY_BUFFERS          ; OFF                   ; IGNORE_CARRY              ;
; AUTO_CASCADE_CHAINS           ; ON                    ; AUTO_CASCADE              ;
; IGNORE_CASCADE_BUFFERS        ; OFF                   ; IGNORE_CASCADE            ;
+-------------------------------+-----------------------+---------------------------+
Note: In order to hide this table in the UI and the text report file, please set the "Show Parameter Settings in Synthesis Report" option in "Analysis and Synthesis Settings -> More Settings" to "Off".


+------------------------------------------------------------------+
; Parameter Settings for Inferred Entity Instance: lpm_divide:Div0 ;
+------------------------+----------------+------------------------+
; Parameter Name         ; Value          ; Type                   ;
+------------------------+----------------+------------------------+
; LPM_WIDTHN             ; 26             ; Untyped                ;
; LPM_WIDTHD             ; 32             ; Untyped                ;
; LPM_NREPRESENTATION    ; UNSIGNED       ; Untyped                ;
; LPM_DREPRESENTATION    ; UNSIGNED       ; Untyped                ;
; LPM_PIPELINE           ; 0              ; Untyped                ;
; LPM_REMAINDERPOSITIVE  ; TRUE           ; Untyped                ;
; MAXIMIZE_SPEED         ; 5              ; Untyped                ;
; CBXI_PARAMETER         ; lpm_divide_kkm ; Untyped                ;
; CARRY_CHAIN            ; MANUAL         ; Untyped                ;
; OPTIMIZE_FOR_SPEED     ; 5              ; Untyped                ;
; AUTO_CARRY_CHAINS      ; ON             ; AUTO_CARRY             ;
; IGNORE_CARRY_BUFFERS   ; OFF            ; IGNORE_CARRY           ;
; AUTO_CASCADE_CHAINS    ; ON             ; AUTO_CASCADE           ;
; IGNORE_CASCADE_BUFFERS ; OFF            ; IGNORE_CASCADE         ;
+------------------------+----------------+------------------------+
Note: In order to hide this table in the UI and the text report file, please set the "Show Parameter Settings in Synthesis Report" option in "Analysis and Synthesis Settings -> More Settings" to "Off".


+----------------------------------------------------------------------+
; altpll Parameter Settings by Entity Instance                         ;
+-------------------------------+--------------------------------------+
; Name                          ; Value                                ;
+-------------------------------+--------------------------------------+
; Number of entity instances    ; 1                                    ;
; Entity Instance               ; pll:pll_inst|altpll:altpll_component ;
;     -- OPERATION_MODE         ; NORMAL                               ;
;     -- PLL_TYPE               ; AUTO                                 ;
;     -- PRIMARY_CLOCK          ; INCLK0                               ;
;     -- INCLK0_INPUT_FREQUENCY ; 20000                                ;
;     -- INCLK1_INPUT_FREQUENCY ; 0                                    ;
;     -- VCO_MULTIPLY_BY        ; 0                                    ;
;     -- VCO_DIVIDE_BY          ; 0                                    ;
+-------------------------------+--------------------------------------+


+-----------------------------------------------------+
; Post-Synthesis Netlist Statistics for Top Partition ;
+-----------------------+-----------------------------+
; Type                  ; Count                       ;
+-----------------------+-----------------------------+
; boundary_port         ; 54                          ;
; cycloneiii_ff         ; 111                         ;
;     ENA               ; 30                          ;
;     ENA SCLR          ; 8                           ;
;     SCLR              ; 32                          ;
;     plain             ; 41                          ;
; cycloneiii_lcell_comb ; 1348                        ;
;     arith             ; 632                         ;
;         2 data inputs ; 139                         ;
;         3 data inputs ; 493                         ;
;     normal            ; 716                         ;
;         0 data inputs ; 31                          ;
;         1 data inputs ; 5                           ;
;         2 data inputs ; 53                          ;
;         3 data inputs ; 48                          ;
;         4 data inputs ; 579                         ;
; cycloneiii_pll        ; 1                           ;
;                       ;                             ;
; Max LUT depth         ; 123.90                      ;
; Average LUT depth     ; 96.91                       ;
+-----------------------+-----------------------------+


+-------------------------------+
; Elapsed Time Per Partition    ;
+----------------+--------------+
; Partition Name ; Elapsed Time ;
+----------------+--------------+
; Top            ; 00:00:02     ;
+----------------+--------------+


+-------------------------------+
; Analysis & Synthesis Messages ;
+-------------------------------+
Info: *******************************************************************
Info: Running Quartus Prime Analysis & Synthesis
    Info: Version 18.0.0 Build 614 04/24/2018 SJ Lite Edition
    Info: Processing started: Fri Nov 06 01:26:03 2020
Info: Command: quartus_map --read_settings_files=on --write_settings_files=off uart -c uart
Info (20030): Parallel compilation is enabled and will use 4 of the 4 processors detected
Info (12021): Found 2 design units, including 1 entities, in source file uart.sv
    Info (12022): Found design unit 1: conf_t (SystemVerilog) File: C:/Projects/FPGA/SystemVerilog/GitHubRelease/uart/uart.sv Line: 3
    Info (12023): Found entity 1: uart File: C:/Projects/FPGA/SystemVerilog/GitHubRelease/uart/uart.sv Line: 24
Info (12021): Found 1 design units, including 1 entities, in source file pll.v
    Info (12023): Found entity 1: pll File: C:/Projects/FPGA/SystemVerilog/GitHubRelease/uart/pll.v Line: 39
Info (12021): Found 1 design units, including 1 entities, in source file tb_uart.sv
    Info (12023): Found entity 1: tb_uart File: C:/Projects/FPGA/SystemVerilog/GitHubRelease/uart/tb_uart.sv Line: 5
Info (12127): Elaborating entity "uart" for the top level hierarchy
Warning (10764): Verilog HDL warning at uart.sv(95): converting signed shift amount to unsigned File: C:/Projects/FPGA/SystemVerilog/GitHubRelease/uart/uart.sv Line: 95
Warning (10230): Verilog HDL assignment warning at uart.sv(95): truncated value with size 8 to match size of target (1) File: C:/Projects/FPGA/SystemVerilog/GitHubRelease/uart/uart.sv Line: 95
Warning (10764): Verilog HDL warning at uart.sv(145): converting signed shift amount to unsigned File: C:/Projects/FPGA/SystemVerilog/GitHubRelease/uart/uart.sv Line: 145
Info (12128): Elaborating entity "pll" for hierarchy "pll:pll_inst" File: C:/Projects/FPGA/SystemVerilog/GitHubRelease/uart/uart.sv Line: 53
Info (12128): Elaborating entity "altpll" for hierarchy "pll:pll_inst|altpll:altpll_component" File: C:/Projects/FPGA/SystemVerilog/GitHubRelease/uart/pll.v Line: 90
Info (12130): Elaborated megafunction instantiation "pll:pll_inst|altpll:altpll_component" File: C:/Projects/FPGA/SystemVerilog/GitHubRelease/uart/pll.v Line: 90
Info (12133): Instantiated megafunction "pll:pll_inst|altpll:altpll_component" with the following parameter: File: C:/Projects/FPGA/SystemVerilog/GitHubRelease/uart/pll.v Line: 90
    Info (12134): Parameter "bandwidth_type" = "AUTO"
    Info (12134): Parameter "clk0_divide_by" = "1"
    Info (12134): Parameter "clk0_duty_cycle" = "50"
    Info (12134): Parameter "clk0_multiply_by" = "1"
    Info (12134): Parameter "clk0_phase_shift" = "0"
    Info (12134): Parameter "compensate_clock" = "CLK0"
    Info (12134): Parameter "inclk0_input_frequency" = "20000"
    Info (12134): Parameter "intended_device_family" = "Cyclone IV E"
    Info (12134): Parameter "lpm_hint" = "CBX_MODULE_PREFIX=pll"
    Info (12134): Parameter "lpm_type" = "altpll"
    Info (12134): Parameter "operation_mode" = "NORMAL"
    Info (12134): Parameter "pll_type" = "AUTO"
    Info (12134): Parameter "port_activeclock" = "PORT_UNUSED"
    Info (12134): Parameter "port_areset" = "PORT_UNUSED"
    Info (12134): Parameter "port_clkbad0" = "PORT_UNUSED"
    Info (12134): Parameter "port_clkbad1" = "PORT_UNUSED"
    Info (12134): Parameter "port_clkloss" = "PORT_UNUSED"
    Info (12134): Parameter "port_clkswitch" = "PORT_UNUSED"
    Info (12134): Parameter "port_configupdate" = "PORT_UNUSED"
    Info (12134): Parameter "port_fbin" = "PORT_UNUSED"
    Info (12134): Parameter "port_inclk0" = "PORT_USED"
    Info (12134): Parameter "port_inclk1" = "PORT_UNUSED"
    Info (12134): Parameter "port_locked" = "PORT_UNUSED"
    Info (12134): Parameter "port_pfdena" = "PORT_UNUSED"
    Info (12134): Parameter "port_phasecounterselect" = "PORT_UNUSED"
    Info (12134): Parameter "port_phasedone" = "PORT_UNUSED"
    Info (12134): Parameter "port_phasestep" = "PORT_UNUSED"
    Info (12134): Parameter "port_phaseupdown" = "PORT_UNUSED"
    Info (12134): Parameter "port_pllena" = "PORT_UNUSED"
    Info (12134): Parameter "port_scanaclr" = "PORT_UNUSED"
    Info (12134): Parameter "port_scanclk" = "PORT_UNUSED"
    Info (12134): Parameter "port_scanclkena" = "PORT_UNUSED"
    Info (12134): Parameter "port_scandata" = "PORT_UNUSED"
    Info (12134): Parameter "port_scandataout" = "PORT_UNUSED"
    Info (12134): Parameter "port_scandone" = "PORT_UNUSED"
    Info (12134): Parameter "port_scanread" = "PORT_UNUSED"
    Info (12134): Parameter "port_scanwrite" = "PORT_UNUSED"
    Info (12134): Parameter "port_clk0" = "PORT_USED"
    Info (12134): Parameter "port_clk1" = "PORT_UNUSED"
    Info (12134): Parameter "port_clk2" = "PORT_UNUSED"
    Info (12134): Parameter "port_clk3" = "PORT_UNUSED"
    Info (12134): Parameter "port_clk4" = "PORT_UNUSED"
    Info (12134): Parameter "port_clk5" = "PORT_UNUSED"
    Info (12134): Parameter "port_clkena0" = "PORT_UNUSED"
    Info (12134): Parameter "port_clkena1" = "PORT_UNUSED"
    Info (12134): Parameter "port_clkena2" = "PORT_UNUSED"
    Info (12134): Parameter "port_clkena3" = "PORT_UNUSED"
    Info (12134): Parameter "port_clkena4" = "PORT_UNUSED"
    Info (12134): Parameter "port_clkena5" = "PORT_UNUSED"
    Info (12134): Parameter "port_extclk0" = "PORT_UNUSED"
    Info (12134): Parameter "port_extclk1" = "PORT_UNUSED"
    Info (12134): Parameter "port_extclk2" = "PORT_UNUSED"
    Info (12134): Parameter "port_extclk3" = "PORT_UNUSED"
    Info (12134): Parameter "width_clock" = "5"
Info (12021): Found 1 design units, including 1 entities, in source file db/pll_altpll.v
    Info (12023): Found entity 1: pll_altpll File: C:/Projects/FPGA/SystemVerilog/GitHubRelease/uart/db/pll_altpll.v Line: 29
Info (12128): Elaborating entity "pll_altpll" for hierarchy "pll:pll_inst|altpll:altpll_component|pll_altpll:auto_generated" File: c:/intelfpga_lite/18.0/quartus/libraries/megafunctions/altpll.tdf Line: 897
Info (278001): Inferred 1 megafunctions from design logic
    Info (278004): Inferred divider/modulo megafunction ("lpm_divide") from the following logic: "Div0" File: C:/Projects/FPGA/SystemVerilog/GitHubRelease/uart/uart.sv Line: 60
Info (12130): Elaborated megafunction instantiation "lpm_divide:Div0" File: C:/Projects/FPGA/SystemVerilog/GitHubRelease/uart/uart.sv Line: 60
Info (12133): Instantiated megafunction "lpm_divide:Div0" with the following parameter: File: C:/Projects/FPGA/SystemVerilog/GitHubRelease/uart/uart.sv Line: 60
    Info (12134): Parameter "LPM_WIDTHN" = "26"
    Info (12134): Parameter "LPM_WIDTHD" = "32"
    Info (12134): Parameter "LPM_NREPRESENTATION" = "UNSIGNED"
    Info (12134): Parameter "LPM_DREPRESENTATION" = "UNSIGNED"
Info (12021): Found 1 design units, including 1 entities, in source file db/lpm_divide_kkm.tdf
    Info (12023): Found entity 1: lpm_divide_kkm File: C:/Projects/FPGA/SystemVerilog/GitHubRelease/uart/db/lpm_divide_kkm.tdf Line: 24
Info (12021): Found 1 design units, including 1 entities, in source file db/sign_div_unsign_9nh.tdf
    Info (12023): Found entity 1: sign_div_unsign_9nh File: C:/Projects/FPGA/SystemVerilog/GitHubRelease/uart/db/sign_div_unsign_9nh.tdf Line: 24
Info (12021): Found 1 design units, including 1 entities, in source file db/alt_u_div_6af.tdf
    Info (12023): Found entity 1: alt_u_div_6af File: C:/Projects/FPGA/SystemVerilog/GitHubRelease/uart/db/alt_u_div_6af.tdf Line: 26
Info (12021): Found 1 design units, including 1 entities, in source file db/add_sub_7pc.tdf
    Info (12023): Found entity 1: add_sub_7pc File: C:/Projects/FPGA/SystemVerilog/GitHubRelease/uart/db/add_sub_7pc.tdf Line: 22
Info (12021): Found 1 design units, including 1 entities, in source file db/add_sub_8pc.tdf
    Info (12023): Found entity 1: add_sub_8pc File: C:/Projects/FPGA/SystemVerilog/GitHubRelease/uart/db/add_sub_8pc.tdf Line: 22
Info (286030): Timing-Driven Synthesis is running
Info (17049): 29 registers lost all their fanouts during netlist optimizations.
Info (144001): Generated suppressed messages file C:/Projects/FPGA/SystemVerilog/GitHubRelease/uart/output_files/uart.map.smsg
Info (16010): Generating hard_block partition "hard_block:auto_generated_inst"
    Info (16011): Adding 1 node(s), including 0 DDIO, 1 PLL, 0 transceiver and 0 LCELL
Info (21057): Implemented 1402 device resources after synthesis - the final resource count might be different
    Info (21058): Implemented 43 input pins
    Info (21059): Implemented 11 output pins
    Info (21061): Implemented 1347 logic cells
    Info (21065): Implemented 1 PLLs
Info: Quartus Prime Analysis & Synthesis was successful. 0 errors, 3 warnings
    Info: Peak virtual memory: 4787 megabytes
    Info: Processing ended: Fri Nov 06 01:26:19 2020
    Info: Elapsed time: 00:00:16
    Info: Total CPU time (on all processors): 00:00:27


+------------------------------------------+
; Analysis & Synthesis Suppressed Messages ;
+------------------------------------------+
The suppressed messages can be found in C:/Projects/FPGA/SystemVerilog/GitHubRelease/uart/output_files/uart.map.smsg.


