EDA Netlist Writer report for i2c
Sun May 21 11:40:54 2023
Quartus Prime Version 18.0.0 Build 614 04/24/2018 SJ Lite Edition


---------------------
; Table of Contents ;
---------------------
  1. Legal Notice
  2. EDA Netlist Writer Summary
  3. Simulation Settings
  4. Simulation Generated Files
  5. EDA Netlist Writer Messages



----------------
; Legal Notice ;
----------------
Copyright (C) 2018  Intel Corporation. All rights reserved.
Your use of Intel Corporation's design tools, logic functions 
and other software and tools, and its AMPP partner logic 
functions, and any output files from any of the foregoing 
(including device programming or simulation files), and any 
associated documentation or information are expressly subject 
to the terms and conditions of the Intel Program License 
Subscription Agreement, the Intel Quartus Prime License Agreement,
the Intel FPGA IP License Agreement, or other applicable license
agreement, including, without limitation, that your use is for
the sole purpose of programming logic devices manufactured by
Intel and sold by Intel or its authorized distributors.  Please
refer to the applicable agreement for further details.



+-------------------------------------------------------------------+
; EDA Netlist Writer Summary                                        ;
+---------------------------+---------------------------------------+
; EDA Netlist Writer Status ; Successful - Sun May 21 11:40:54 2023 ;
; Revision Name             ; i2c                                   ;
; Top-level Entity Name     ; i2c                                   ;
; Family                    ; Cyclone IV E                          ;
; Simulation Files Creation ; Successful                            ;
+---------------------------+---------------------------------------+


+-------------------------------------------------------------------------------------------------------------------------------------+
; Simulation Settings                                                                                                                 ;
+---------------------------------------------------------------------------------------------------+---------------------------------+
; Option                                                                                            ; Setting                         ;
+---------------------------------------------------------------------------------------------------+---------------------------------+
; Tool Name                                                                                         ; ModelSim-Altera (SystemVerilog) ;
; Generate functional simulation netlist                                                            ; Off                             ;
; Time scale                                                                                        ; 1 ps                            ;
; Truncate long hierarchy paths                                                                     ; Off                             ;
; Map illegal HDL characters                                                                        ; Off                             ;
; Flatten buses into individual nodes                                                               ; Off                             ;
; Maintain hierarchy                                                                                ; Off                             ;
; Bring out device-wide set/reset signals as ports                                                  ; Off                             ;
; Enable glitch filtering                                                                           ; Off                             ;
; Do not write top level VHDL entity                                                                ; Off                             ;
; Disable detection of setup and hold time violations in the input registers of bi-directional pins ; Off                             ;
; Architecture name in VHDL output netlist                                                          ; structure                       ;
; Generate third-party EDA tool command script for RTL functional simulation                        ; Off                             ;
; Generate third-party EDA tool command script for gate-level simulation                            ; Off                             ;
+---------------------------------------------------------------------------------------------------+---------------------------------+


+--------------------------------------------------------------------------------------------+
; Simulation Generated Files                                                                 ;
+--------------------------------------------------------------------------------------------+
; Generated Files                                                                            ;
+--------------------------------------------------------------------------------------------+
; /home/user/Projects/cyclone_iv/i2c/i2c_if/simulation/modelsim/i2c_8_1200mv_85c_slow.svo    ;
; /home/user/Projects/cyclone_iv/i2c/i2c_if/simulation/modelsim/i2c_8_1200mv_0c_slow.svo     ;
; /home/user/Projects/cyclone_iv/i2c/i2c_if/simulation/modelsim/i2c_min_1200mv_0c_fast.svo   ;
; /home/user/Projects/cyclone_iv/i2c/i2c_if/simulation/modelsim/i2c.svo                      ;
; /home/user/Projects/cyclone_iv/i2c/i2c_if/simulation/modelsim/i2c_8_1200mv_85c_v_slow.sdo  ;
; /home/user/Projects/cyclone_iv/i2c/i2c_if/simulation/modelsim/i2c_8_1200mv_0c_v_slow.sdo   ;
; /home/user/Projects/cyclone_iv/i2c/i2c_if/simulation/modelsim/i2c_min_1200mv_0c_v_fast.sdo ;
; /home/user/Projects/cyclone_iv/i2c/i2c_if/simulation/modelsim/i2c_v.sdo                    ;
+--------------------------------------------------------------------------------------------+


+-----------------------------+
; EDA Netlist Writer Messages ;
+-----------------------------+
Info: *******************************************************************
Info: Running Quartus Prime EDA Netlist Writer
    Info: Version 18.0.0 Build 614 04/24/2018 SJ Lite Edition
    Info: Processing started: Sun May 21 11:40:53 2023
Info: Command: quartus_eda --read_settings_files=off --write_settings_files=off i2c -c i2c
Info (204019): Generated file i2c_8_1200mv_85c_slow.svo in folder "/home/user/Projects/cyclone_iv/i2c/i2c_if/simulation/modelsim/" for EDA simulation tool
Info (204019): Generated file i2c_8_1200mv_0c_slow.svo in folder "/home/user/Projects/cyclone_iv/i2c/i2c_if/simulation/modelsim/" for EDA simulation tool
Info (204019): Generated file i2c_min_1200mv_0c_fast.svo in folder "/home/user/Projects/cyclone_iv/i2c/i2c_if/simulation/modelsim/" for EDA simulation tool
Info (204019): Generated file i2c.svo in folder "/home/user/Projects/cyclone_iv/i2c/i2c_if/simulation/modelsim/" for EDA simulation tool
Info (204019): Generated file i2c_8_1200mv_85c_v_slow.sdo in folder "/home/user/Projects/cyclone_iv/i2c/i2c_if/simulation/modelsim/" for EDA simulation tool
Info (204019): Generated file i2c_8_1200mv_0c_v_slow.sdo in folder "/home/user/Projects/cyclone_iv/i2c/i2c_if/simulation/modelsim/" for EDA simulation tool
Info (204019): Generated file i2c_min_1200mv_0c_v_fast.sdo in folder "/home/user/Projects/cyclone_iv/i2c/i2c_if/simulation/modelsim/" for EDA simulation tool
Info (204019): Generated file i2c_v.sdo in folder "/home/user/Projects/cyclone_iv/i2c/i2c_if/simulation/modelsim/" for EDA simulation tool
Info: Quartus Prime EDA Netlist Writer was successful. 0 errors, 0 warnings
    Info: Peak virtual memory: 1050 megabytes
    Info: Processing ended: Sun May 21 11:40:54 2023
    Info: Elapsed time: 00:00:01
    Info: Total CPU time (on all processors): 00:00:01


